[0.120s] Invoking command in '/home/user/ros2_ws/build/tortoisebot_waypoints_interface': CMAKE_PREFIX_PATH=/opt/ros/galactic:${CMAKE_PREFIX_PATH} _=/usr/bin/env /usr/bin/cmake --build /home/user/ros2_ws/build/tortoisebot_waypoints_interface -- -j8 -l8
[0.224s] [  3%] Built target tortoisebot_waypoints_interface__cpp
[0.234s] [ 12%] Built target tortoisebot_waypoints_interface__rosidl_generator_c
[0.288s] [ 22%] Built target tortoisebot_waypoints_interface__rosidl_typesupport_cpp
[0.303s] [ 32%] Built target tortoisebot_waypoints_interface__rosidl_typesupport_fastrtps_cpp
[0.314s] [ 51%] Built target tortoisebot_waypoints_interface__rosidl_typesupport_introspection_cpp
[0.314s] [ 51%] Built target tortoisebot_waypoints_interface__rosidl_typesupport_c
[0.315s] [ 61%] Built target tortoisebot_waypoints_interface__rosidl_typesupport_introspection_c
[0.392s] [ 70%] Built target tortoisebot_waypoints_interface__rosidl_typesupport_fastrtps_c
[0.421s] [ 70%] Built target tortoisebot_waypoints_interface
[0.452s] [ 74%] Built target tortoisebot_waypoints_interface__py
[0.509s] [ 80%] Built target tortoisebot_waypoints_interface__python
[0.570s] [ 87%] Built target tortoisebot_waypoints_interface__rosidl_typesupport_c__pyext
[0.577s] [ 93%] Built target tortoisebot_waypoints_interface__rosidl_typesupport_introspection_c__pyext
[0.578s] [100%] Built target tortoisebot_waypoints_interface__rosidl_typesupport_fastrtps_c__pyext
[0.592s] Invoked command in '/home/user/ros2_ws/build/tortoisebot_waypoints_interface' returned '0': CMAKE_PREFIX_PATH=/opt/ros/galactic:${CMAKE_PREFIX_PATH} _=/usr/bin/env /usr/bin/cmake --build /home/user/ros2_ws/build/tortoisebot_waypoints_interface -- -j8 -l8
[0.730s] Invoking command in '/home/user/ros2_ws/build/tortoisebot_waypoints_interface': CMAKE_PREFIX_PATH=/opt/ros/galactic:${CMAKE_PREFIX_PATH} _=/usr/bin/env /usr/bin/cmake --install /home/user/ros2_ws/build/tortoisebot_waypoints_interface
[0.748s] -- Install configuration: ""
[0.748s] -- Up-to-date: /home/user/ros2_ws/install/tortoisebot_waypoints_interface/share/ament_index/resource_index/rosidl_interfaces/tortoisebot_waypoints_interface
[0.748s] -- Up-to-date: /home/user/ros2_ws/install/tortoisebot_waypoints_interface/include/tortoisebot_waypoints_interface
[0.748s] -- Up-to-date: /home/user/ros2_ws/install/tortoisebot_waypoints_interface/include/tortoisebot_waypoints_interface/msg
[0.748s] -- Up-to-date: /home/user/ros2_ws/install/tortoisebot_waypoints_interface/include/tortoisebot_waypoints_interface/msg/rosidl_generator_c__visibility_control.h
[0.748s] -- Up-to-date: /home/user/ros2_ws/install/tortoisebot_waypoints_interface/include/tortoisebot_waypoints_interface/action
[0.748s] -- Up-to-date: /home/user/ros2_ws/install/tortoisebot_waypoints_interface/include/tortoisebot_waypoints_interface/action/detail
[0.748s] -- Up-to-date: /home/user/ros2_ws/install/tortoisebot_waypoints_interface/include/tortoisebot_waypoints_interface/action/detail/waypoint_action__type_support.h
[0.748s] -- Up-to-date: /home/user/ros2_ws/install/tortoisebot_waypoints_interface/include/tortoisebot_waypoints_interface/action/detail/waypoint_action__functions.h
[0.748s] -- Up-to-date: /home/user/ros2_ws/install/tortoisebot_waypoints_interface/include/tortoisebot_waypoints_interface/action/detail/waypoint_action__functions.c
[0.748s] -- Up-to-date: /home/user/ros2_ws/install/tortoisebot_waypoints_interface/include/tortoisebot_waypoints_interface/action/detail/waypoint_action__struct.h
[0.749s] -- Up-to-date: /home/user/ros2_ws/install/tortoisebot_waypoints_interface/include/tortoisebot_waypoints_interface/action/waypoint_action.h
[0.749s] -- Up-to-date: /home/user/ros2_ws/install/tortoisebot_waypoints_interface/share/tortoisebot_waypoints_interface/environment/library_path.sh
[0.749s] -- Up-to-date: /home/user/ros2_ws/install/tortoisebot_waypoints_interface/share/tortoisebot_waypoints_interface/environment/library_path.dsv
[0.749s] -- Up-to-date: /home/user/ros2_ws/install/tortoisebot_waypoints_interface/lib/libtortoisebot_waypoints_interface__rosidl_generator_c.so
[0.749s] -- Up-to-date: /home/user/ros2_ws/install/tortoisebot_waypoints_interface/include/tortoisebot_waypoints_interface
[0.749s] -- Up-to-date: /home/user/ros2_ws/install/tortoisebot_waypoints_interface/include/tortoisebot_waypoints_interface/msg
[0.749s] -- Up-to-date: /home/user/ros2_ws/install/tortoisebot_waypoints_interface/include/tortoisebot_waypoints_interface/msg/rosidl_typesupport_fastrtps_c__visibility_control.h
[0.749s] -- Up-to-date: /home/user/ros2_ws/install/tortoisebot_waypoints_interface/include/tortoisebot_waypoints_interface/action
[0.749s] -- Up-to-date: /home/user/ros2_ws/install/tortoisebot_waypoints_interface/include/tortoisebot_waypoints_interface/action/detail
[0.749s] -- Up-to-date: /home/user/ros2_ws/install/tortoisebot_waypoints_interface/include/tortoisebot_waypoints_interface/action/detail/waypoint_action__rosidl_typesupport_fastrtps_c.h
[0.749s] -- Up-to-date: /home/user/ros2_ws/install/tortoisebot_waypoints_interface/lib/libtortoisebot_waypoints_interface__rosidl_typesupport_fastrtps_c.so
[0.749s] -- Up-to-date: /home/user/ros2_ws/install/tortoisebot_waypoints_interface/include/tortoisebot_waypoints_interface
[0.750s] -- Up-to-date: /home/user/ros2_ws/install/tortoisebot_waypoints_interface/include/tortoisebot_waypoints_interface/msg
[0.750s] -- Up-to-date: /home/user/ros2_ws/install/tortoisebot_waypoints_interface/include/tortoisebot_waypoints_interface/msg/rosidl_typesupport_fastrtps_cpp__visibility_control.h
[0.750s] -- Up-to-date: /home/user/ros2_ws/install/tortoisebot_waypoints_interface/include/tortoisebot_waypoints_interface/action
[0.750s] -- Up-to-date: /home/user/ros2_ws/install/tortoisebot_waypoints_interface/include/tortoisebot_waypoints_interface/action/detail
[0.750s] -- Up-to-date: /home/user/ros2_ws/install/tortoisebot_waypoints_interface/include/tortoisebot_waypoints_interface/action/detail/dds_fastrtps
[0.750s] -- Up-to-date: /home/user/ros2_ws/install/tortoisebot_waypoints_interface/include/tortoisebot_waypoints_interface/action/detail/waypoint_action__rosidl_typesupport_fastrtps_cpp.hpp
[0.750s] -- Up-to-date: /home/user/ros2_ws/install/tortoisebot_waypoints_interface/lib/libtortoisebot_waypoints_interface__rosidl_typesupport_fastrtps_cpp.so
[0.750s] -- Up-to-date: /home/user/ros2_ws/install/tortoisebot_waypoints_interface/include/tortoisebot_waypoints_interface
[0.750s] -- Up-to-date: /home/user/ros2_ws/install/tortoisebot_waypoints_interface/include/tortoisebot_waypoints_interface/msg
[0.750s] -- Up-to-date: /home/user/ros2_ws/install/tortoisebot_waypoints_interface/include/tortoisebot_waypoints_interface/msg/rosidl_typesupport_introspection_c__visibility_control.h
[0.750s] -- Up-to-date: /home/user/ros2_ws/install/tortoisebot_waypoints_interface/include/tortoisebot_waypoints_interface/action
[0.750s] -- Up-to-date: /home/user/ros2_ws/install/tortoisebot_waypoints_interface/include/tortoisebot_waypoints_interface/action/detail
[0.750s] -- Up-to-date: /home/user/ros2_ws/install/tortoisebot_waypoints_interface/include/tortoisebot_waypoints_interface/action/detail/waypoint_action__type_support.c
[0.751s] -- Up-to-date: /home/user/ros2_ws/install/tortoisebot_waypoints_interface/include/tortoisebot_waypoints_interface/action/detail/waypoint_action__rosidl_typesupport_introspection_c.h
[0.751s] -- Up-to-date: /home/user/ros2_ws/install/tortoisebot_waypoints_interface/lib/libtortoisebot_waypoints_interface__rosidl_typesupport_introspection_c.so
[0.751s] -- Up-to-date: /home/user/ros2_ws/install/tortoisebot_waypoints_interface/lib/libtortoisebot_waypoints_interface__rosidl_typesupport_c.so
[0.751s] -- Up-to-date: /home/user/ros2_ws/install/tortoisebot_waypoints_interface/include/tortoisebot_waypoints_interface
[0.751s] -- Up-to-date: /home/user/ros2_ws/install/tortoisebot_waypoints_interface/include/tortoisebot_waypoints_interface/action
[0.751s] -- Up-to-date: /home/user/ros2_ws/install/tortoisebot_waypoints_interface/include/tortoisebot_waypoints_interface/action/detail
[0.751s] -- Up-to-date: /home/user/ros2_ws/install/tortoisebot_waypoints_interface/include/tortoisebot_waypoints_interface/action/detail/waypoint_action__builder.hpp
[0.751s] -- Up-to-date: /home/user/ros2_ws/install/tortoisebot_waypoints_interface/include/tortoisebot_waypoints_interface/action/detail/waypoint_action__struct.hpp
[0.751s] -- Up-to-date: /home/user/ros2_ws/install/tortoisebot_waypoints_interface/include/tortoisebot_waypoints_interface/action/detail/waypoint_action__traits.hpp
[0.751s] -- Up-to-date: /home/user/ros2_ws/install/tortoisebot_waypoints_interface/include/tortoisebot_waypoints_interface/action/waypoint_action.hpp
[0.751s] -- Up-to-date: /home/user/ros2_ws/install/tortoisebot_waypoints_interface/include/tortoisebot_waypoints_interface
[0.751s] -- Up-to-date: /home/user/ros2_ws/install/tortoisebot_waypoints_interface/include/tortoisebot_waypoints_interface/action
[0.752s] -- Up-to-date: /home/user/ros2_ws/install/tortoisebot_waypoints_interface/include/tortoisebot_waypoints_interface/action/detail
[0.752s] -- Up-to-date: /home/user/ros2_ws/install/tortoisebot_waypoints_interface/include/tortoisebot_waypoints_interface/action/detail/waypoint_action__rosidl_typesupport_introspection_cpp.hpp
[0.752s] -- Up-to-date: /home/user/ros2_ws/install/tortoisebot_waypoints_interface/include/tortoisebot_waypoints_interface/action/detail/waypoint_action__type_support.cpp
[0.752s] -- Up-to-date: /home/user/ros2_ws/install/tortoisebot_waypoints_interface/lib/libtortoisebot_waypoints_interface__rosidl_typesupport_introspection_cpp.so
[0.752s] -- Up-to-date: /home/user/ros2_ws/install/tortoisebot_waypoints_interface/lib/libtortoisebot_waypoints_interface__rosidl_typesupport_cpp.so
[0.752s] -- Up-to-date: /home/user/ros2_ws/install/tortoisebot_waypoints_interface/share/tortoisebot_waypoints_interface/environment/pythonpath.sh
[0.752s] -- Up-to-date: /home/user/ros2_ws/install/tortoisebot_waypoints_interface/share/tortoisebot_waypoints_interface/environment/pythonpath.dsv
[0.752s] -- Up-to-date: /home/user/ros2_ws/install/tortoisebot_waypoints_interface/lib/python3.8/site-packages/tortoisebot_waypoints_interface/__init__.py
[0.791s] -- Up-to-date: /home/user/ros2_ws/install/tortoisebot_waypoints_interface/lib/python3.8/site-packages/tortoisebot_waypoints_interface/action
[0.791s] -- Up-to-date: /home/user/ros2_ws/install/tortoisebot_waypoints_interface/lib/python3.8/site-packages/tortoisebot_waypoints_interface/action/_waypoint_action.py
[0.791s] -- Up-to-date: /home/user/ros2_ws/install/tortoisebot_waypoints_interface/lib/python3.8/site-packages/tortoisebot_waypoints_interface/action/_waypoint_action_s.c
[0.791s] -- Up-to-date: /home/user/ros2_ws/install/tortoisebot_waypoints_interface/lib/python3.8/site-packages/tortoisebot_waypoints_interface/action/__init__.py
[0.791s] -- Up-to-date: /home/user/ros2_ws/install/tortoisebot_waypoints_interface/lib/python3.8/site-packages/tortoisebot_waypoints_interface/tortoisebot_waypoints_interface_s__rosidl_typesupport_fastrtps_c.cpython-38-x86_64-linux-gnu.so
[0.792s] -- Up-to-date: /home/user/ros2_ws/install/tortoisebot_waypoints_interface/lib/python3.8/site-packages/tortoisebot_waypoints_interface/tortoisebot_waypoints_interface_s__rosidl_typesupport_introspection_c.cpython-38-x86_64-linux-gnu.so
[0.793s] -- Up-to-date: /home/user/ros2_ws/install/tortoisebot_waypoints_interface/lib/python3.8/site-packages/tortoisebot_waypoints_interface/tortoisebot_waypoints_interface_s__rosidl_typesupport_c.cpython-38-x86_64-linux-gnu.so
[0.794s] -- Up-to-date: /home/user/ros2_ws/install/tortoisebot_waypoints_interface/lib/libtortoisebot_waypoints_interface__python.so
[0.794s] -- Up-to-date: /home/user/ros2_ws/install/tortoisebot_waypoints_interface/share/tortoisebot_waypoints_interface/action/WaypointAction.idl
[0.795s] -- Up-to-date: /home/user/ros2_ws/install/tortoisebot_waypoints_interface/share/tortoisebot_waypoints_interface/action/WaypointAction.action
[0.795s] -- Up-to-date: /home/user/ros2_ws/install/tortoisebot_waypoints_interface/share/ament_index/resource_index/package_run_dependencies/tortoisebot_waypoints_interface
[0.795s] -- Up-to-date: /home/user/ros2_ws/install/tortoisebot_waypoints_interface/share/ament_index/resource_index/parent_prefix_path/tortoisebot_waypoints_interface
[0.795s] -- Up-to-date: /home/user/ros2_ws/install/tortoisebot_waypoints_interface/share/tortoisebot_waypoints_interface/environment/ament_prefix_path.sh
[0.795s] -- Up-to-date: /home/user/ros2_ws/install/tortoisebot_waypoints_interface/share/tortoisebot_waypoints_interface/environment/ament_prefix_path.dsv
[0.795s] -- Up-to-date: /home/user/ros2_ws/install/tortoisebot_waypoints_interface/share/tortoisebot_waypoints_interface/environment/path.sh
[0.796s] -- Up-to-date: /home/user/ros2_ws/install/tortoisebot_waypoints_interface/share/tortoisebot_waypoints_interface/environment/path.dsv
[0.796s] -- Up-to-date: /home/user/ros2_ws/install/tortoisebot_waypoints_interface/share/tortoisebot_waypoints_interface/local_setup.bash
[0.796s] -- Up-to-date: /home/user/ros2_ws/install/tortoisebot_waypoints_interface/share/tortoisebot_waypoints_interface/local_setup.sh
[0.796s] -- Up-to-date: /home/user/ros2_ws/install/tortoisebot_waypoints_interface/share/tortoisebot_waypoints_interface/local_setup.zsh
[0.796s] -- Up-to-date: /home/user/ros2_ws/install/tortoisebot_waypoints_interface/share/tortoisebot_waypoints_interface/local_setup.dsv
[0.796s] -- Installing: /home/user/ros2_ws/install/tortoisebot_waypoints_interface/share/tortoisebot_waypoints_interface/package.dsv
[0.796s] -- Up-to-date: /home/user/ros2_ws/install/tortoisebot_waypoints_interface/share/ament_index/resource_index/packages/tortoisebot_waypoints_interface
[0.796s] -- Up-to-date: /home/user/ros2_ws/install/tortoisebot_waypoints_interface/share/tortoisebot_waypoints_interface/cmake/tortoisebot_waypoints_interface__rosidl_generator_cExport.cmake
[0.797s] -- Up-to-date: /home/user/ros2_ws/install/tortoisebot_waypoints_interface/share/tortoisebot_waypoints_interface/cmake/tortoisebot_waypoints_interface__rosidl_generator_cExport-noconfig.cmake
[0.797s] -- Up-to-date: /home/user/ros2_ws/install/tortoisebot_waypoints_interface/share/tortoisebot_waypoints_interface/cmake/tortoisebot_waypoints_interface__rosidl_typesupport_introspection_cExport.cmake
[0.797s] -- Up-to-date: /home/user/ros2_ws/install/tortoisebot_waypoints_interface/share/tortoisebot_waypoints_interface/cmake/tortoisebot_waypoints_interface__rosidl_typesupport_introspection_cExport-noconfig.cmake
[0.797s] -- Up-to-date: /home/user/ros2_ws/install/tortoisebot_waypoints_interface/share/tortoisebot_waypoints_interface/cmake/tortoisebot_waypoints_interface__rosidl_typesupport_cExport.cmake
[0.797s] -- Up-to-date: /home/user/ros2_ws/install/tortoisebot_waypoints_interface/share/tortoisebot_waypoints_interface/cmake/tortoisebot_waypoints_interface__rosidl_typesupport_cExport-noconfig.cmake
[0.798s] -- Up-to-date: /home/user/ros2_ws/install/tortoisebot_waypoints_interface/share/tortoisebot_waypoints_interface/cmake/tortoisebot_waypoints_interface__rosidl_generator_cppExport.cmake
[0.798s] -- Up-to-date: /home/user/ros2_ws/install/tortoisebot_waypoints_interface/share/tortoisebot_waypoints_interface/cmake/tortoisebot_waypoints_interface__rosidl_typesupport_introspection_cppExport.cmake
[0.798s] -- Up-to-date: /home/user/ros2_ws/install/tortoisebot_waypoints_interface/share/tortoisebot_waypoints_interface/cmake/tortoisebot_waypoints_interface__rosidl_typesupport_introspection_cppExport-noconfig.cmake
[0.799s] -- Up-to-date: /home/user/ros2_ws/install/tortoisebot_waypoints_interface/share/tortoisebot_waypoints_interface/cmake/tortoisebot_waypoints_interface__rosidl_typesupport_cppExport.cmake
[0.799s] -- Up-to-date: /home/user/ros2_ws/install/tortoisebot_waypoints_interface/share/tortoisebot_waypoints_interface/cmake/tortoisebot_waypoints_interface__rosidl_typesupport_cppExport-noconfig.cmake
[0.799s] -- Up-to-date: /home/user/ros2_ws/install/tortoisebot_waypoints_interface/share/tortoisebot_waypoints_interface/cmake/rosidl_cmake-extras.cmake
[0.799s] -- Up-to-date: /home/user/ros2_ws/install/tortoisebot_waypoints_interface/share/tortoisebot_waypoints_interface/cmake/ament_cmake_export_dependencies-extras.cmake
[0.799s] -- Up-to-date: /home/user/ros2_ws/install/tortoisebot_waypoints_interface/share/tortoisebot_waypoints_interface/cmake/ament_cmake_export_libraries-extras.cmake
[0.800s] -- Up-to-date: /home/user/ros2_ws/install/tortoisebot_waypoints_interface/share/tortoisebot_waypoints_interface/cmake/ament_cmake_export_targets-extras.cmake
[0.800s] -- Up-to-date: /home/user/ros2_ws/install/tortoisebot_waypoints_interface/share/tortoisebot_waypoints_interface/cmake/ament_cmake_export_include_directories-extras.cmake
[0.800s] -- Up-to-date: /home/user/ros2_ws/install/tortoisebot_waypoints_interface/share/tortoisebot_waypoints_interface/cmake/rosidl_cmake_export_typesupport_libraries-extras.cmake
[0.800s] -- Up-to-date: /home/user/ros2_ws/install/tortoisebot_waypoints_interface/share/tortoisebot_waypoints_interface/cmake/rosidl_cmake_export_typesupport_targets-extras.cmake
[0.800s] -- Up-to-date: /home/user/ros2_ws/install/tortoisebot_waypoints_interface/share/tortoisebot_waypoints_interface/cmake/tortoisebot_waypoints_interfaceConfig.cmake
[0.800s] -- Up-to-date: /home/user/ros2_ws/install/tortoisebot_waypoints_interface/share/tortoisebot_waypoints_interface/cmake/tortoisebot_waypoints_interfaceConfig-version.cmake
[0.800s] -- Up-to-date: /home/user/ros2_ws/install/tortoisebot_waypoints_interface/share/tortoisebot_waypoints_interface/package.xml
[0.806s] Invoked command in '/home/user/ros2_ws/build/tortoisebot_waypoints_interface' returned '0': CMAKE_PREFIX_PATH=/opt/ros/galactic:${CMAKE_PREFIX_PATH} _=/usr/bin/env /usr/bin/cmake --install /home/user/ros2_ws/build/tortoisebot_waypoints_interface
