[0.063s] Invoking command in '/home/user/ros2_ws/build/tortoisebot_slam': CMAKE_PREFIX_PATH=/opt/ros/galactic:${CMAKE_PREFIX_PATH} _=/usr/bin/env /usr/bin/cmake /home/user/ros2_ws/src/tortoisebot/tortoisebot_slam -DCMAKE_INSTALL_PREFIX=/home/user/ros2_ws/install/tortoisebot_slam
[8.547s] -- The C compiler identification is GNU 9.4.0
[8.548s] -- The CXX compiler identification is GNU 9.4.0
[8.549s] -- Check for working C compiler: /usr/bin/cc
[8.549s] -- Check for working C compiler: /usr/bin/cc -- works
[8.549s] -- Detecting C compiler ABI info
[8.552s] -- Detecting C compiler ABI info - done
[8.552s] -- Detecting C compile features
[8.553s] -- Detecting C compile features - done
[8.554s] -- Check for working CXX compiler: /usr/bin/c++
[8.556s] -- Check for working CXX compiler: /usr/bin/c++ -- works
[8.557s] -- Detecting CXX compiler ABI info
[8.557s] -- Detecting CXX compiler ABI info - done
[8.557s] -- Detecting CXX compile features
[8.558s] -- Detecting CXX compile features - done
[8.559s] -- Found ament_cmake: 1.1.5 (/opt/ros/galactic/share/ament_cmake/cmake)
[8.561s] -- Found PythonInterp: /usr/bin/python3 (found suitable version "3.8.10", minimum required is "3") 
[8.562s] -- Using PYTHON_EXECUTABLE: /usr/bin/python3
[8.562s] -- Found ament_lint_auto: 0.10.7 (/opt/ros/galactic/share/ament_lint_auto/cmake)
[8.562s] -- Added test 'copyright' to check source files copyright and LICENSE
[8.562s] -- Added test 'flake8' to check Python code syntax and style conventions
[8.562s] -- Added test 'lint_cmake' to check CMake code style
[8.563s] -- Added test 'pep257' to check Python code against some of the style conventions in PEP 257
[8.563s] -- Added test 'xmllint' to check XML markup files
[8.565s] -- Configuring done
[8.565s] -- Generating done
[8.565s] -- Build files have been written to: /home/user/ros2_ws/build/tortoisebot_slam
[8.578s] Invoked command in '/home/user/ros2_ws/build/tortoisebot_slam' returned '0': CMAKE_PREFIX_PATH=/opt/ros/galactic:${CMAKE_PREFIX_PATH} _=/usr/bin/env /usr/bin/cmake /home/user/ros2_ws/src/tortoisebot/tortoisebot_slam -DCMAKE_INSTALL_PREFIX=/home/user/ros2_ws/install/tortoisebot_slam
[8.578s] Invoking command in '/home/user/ros2_ws/build/tortoisebot_slam': CMAKE_PREFIX_PATH=/opt/ros/galactic:${CMAKE_PREFIX_PATH} _=/usr/bin/env /usr/bin/cmake --build /home/user/ros2_ws/build/tortoisebot_slam -- -j8 -l8
[8.633s] Invoked command in '/home/user/ros2_ws/build/tortoisebot_slam' returned '0': CMAKE_PREFIX_PATH=/opt/ros/galactic:${CMAKE_PREFIX_PATH} _=/usr/bin/env /usr/bin/cmake --build /home/user/ros2_ws/build/tortoisebot_slam -- -j8 -l8
[8.704s] Invoking command in '/home/user/ros2_ws/build/tortoisebot_slam': CMAKE_PREFIX_PATH=/opt/ros/galactic:${CMAKE_PREFIX_PATH} _=/usr/bin/env /usr/bin/cmake --install /home/user/ros2_ws/build/tortoisebot_slam
[8.720s] -- Install configuration: ""
[8.720s] -- Installing: /home/user/ros2_ws/install/tortoisebot_slam/share/tortoisebot_slam/launch
[8.720s] -- Installing: /home/user/ros2_ws/install/tortoisebot_slam/share/tortoisebot_slam/launch/cartographer.launch.py
[8.721s] -- Installing: /home/user/ros2_ws/install/tortoisebot_slam/share/tortoisebot_slam/config
[8.722s] -- Installing: /home/user/ros2_ws/install/tortoisebot_slam/share/tortoisebot_slam/config/ekf.yaml
[8.724s] -- Installing: /home/user/ros2_ws/install/tortoisebot_slam/share/tortoisebot_slam/config/2d_localization.lua
[8.724s] -- Installing: /home/user/ros2_ws/install/tortoisebot_slam/share/tortoisebot_slam/config/2d_slam.lua
[8.725s] -- Installing: /home/user/ros2_ws/install/tortoisebot_slam/share/tortoisebot_slam/config/mapping.rviz
[8.727s] -- Installing: /home/user/ros2_ws/install/tortoisebot_slam/share/ament_index/resource_index/package_run_dependencies/tortoisebot_slam
[8.727s] -- Installing: /home/user/ros2_ws/install/tortoisebot_slam/share/ament_index/resource_index/parent_prefix_path/tortoisebot_slam
[8.728s] -- Installing: /home/user/ros2_ws/install/tortoisebot_slam/share/tortoisebot_slam/environment/ament_prefix_path.sh
[8.729s] -- Installing: /home/user/ros2_ws/install/tortoisebot_slam/share/tortoisebot_slam/environment/ament_prefix_path.dsv
[8.730s] -- Installing: /home/user/ros2_ws/install/tortoisebot_slam/share/tortoisebot_slam/environment/path.sh
[8.730s] -- Installing: /home/user/ros2_ws/install/tortoisebot_slam/share/tortoisebot_slam/environment/path.dsv
[8.732s] -- Installing: /home/user/ros2_ws/install/tortoisebot_slam/share/tortoisebot_slam/local_setup.bash
[8.732s] -- Installing: /home/user/ros2_ws/install/tortoisebot_slam/share/tortoisebot_slam/local_setup.sh
[8.732s] -- Installing: /home/user/ros2_ws/install/tortoisebot_slam/share/tortoisebot_slam/local_setup.zsh
[8.732s] -- Installing: /home/user/ros2_ws/install/tortoisebot_slam/share/tortoisebot_slam/local_setup.dsv
[8.732s] -- Installing: /home/user/ros2_ws/install/tortoisebot_slam/share/tortoisebot_slam/package.dsv
[8.733s] -- Installing: /home/user/ros2_ws/install/tortoisebot_slam/share/ament_index/resource_index/packages/tortoisebot_slam
[8.733s] -- Installing: /home/user/ros2_ws/install/tortoisebot_slam/share/tortoisebot_slam/cmake/tortoisebot_slamConfig.cmake
[8.733s] -- Installing: /home/user/ros2_ws/install/tortoisebot_slam/share/tortoisebot_slam/cmake/tortoisebot_slamConfig-version.cmake
[8.733s] -- Installing: /home/user/ros2_ws/install/tortoisebot_slam/share/tortoisebot_slam/package.xml
[8.768s] Invoked command in '/home/user/ros2_ws/build/tortoisebot_slam' returned '0': CMAKE_PREFIX_PATH=/opt/ros/galactic:${CMAKE_PREFIX_PATH} _=/usr/bin/env /usr/bin/cmake --install /home/user/ros2_ws/build/tortoisebot_slam
