[0.466s] DEBUG:colcon:Command line arguments: ['/usr/bin/colcon', 'build', '--packages-select', 'tortoisebot_waypoints']
[0.467s] DEBUG:colcon:Parsed command line arguments: Namespace(allow_overriding=[], ament_cmake_args=None, base_paths=['.'], bazel_args=None, bazel_task=None, build_base='build', catkin_cmake_args=None, catkin_skip_building_tests=False, cmake_args=None, cmake_clean_cache=False, cmake_clean_first=False, cmake_force_configure=False, cmake_target=None, cmake_target_skip_unavailable=False, continue_on_error=False, event_handlers=None, executor='parallel', ignore_user_meta=False, install_base='install', log_base=None, log_level=None, main=<bound method BuildVerb.main of <colcon_core.verb.build.BuildVerb object at 0x7fedf0aa3b80>>, merge_install=False, metas=['./colcon.meta'], mixin=None, mixin_files=None, mixin_verb=('build',), packages_above=None, packages_above_and_dependencies=None, packages_above_depth=None, packages_end=None, packages_ignore=None, packages_ignore_regex=None, packages_select=['tortoisebot_waypoints'], packages_select_build_failed=False, packages_select_by_dep=None, packages_select_regex=None, packages_select_test_failures=False, packages_skip=None, packages_skip_build_finished=False, packages_skip_by_dep=None, packages_skip_regex=None, packages_skip_test_passed=False, packages_skip_up_to=None, packages_start=None, packages_up_to=None, packages_up_to_regex=None, parallel_workers=8, paths=None, symlink_install=False, test_result_base=None, verb_extension=<colcon_core.verb.build.BuildVerb object at 0x7fedf0aa3b80>, verb_name='build', verb_parser=<colcon_alias.argument_parser.alias.AliasArgumentDecorator object at 0x7fedf0aaaac0>)
[0.524s] Level 1:colcon.colcon_core.package_discovery:discover_packages(colcon_meta) check parameters
[0.524s] Level 1:colcon.colcon_core.package_discovery:discover_packages(recursive) check parameters
[0.524s] Level 1:colcon.colcon_core.package_discovery:discover_packages(ignore) check parameters
[0.524s] Level 1:colcon.colcon_core.package_discovery:discover_packages(path) check parameters
[0.524s] Level 1:colcon.colcon_core.package_discovery:discover_packages(colcon_meta) discover
[0.525s] Level 1:colcon.colcon_core.package_discovery:discover_packages(recursive) discover
[0.525s] INFO:colcon.colcon_core.package_discovery:Crawling recursively for packages in '/home/user/ros2_ws'
[0.525s] Level 1:colcon.colcon_core.package_identification:_identify(.) by extensions ['ignore', 'ignore_ament_install']
[0.525s] Level 1:colcon.colcon_core.package_identification:_identify(.) by extension 'ignore'
[0.525s] Level 1:colcon.colcon_core.package_identification:_identify(.) by extension 'ignore_ament_install'
[0.525s] Level 1:colcon.colcon_core.package_identification:_identify(.) by extensions ['colcon_pkg']
[0.525s] Level 1:colcon.colcon_core.package_identification:_identify(.) by extension 'colcon_pkg'
[0.525s] Level 1:colcon.colcon_core.package_identification:_identify(.) by extensions ['colcon_meta']
[0.525s] Level 1:colcon.colcon_core.package_identification:_identify(.) by extension 'colcon_meta'
[0.525s] Level 1:colcon.colcon_core.package_identification:_identify(.) by extensions ['ros']
[0.525s] Level 1:colcon.colcon_core.package_identification:_identify(.) by extension 'ros'
[0.530s] Level 1:colcon.colcon_core.package_identification:_identify(.) by extensions ['bazel', 'cmake', 'python']
[0.530s] Level 1:colcon.colcon_core.package_identification:_identify(.) by extension 'bazel'
[0.530s] Level 1:colcon.colcon_core.package_identification:_identify(.) by extension 'cmake'
[0.530s] Level 1:colcon.colcon_core.package_identification:_identify(.) by extension 'python'
[0.530s] Level 1:colcon.colcon_core.package_identification:_identify(.) by extensions ['python_setup_py']
[0.530s] Level 1:colcon.colcon_core.package_identification:_identify(.) by extension 'python_setup_py'
[0.531s] Level 1:colcon.colcon_core.package_identification:_identify(Testing) by extensions ['ignore', 'ignore_ament_install']
[0.531s] Level 1:colcon.colcon_core.package_identification:_identify(Testing) by extension 'ignore'
[0.531s] Level 1:colcon.colcon_core.package_identification:_identify(Testing) by extension 'ignore_ament_install'
[0.531s] Level 1:colcon.colcon_core.package_identification:_identify(Testing) by extensions ['colcon_pkg']
[0.531s] Level 1:colcon.colcon_core.package_identification:_identify(Testing) by extension 'colcon_pkg'
[0.531s] Level 1:colcon.colcon_core.package_identification:_identify(Testing) by extensions ['colcon_meta']
[0.531s] Level 1:colcon.colcon_core.package_identification:_identify(Testing) by extension 'colcon_meta'
[0.531s] Level 1:colcon.colcon_core.package_identification:_identify(Testing) by extensions ['ros']
[0.531s] Level 1:colcon.colcon_core.package_identification:_identify(Testing) by extension 'ros'
[0.531s] Level 1:colcon.colcon_core.package_identification:_identify(Testing) by extensions ['bazel', 'cmake', 'python']
[0.531s] Level 1:colcon.colcon_core.package_identification:_identify(Testing) by extension 'bazel'
[0.532s] Level 1:colcon.colcon_core.package_identification:_identify(Testing) by extension 'cmake'
[0.532s] Level 1:colcon.colcon_core.package_identification:_identify(Testing) by extension 'python'
[0.532s] Level 1:colcon.colcon_core.package_identification:_identify(Testing) by extensions ['python_setup_py']
[0.532s] Level 1:colcon.colcon_core.package_identification:_identify(Testing) by extension 'python_setup_py'
[0.532s] Level 1:colcon.colcon_core.package_identification:_identify(Testing/Temporary) by extensions ['ignore', 'ignore_ament_install']
[0.532s] Level 1:colcon.colcon_core.package_identification:_identify(Testing/Temporary) by extension 'ignore'
[0.532s] Level 1:colcon.colcon_core.package_identification:_identify(Testing/Temporary) by extension 'ignore_ament_install'
[0.532s] Level 1:colcon.colcon_core.package_identification:_identify(Testing/Temporary) by extensions ['colcon_pkg']
[0.532s] Level 1:colcon.colcon_core.package_identification:_identify(Testing/Temporary) by extension 'colcon_pkg'
[0.532s] Level 1:colcon.colcon_core.package_identification:_identify(Testing/Temporary) by extensions ['colcon_meta']
[0.532s] Level 1:colcon.colcon_core.package_identification:_identify(Testing/Temporary) by extension 'colcon_meta'
[0.532s] Level 1:colcon.colcon_core.package_identification:_identify(Testing/Temporary) by extensions ['ros']
[0.533s] Level 1:colcon.colcon_core.package_identification:_identify(Testing/Temporary) by extension 'ros'
[0.533s] Level 1:colcon.colcon_core.package_identification:_identify(Testing/Temporary) by extensions ['bazel', 'cmake', 'python']
[0.533s] Level 1:colcon.colcon_core.package_identification:_identify(Testing/Temporary) by extension 'bazel'
[0.533s] Level 1:colcon.colcon_core.package_identification:_identify(Testing/Temporary) by extension 'cmake'
[0.533s] Level 1:colcon.colcon_core.package_identification:_identify(Testing/Temporary) by extension 'python'
[0.533s] Level 1:colcon.colcon_core.package_identification:_identify(Testing/Temporary) by extensions ['python_setup_py']
[0.533s] Level 1:colcon.colcon_core.package_identification:_identify(Testing/Temporary) by extension 'python_setup_py'
[0.533s] Level 1:colcon.colcon_core.package_identification:_identify(build) by extensions ['ignore', 'ignore_ament_install']
[0.533s] Level 1:colcon.colcon_core.package_identification:_identify(build) by extension 'ignore'
[0.533s] Level 1:colcon.colcon_core.package_identification:_identify(build) ignored
[0.534s] Level 1:colcon.colcon_core.package_identification:_identify(install) by extensions ['ignore', 'ignore_ament_install']
[0.534s] Level 1:colcon.colcon_core.package_identification:_identify(install) by extension 'ignore'
[0.534s] Level 1:colcon.colcon_core.package_identification:_identify(install) ignored
[0.534s] Level 1:colcon.colcon_core.package_identification:_identify(log) by extensions ['ignore', 'ignore_ament_install']
[0.534s] Level 1:colcon.colcon_core.package_identification:_identify(log) by extension 'ignore'
[0.534s] Level 1:colcon.colcon_core.package_identification:_identify(log) ignored
[0.534s] Level 1:colcon.colcon_core.package_identification:_identify(src) by extensions ['ignore', 'ignore_ament_install']
[0.534s] Level 1:colcon.colcon_core.package_identification:_identify(src) by extension 'ignore'
[0.535s] Level 1:colcon.colcon_core.package_identification:_identify(src) by extension 'ignore_ament_install'
[0.535s] Level 1:colcon.colcon_core.package_identification:_identify(src) by extensions ['colcon_pkg']
[0.535s] Level 1:colcon.colcon_core.package_identification:_identify(src) by extension 'colcon_pkg'
[0.535s] Level 1:colcon.colcon_core.package_identification:_identify(src) by extensions ['colcon_meta']
[0.535s] Level 1:colcon.colcon_core.package_identification:_identify(src) by extension 'colcon_meta'
[0.535s] Level 1:colcon.colcon_core.package_identification:_identify(src) by extensions ['ros']
[0.535s] Level 1:colcon.colcon_core.package_identification:_identify(src) by extension 'ros'
[0.535s] Level 1:colcon.colcon_core.package_identification:_identify(src) by extensions ['bazel', 'cmake', 'python']
[0.535s] Level 1:colcon.colcon_core.package_identification:_identify(src) by extension 'bazel'
[0.535s] Level 1:colcon.colcon_core.package_identification:_identify(src) by extension 'cmake'
[0.535s] Level 1:colcon.colcon_core.package_identification:_identify(src) by extension 'python'
[0.535s] Level 1:colcon.colcon_core.package_identification:_identify(src) by extensions ['python_setup_py']
[0.535s] Level 1:colcon.colcon_core.package_identification:_identify(src) by extension 'python_setup_py'
[0.536s] Level 1:colcon.colcon_core.package_identification:_identify(src/build) by extensions ['ignore', 'ignore_ament_install']
[0.536s] Level 1:colcon.colcon_core.package_identification:_identify(src/build) by extension 'ignore'
[0.536s] Level 1:colcon.colcon_core.package_identification:_identify(src/build) ignored
[0.536s] Level 1:colcon.colcon_core.package_identification:_identify(src/install) by extensions ['ignore', 'ignore_ament_install']
[0.536s] Level 1:colcon.colcon_core.package_identification:_identify(src/install) by extension 'ignore'
[0.536s] Level 1:colcon.colcon_core.package_identification:_identify(src/install) ignored
[0.536s] Level 1:colcon.colcon_core.package_identification:_identify(src/log) by extensions ['ignore', 'ignore_ament_install']
[0.536s] Level 1:colcon.colcon_core.package_identification:_identify(src/log) by extension 'ignore'
[0.536s] Level 1:colcon.colcon_core.package_identification:_identify(src/log) ignored
[0.537s] Level 1:colcon.colcon_core.package_identification:_identify(src/tortoisebot) by extensions ['ignore', 'ignore_ament_install']
[0.537s] Level 1:colcon.colcon_core.package_identification:_identify(src/tortoisebot) by extension 'ignore'
[0.537s] Level 1:colcon.colcon_core.package_identification:_identify(src/tortoisebot) by extension 'ignore_ament_install'
[0.537s] Level 1:colcon.colcon_core.package_identification:_identify(src/tortoisebot) by extensions ['colcon_pkg']
[0.537s] Level 1:colcon.colcon_core.package_identification:_identify(src/tortoisebot) by extension 'colcon_pkg'
[0.537s] Level 1:colcon.colcon_core.package_identification:_identify(src/tortoisebot) by extensions ['colcon_meta']
[0.537s] Level 1:colcon.colcon_core.package_identification:_identify(src/tortoisebot) by extension 'colcon_meta'
[0.537s] Level 1:colcon.colcon_core.package_identification:_identify(src/tortoisebot) by extensions ['ros']
[0.537s] Level 1:colcon.colcon_core.package_identification:_identify(src/tortoisebot) by extension 'ros'
[0.537s] Level 1:colcon.colcon_core.package_identification:_identify(src/tortoisebot) by extensions ['bazel', 'cmake', 'python']
[0.537s] Level 1:colcon.colcon_core.package_identification:_identify(src/tortoisebot) by extension 'bazel'
[0.537s] Level 1:colcon.colcon_core.package_identification:_identify(src/tortoisebot) by extension 'cmake'
[0.538s] Level 1:colcon.colcon_core.package_identification:_identify(src/tortoisebot) by extension 'python'
[0.538s] Level 1:colcon.colcon_core.package_identification:_identify(src/tortoisebot) by extensions ['python_setup_py']
[0.538s] Level 1:colcon.colcon_core.package_identification:_identify(src/tortoisebot) by extension 'python_setup_py'
[0.538s] Level 1:colcon.colcon_core.package_identification:_identify(src/tortoisebot/tortoisebot_bringup) by extensions ['ignore', 'ignore_ament_install']
[0.538s] Level 1:colcon.colcon_core.package_identification:_identify(src/tortoisebot/tortoisebot_bringup) by extension 'ignore'
[0.538s] Level 1:colcon.colcon_core.package_identification:_identify(src/tortoisebot/tortoisebot_bringup) by extension 'ignore_ament_install'
[0.538s] Level 1:colcon.colcon_core.package_identification:_identify(src/tortoisebot/tortoisebot_bringup) by extensions ['colcon_pkg']
[0.538s] Level 1:colcon.colcon_core.package_identification:_identify(src/tortoisebot/tortoisebot_bringup) by extension 'colcon_pkg'
[0.538s] Level 1:colcon.colcon_core.package_identification:_identify(src/tortoisebot/tortoisebot_bringup) by extensions ['colcon_meta']
[0.538s] Level 1:colcon.colcon_core.package_identification:_identify(src/tortoisebot/tortoisebot_bringup) by extension 'colcon_meta'
[0.538s] Level 1:colcon.colcon_core.package_identification:_identify(src/tortoisebot/tortoisebot_bringup) by extensions ['ros']
[0.538s] Level 1:colcon.colcon_core.package_identification:_identify(src/tortoisebot/tortoisebot_bringup) by extension 'ros'
[0.542s] DEBUG:colcon.colcon_core.package_identification:Package 'src/tortoisebot/tortoisebot_bringup' with type 'ros.ament_cmake' and name 'tortoisebot_bringup'
[0.543s] Level 1:colcon.colcon_core.package_identification:_identify(src/tortoisebot/tortoisebot_control) by extensions ['ignore', 'ignore_ament_install']
[0.543s] Level 1:colcon.colcon_core.package_identification:_identify(src/tortoisebot/tortoisebot_control) by extension 'ignore'
[0.543s] Level 1:colcon.colcon_core.package_identification:_identify(src/tortoisebot/tortoisebot_control) ignored
[0.543s] Level 1:colcon.colcon_core.package_identification:_identify(src/tortoisebot/tortoisebot_description) by extensions ['ignore', 'ignore_ament_install']
[0.543s] Level 1:colcon.colcon_core.package_identification:_identify(src/tortoisebot/tortoisebot_description) by extension 'ignore'
[0.543s] Level 1:colcon.colcon_core.package_identification:_identify(src/tortoisebot/tortoisebot_description) by extension 'ignore_ament_install'
[0.543s] Level 1:colcon.colcon_core.package_identification:_identify(src/tortoisebot/tortoisebot_description) by extensions ['colcon_pkg']
[0.543s] Level 1:colcon.colcon_core.package_identification:_identify(src/tortoisebot/tortoisebot_description) by extension 'colcon_pkg'
[0.543s] Level 1:colcon.colcon_core.package_identification:_identify(src/tortoisebot/tortoisebot_description) by extensions ['colcon_meta']
[0.543s] Level 1:colcon.colcon_core.package_identification:_identify(src/tortoisebot/tortoisebot_description) by extension 'colcon_meta'
[0.544s] Level 1:colcon.colcon_core.package_identification:_identify(src/tortoisebot/tortoisebot_description) by extensions ['ros']
[0.544s] Level 1:colcon.colcon_core.package_identification:_identify(src/tortoisebot/tortoisebot_description) by extension 'ros'
[0.544s] DEBUG:colcon.colcon_core.package_identification:Package 'src/tortoisebot/tortoisebot_description' with type 'ros.ament_cmake' and name 'tortoisebot_description'
[0.545s] Level 1:colcon.colcon_core.package_identification:_identify(src/tortoisebot/tortoisebot_firmware) by extensions ['ignore', 'ignore_ament_install']
[0.545s] Level 1:colcon.colcon_core.package_identification:_identify(src/tortoisebot/tortoisebot_firmware) by extension 'ignore'
[0.545s] Level 1:colcon.colcon_core.package_identification:_identify(src/tortoisebot/tortoisebot_firmware) by extension 'ignore_ament_install'
[0.545s] Level 1:colcon.colcon_core.package_identification:_identify(src/tortoisebot/tortoisebot_firmware) by extensions ['colcon_pkg']
[0.545s] Level 1:colcon.colcon_core.package_identification:_identify(src/tortoisebot/tortoisebot_firmware) by extension 'colcon_pkg'
[0.545s] Level 1:colcon.colcon_core.package_identification:_identify(src/tortoisebot/tortoisebot_firmware) by extensions ['colcon_meta']
[0.545s] Level 1:colcon.colcon_core.package_identification:_identify(src/tortoisebot/tortoisebot_firmware) by extension 'colcon_meta'
[0.545s] Level 1:colcon.colcon_core.package_identification:_identify(src/tortoisebot/tortoisebot_firmware) by extensions ['ros']
[0.545s] Level 1:colcon.colcon_core.package_identification:_identify(src/tortoisebot/tortoisebot_firmware) by extension 'ros'
[0.546s] DEBUG:colcon.colcon_core.package_identification:Package 'src/tortoisebot/tortoisebot_firmware' with type 'ros.ament_cmake' and name 'tortoisebot_firmware'
[0.547s] Level 1:colcon.colcon_core.package_identification:_identify(src/tortoisebot/tortoisebot_gazebo) by extensions ['ignore', 'ignore_ament_install']
[0.547s] Level 1:colcon.colcon_core.package_identification:_identify(src/tortoisebot/tortoisebot_gazebo) by extension 'ignore'
[0.547s] Level 1:colcon.colcon_core.package_identification:_identify(src/tortoisebot/tortoisebot_gazebo) by extension 'ignore_ament_install'
[0.547s] Level 1:colcon.colcon_core.package_identification:_identify(src/tortoisebot/tortoisebot_gazebo) by extensions ['colcon_pkg']
[0.547s] Level 1:colcon.colcon_core.package_identification:_identify(src/tortoisebot/tortoisebot_gazebo) by extension 'colcon_pkg'
[0.547s] Level 1:colcon.colcon_core.package_identification:_identify(src/tortoisebot/tortoisebot_gazebo) by extensions ['colcon_meta']
[0.547s] Level 1:colcon.colcon_core.package_identification:_identify(src/tortoisebot/tortoisebot_gazebo) by extension 'colcon_meta'
[0.547s] Level 1:colcon.colcon_core.package_identification:_identify(src/tortoisebot/tortoisebot_gazebo) by extensions ['ros']
[0.547s] Level 1:colcon.colcon_core.package_identification:_identify(src/tortoisebot/tortoisebot_gazebo) by extension 'ros'
[0.548s] DEBUG:colcon.colcon_core.package_identification:Package 'src/tortoisebot/tortoisebot_gazebo' with type 'ros.ament_cmake' and name 'tortoisebot_gazebo'
[0.548s] Level 1:colcon.colcon_core.package_identification:_identify(src/tortoisebot/tortoisebot_navigation) by extensions ['ignore', 'ignore_ament_install']
[0.548s] Level 1:colcon.colcon_core.package_identification:_identify(src/tortoisebot/tortoisebot_navigation) by extension 'ignore'
[0.549s] Level 1:colcon.colcon_core.package_identification:_identify(src/tortoisebot/tortoisebot_navigation) by extension 'ignore_ament_install'
[0.549s] Level 1:colcon.colcon_core.package_identification:_identify(src/tortoisebot/tortoisebot_navigation) by extensions ['colcon_pkg']
[0.549s] Level 1:colcon.colcon_core.package_identification:_identify(src/tortoisebot/tortoisebot_navigation) by extension 'colcon_pkg'
[0.549s] Level 1:colcon.colcon_core.package_identification:_identify(src/tortoisebot/tortoisebot_navigation) by extensions ['colcon_meta']
[0.549s] Level 1:colcon.colcon_core.package_identification:_identify(src/tortoisebot/tortoisebot_navigation) by extension 'colcon_meta'
[0.549s] Level 1:colcon.colcon_core.package_identification:_identify(src/tortoisebot/tortoisebot_navigation) by extensions ['ros']
[0.549s] Level 1:colcon.colcon_core.package_identification:_identify(src/tortoisebot/tortoisebot_navigation) by extension 'ros'
[0.550s] DEBUG:colcon.colcon_core.package_identification:Package 'src/tortoisebot/tortoisebot_navigation' with type 'ros.ament_cmake' and name 'tortoisebot_navigation'
[0.550s] Level 1:colcon.colcon_core.package_identification:_identify(src/tortoisebot/tortoisebot_slam) by extensions ['ignore', 'ignore_ament_install']
[0.550s] Level 1:colcon.colcon_core.package_identification:_identify(src/tortoisebot/tortoisebot_slam) by extension 'ignore'
[0.550s] Level 1:colcon.colcon_core.package_identification:_identify(src/tortoisebot/tortoisebot_slam) by extension 'ignore_ament_install'
[0.550s] Level 1:colcon.colcon_core.package_identification:_identify(src/tortoisebot/tortoisebot_slam) by extensions ['colcon_pkg']
[0.550s] Level 1:colcon.colcon_core.package_identification:_identify(src/tortoisebot/tortoisebot_slam) by extension 'colcon_pkg'
[0.550s] Level 1:colcon.colcon_core.package_identification:_identify(src/tortoisebot/tortoisebot_slam) by extensions ['colcon_meta']
[0.550s] Level 1:colcon.colcon_core.package_identification:_identify(src/tortoisebot/tortoisebot_slam) by extension 'colcon_meta'
[0.550s] Level 1:colcon.colcon_core.package_identification:_identify(src/tortoisebot/tortoisebot_slam) by extensions ['ros']
[0.551s] Level 1:colcon.colcon_core.package_identification:_identify(src/tortoisebot/tortoisebot_slam) by extension 'ros'
[0.551s] DEBUG:colcon.colcon_core.package_identification:Package 'src/tortoisebot/tortoisebot_slam' with type 'ros.ament_cmake' and name 'tortoisebot_slam'
[0.551s] Level 1:colcon.colcon_core.package_identification:_identify(src/tortoisebot/ydlidar-ros2) by extensions ['ignore', 'ignore_ament_install']
[0.552s] Level 1:colcon.colcon_core.package_identification:_identify(src/tortoisebot/ydlidar-ros2) by extension 'ignore'
[0.552s] Level 1:colcon.colcon_core.package_identification:_identify(src/tortoisebot/ydlidar-ros2) by extension 'ignore_ament_install'
[0.552s] Level 1:colcon.colcon_core.package_identification:_identify(src/tortoisebot/ydlidar-ros2) by extensions ['colcon_pkg']
[0.552s] Level 1:colcon.colcon_core.package_identification:_identify(src/tortoisebot/ydlidar-ros2) by extension 'colcon_pkg'
[0.552s] Level 1:colcon.colcon_core.package_identification:_identify(src/tortoisebot/ydlidar-ros2) by extensions ['colcon_meta']
[0.552s] Level 1:colcon.colcon_core.package_identification:_identify(src/tortoisebot/ydlidar-ros2) by extension 'colcon_meta'
[0.552s] Level 1:colcon.colcon_core.package_identification:_identify(src/tortoisebot/ydlidar-ros2) by extensions ['ros']
[0.552s] Level 1:colcon.colcon_core.package_identification:_identify(src/tortoisebot/ydlidar-ros2) by extension 'ros'
[0.553s] DEBUG:colcon.colcon_core.package_identification:Package 'src/tortoisebot/ydlidar-ros2' with type 'ros.ament_cmake' and name 'ydlidar'
[0.553s] Level 1:colcon.colcon_core.package_identification:_identify(src/tortoisebot_waypoints) by extensions ['ignore', 'ignore_ament_install']
[0.553s] Level 1:colcon.colcon_core.package_identification:_identify(src/tortoisebot_waypoints) by extension 'ignore'
[0.553s] Level 1:colcon.colcon_core.package_identification:_identify(src/tortoisebot_waypoints) by extension 'ignore_ament_install'
[0.554s] Level 1:colcon.colcon_core.package_identification:_identify(src/tortoisebot_waypoints) by extensions ['colcon_pkg']
[0.554s] Level 1:colcon.colcon_core.package_identification:_identify(src/tortoisebot_waypoints) by extension 'colcon_pkg'
[0.554s] Level 1:colcon.colcon_core.package_identification:_identify(src/tortoisebot_waypoints) by extensions ['colcon_meta']
[0.554s] Level 1:colcon.colcon_core.package_identification:_identify(src/tortoisebot_waypoints) by extension 'colcon_meta'
[0.554s] Level 1:colcon.colcon_core.package_identification:_identify(src/tortoisebot_waypoints) by extensions ['ros']
[0.554s] Level 1:colcon.colcon_core.package_identification:_identify(src/tortoisebot_waypoints) by extension 'ros'
[0.555s] DEBUG:colcon.colcon_core.package_identification:Package 'src/tortoisebot_waypoints' with type 'ros.ament_cmake' and name 'tortoisebot_waypoints'
[0.555s] Level 1:colcon.colcon_core.package_identification:_identify(src/tortoisebot_waypoints_interface) by extensions ['ignore', 'ignore_ament_install']
[0.556s] Level 1:colcon.colcon_core.package_identification:_identify(src/tortoisebot_waypoints_interface) by extension 'ignore'
[0.556s] Level 1:colcon.colcon_core.package_identification:_identify(src/tortoisebot_waypoints_interface) by extension 'ignore_ament_install'
[0.556s] Level 1:colcon.colcon_core.package_identification:_identify(src/tortoisebot_waypoints_interface) by extensions ['colcon_pkg']
[0.556s] Level 1:colcon.colcon_core.package_identification:_identify(src/tortoisebot_waypoints_interface) by extension 'colcon_pkg'
[0.556s] Level 1:colcon.colcon_core.package_identification:_identify(src/tortoisebot_waypoints_interface) by extensions ['colcon_meta']
[0.556s] Level 1:colcon.colcon_core.package_identification:_identify(src/tortoisebot_waypoints_interface) by extension 'colcon_meta'
[0.556s] Level 1:colcon.colcon_core.package_identification:_identify(src/tortoisebot_waypoints_interface) by extensions ['ros']
[0.556s] Level 1:colcon.colcon_core.package_identification:_identify(src/tortoisebot_waypoints_interface) by extension 'ros'
[0.557s] DEBUG:colcon.colcon_core.package_identification:Package 'src/tortoisebot_waypoints_interface' with type 'ros.ament_cmake' and name 'tortoisebot_waypoints_interface'
[0.557s] Level 1:colcon.colcon_core.package_discovery:discover_packages(recursive) using defaults
[0.558s] Level 1:colcon.colcon_core.package_discovery:discover_packages(ignore) discover
[0.558s] Level 1:colcon.colcon_core.package_discovery:discover_packages(ignore) using defaults
[0.558s] Level 1:colcon.colcon_core.package_discovery:discover_packages(path) discover
[0.558s] Level 1:colcon.colcon_core.package_discovery:discover_packages(path) using defaults
[0.592s] INFO:colcon.colcon_core.package_selection:Skipping not selected package 'tortoisebot_bringup' in 'src/tortoisebot/tortoisebot_bringup'
[0.592s] INFO:colcon.colcon_core.package_selection:Skipping not selected package 'tortoisebot_description' in 'src/tortoisebot/tortoisebot_description'
[0.592s] INFO:colcon.colcon_core.package_selection:Skipping not selected package 'tortoisebot_firmware' in 'src/tortoisebot/tortoisebot_firmware'
[0.592s] INFO:colcon.colcon_core.package_selection:Skipping not selected package 'tortoisebot_gazebo' in 'src/tortoisebot/tortoisebot_gazebo'
[0.592s] INFO:colcon.colcon_core.package_selection:Skipping not selected package 'tortoisebot_navigation' in 'src/tortoisebot/tortoisebot_navigation'
[0.592s] INFO:colcon.colcon_core.package_selection:Skipping not selected package 'tortoisebot_slam' in 'src/tortoisebot/tortoisebot_slam'
[0.592s] INFO:colcon.colcon_core.package_selection:Skipping not selected package 'tortoisebot_waypoints_interface' in 'src/tortoisebot_waypoints_interface'
[0.592s] INFO:colcon.colcon_core.package_selection:Skipping not selected package 'ydlidar' in 'src/tortoisebot/ydlidar-ros2'
[0.594s] Level 1:colcon.colcon_core.package_discovery:discover_packages(prefix_path) check parameters
[0.594s] Level 1:colcon.colcon_core.package_discovery:discover_packages(prefix_path) discover
[0.600s] DEBUG:colcon.colcon_installed_package_information.package_discovery:Found 9 installed packages in /home/user/ros2_ws/install
[0.602s] DEBUG:colcon.colcon_installed_package_information.package_discovery:Found 1 installed packages in /home/simulations/ros2_sims_ws/install
[0.608s] DEBUG:colcon.colcon_installed_package_information.package_discovery:Found 444 installed packages in /opt/ros/latest
[0.616s] DEBUG:colcon.colcon_installed_package_information.package_discovery:Found 444 installed packages in /opt/ros/galactic
[0.659s] DEBUG:colcon.colcon_installed_package_information.package_discovery:Found 1 installed packages in /opt/ros/noetic
[0.659s] Level 1:colcon.colcon_core.package_discovery:discover_packages(prefix_path) using defaults
[0.856s] Level 5:colcon.colcon_core.verb:set package 'tortoisebot_waypoints' build argument 'bazel_args' from command line to 'None'
[0.856s] Level 5:colcon.colcon_core.verb:set package 'tortoisebot_waypoints' build argument 'bazel_task' from command line to 'None'
[0.856s] Level 5:colcon.colcon_core.verb:set package 'tortoisebot_waypoints' build argument 'cmake_args' from command line to 'None'
[0.856s] Level 5:colcon.colcon_core.verb:set package 'tortoisebot_waypoints' build argument 'cmake_target' from command line to 'None'
[0.856s] Level 5:colcon.colcon_core.verb:set package 'tortoisebot_waypoints' build argument 'cmake_target_skip_unavailable' from command line to 'False'
[0.856s] Level 5:colcon.colcon_core.verb:set package 'tortoisebot_waypoints' build argument 'cmake_clean_cache' from command line to 'False'
[0.856s] Level 5:colcon.colcon_core.verb:set package 'tortoisebot_waypoints' build argument 'cmake_clean_first' from command line to 'False'
[0.856s] Level 5:colcon.colcon_core.verb:set package 'tortoisebot_waypoints' build argument 'cmake_force_configure' from command line to 'False'
[0.856s] Level 5:colcon.colcon_core.verb:set package 'tortoisebot_waypoints' build argument 'ament_cmake_args' from command line to 'None'
[0.856s] Level 5:colcon.colcon_core.verb:set package 'tortoisebot_waypoints' build argument 'catkin_cmake_args' from command line to 'None'
[0.856s] Level 5:colcon.colcon_core.verb:set package 'tortoisebot_waypoints' build argument 'catkin_skip_building_tests' from command line to 'False'
[0.856s] DEBUG:colcon.colcon_core.verb:Building package 'tortoisebot_waypoints' with the following arguments: {'ament_cmake_args': None, 'bazel_args': None, 'bazel_task': None, 'build_base': '/home/user/ros2_ws/build/tortoisebot_waypoints', 'catkin_cmake_args': None, 'catkin_skip_building_tests': False, 'cmake_args': None, 'cmake_clean_cache': False, 'cmake_clean_first': False, 'cmake_force_configure': False, 'cmake_target': None, 'cmake_target_skip_unavailable': False, 'install_base': '/home/user/ros2_ws/install/tortoisebot_waypoints', 'merge_install': False, 'path': '/home/user/ros2_ws/src/tortoisebot_waypoints', 'symlink_install': False, 'test_result_base': None}
[0.858s] INFO:colcon.colcon_core.executor:Executing jobs using 'parallel' executor
[0.865s] DEBUG:colcon.colcon_parallel_executor.executor.parallel:run_until_complete
[0.865s] INFO:colcon.colcon_ros.task.ament_cmake.build:Building ROS package in '/home/user/ros2_ws/src/tortoisebot_waypoints' with build type 'ament_cmake'
[0.865s] INFO:colcon.colcon_cmake.task.cmake.build:Building CMake package in '/home/user/ros2_ws/src/tortoisebot_waypoints'
[0.872s] INFO:colcon.colcon_core.plugin_system:Skipping extension 'colcon_core.shell.bat': Not used on non-Windows systems
[0.878s] INFO:colcon.colcon_core.shell:Skip shell extension 'powershell' for command environment: Not usable outside of PowerShell
[0.878s] DEBUG:colcon.colcon_core.shell:Skip shell extension 'dsv' for command environment
[0.916s] DEBUG:colcon.colcon_core.shell:Ignoring prefix path '/home/user/simulation_ws/devel'
[1.034s] DEBUG:colcon.colcon_core.event_handler.log_command:Invoking command in '/home/user/ros2_ws/build/tortoisebot_waypoints': CMAKE_PREFIX_PATH=/home/user/ros2_ws/install/tortoisebot_waypoints_interface:/opt/ros/latest:/opt/ros/galactic:/home/user/simulation_ws/devel:/opt/ros/noetic:/home/simulations/ros2_sims_ws/install/ros1_bridge:/home/user/ros2_ws/install/ydlidar:/home/user/ros2_ws/install/tortoisebot_waypoints:/home/user/ros2_ws/install/tortoisebot_slam:/home/user/ros2_ws/install/tortoisebot_navigation:/home/user/ros2_ws/install/tortoisebot_gazebo:/home/user/ros2_ws/install/tortoisebot_firmware:/home/user/ros2_ws/install/tortoisebot_description:/home/user/ros2_ws/install/tortoisebot_bringup LD_LIBRARY_PATH=/home/user/ros2_ws/install/tortoisebot_waypoints_interface/lib:/opt/ros/latest/opt/yaml_cpp_vendor/lib:/opt/ros/latest/opt/rviz_ogre_vendor/lib:/opt/ros/latest/lib/x86_64-linux-gnu:/opt/ros/latest/lib:/home/user/simulation_ws/devel/lib:/opt/ros/noetic/lib:/opt/ros/noetic/lib/x86_64-linux-gnu:/usr/local/cuda-10.2/lib64:/home/user/.catkin_ws_python3/src/TensorRT-7.0.0.11/lib:/home/simulations/ros2_sims_ws/install/ros1_bridge/lib:/home/user/ros2_ws/install/tortoisebot_waypoints/lib:/opt/ros/galactic/opt/yaml_cpp_vendor/lib:/opt/ros/galactic/opt/rviz_ogre_vendor/lib:/opt/ros/galactic/lib/x86_64-linux-gnu:/opt/ros/galactic/lib:/usr/local/cuda-10.2/lib64:/home/user/.catkin_ws_python3/src/TensorRT-7.0.0.11/lib:/usr/lib/x86_64-linux-gnu/gazebo-11/plugins:/usr/lib/x86_64-linux-gnu/gazebo-11/plugins:/usr/lib/x86_64-linux-gnu/gazebo-11/plugins PYTHONPATH=/home/user/ros2_ws/install/tortoisebot_waypoints_interface/lib/python3.8/site-packages:/opt/ros/latest/lib/python/site-packages:/opt/ros/latest/lib/python3.8/site-packages:/home/user/simulation_ws/devel/lib/python3/dist-packages:/opt/ros/noetic/lib/python3/dist-packages:/home/simulations/ros2_sims_ws/install/ros1_bridge/lib/python3.8/site-packages:/home/user/ros2_ws/install/tortoisebot_firmware/lib/python3.8/site-packages:/opt/ros/galactic/lib/python/site-packages:/opt/ros/galactic/lib/python3.8/site-packages:/home/simulations/public_sim_ws/src/all/ros_basics_examples/python_course_class:/home/simulations/public_sim_ws/src/ros_basics_examples/python_course_class:/home/simulations/public_sim_ws/src/all/kinematics_course_utils/kinematics _=/usr/bin/env /usr/bin/cmake --build /home/user/ros2_ws/build/tortoisebot_waypoints -- -j8 -l8
[20.520s] DEBUG:colcon.colcon_core.event_handler.log_command:Invoked command in '/home/user/ros2_ws/build/tortoisebot_waypoints' returned '0': CMAKE_PREFIX_PATH=/home/user/ros2_ws/install/tortoisebot_waypoints_interface:/opt/ros/latest:/opt/ros/galactic:/home/user/simulation_ws/devel:/opt/ros/noetic:/home/simulations/ros2_sims_ws/install/ros1_bridge:/home/user/ros2_ws/install/ydlidar:/home/user/ros2_ws/install/tortoisebot_waypoints:/home/user/ros2_ws/install/tortoisebot_slam:/home/user/ros2_ws/install/tortoisebot_navigation:/home/user/ros2_ws/install/tortoisebot_gazebo:/home/user/ros2_ws/install/tortoisebot_firmware:/home/user/ros2_ws/install/tortoisebot_description:/home/user/ros2_ws/install/tortoisebot_bringup LD_LIBRARY_PATH=/home/user/ros2_ws/install/tortoisebot_waypoints_interface/lib:/opt/ros/latest/opt/yaml_cpp_vendor/lib:/opt/ros/latest/opt/rviz_ogre_vendor/lib:/opt/ros/latest/lib/x86_64-linux-gnu:/opt/ros/latest/lib:/home/user/simulation_ws/devel/lib:/opt/ros/noetic/lib:/opt/ros/noetic/lib/x86_64-linux-gnu:/usr/local/cuda-10.2/lib64:/home/user/.catkin_ws_python3/src/TensorRT-7.0.0.11/lib:/home/simulations/ros2_sims_ws/install/ros1_bridge/lib:/home/user/ros2_ws/install/tortoisebot_waypoints/lib:/opt/ros/galactic/opt/yaml_cpp_vendor/lib:/opt/ros/galactic/opt/rviz_ogre_vendor/lib:/opt/ros/galactic/lib/x86_64-linux-gnu:/opt/ros/galactic/lib:/usr/local/cuda-10.2/lib64:/home/user/.catkin_ws_python3/src/TensorRT-7.0.0.11/lib:/usr/lib/x86_64-linux-gnu/gazebo-11/plugins:/usr/lib/x86_64-linux-gnu/gazebo-11/plugins:/usr/lib/x86_64-linux-gnu/gazebo-11/plugins PYTHONPATH=/home/user/ros2_ws/install/tortoisebot_waypoints_interface/lib/python3.8/site-packages:/opt/ros/latest/lib/python/site-packages:/opt/ros/latest/lib/python3.8/site-packages:/home/user/simulation_ws/devel/lib/python3/dist-packages:/opt/ros/noetic/lib/python3/dist-packages:/home/simulations/ros2_sims_ws/install/ros1_bridge/lib/python3.8/site-packages:/home/user/ros2_ws/install/tortoisebot_firmware/lib/python3.8/site-packages:/opt/ros/galactic/lib/python/site-packages:/opt/ros/galactic/lib/python3.8/site-packages:/home/simulations/public_sim_ws/src/all/ros_basics_examples/python_course_class:/home/simulations/public_sim_ws/src/ros_basics_examples/python_course_class:/home/simulations/public_sim_ws/src/all/kinematics_course_utils/kinematics _=/usr/bin/env /usr/bin/cmake --build /home/user/ros2_ws/build/tortoisebot_waypoints -- -j8 -l8
[20.844s] DEBUG:colcon.colcon_core.event_handler.log_command:Invoking command in '/home/user/ros2_ws/build/tortoisebot_waypoints': CMAKE_PREFIX_PATH=/home/user/ros2_ws/install/tortoisebot_waypoints_interface:/opt/ros/latest:/opt/ros/galactic:/home/user/simulation_ws/devel:/opt/ros/noetic:/home/simulations/ros2_sims_ws/install/ros1_bridge:/home/user/ros2_ws/install/ydlidar:/home/user/ros2_ws/install/tortoisebot_waypoints:/home/user/ros2_ws/install/tortoisebot_slam:/home/user/ros2_ws/install/tortoisebot_navigation:/home/user/ros2_ws/install/tortoisebot_gazebo:/home/user/ros2_ws/install/tortoisebot_firmware:/home/user/ros2_ws/install/tortoisebot_description:/home/user/ros2_ws/install/tortoisebot_bringup LD_LIBRARY_PATH=/home/user/ros2_ws/install/tortoisebot_waypoints_interface/lib:/opt/ros/latest/opt/yaml_cpp_vendor/lib:/opt/ros/latest/opt/rviz_ogre_vendor/lib:/opt/ros/latest/lib/x86_64-linux-gnu:/opt/ros/latest/lib:/home/user/simulation_ws/devel/lib:/opt/ros/noetic/lib:/opt/ros/noetic/lib/x86_64-linux-gnu:/usr/local/cuda-10.2/lib64:/home/user/.catkin_ws_python3/src/TensorRT-7.0.0.11/lib:/home/simulations/ros2_sims_ws/install/ros1_bridge/lib:/home/user/ros2_ws/install/tortoisebot_waypoints/lib:/opt/ros/galactic/opt/yaml_cpp_vendor/lib:/opt/ros/galactic/opt/rviz_ogre_vendor/lib:/opt/ros/galactic/lib/x86_64-linux-gnu:/opt/ros/galactic/lib:/usr/local/cuda-10.2/lib64:/home/user/.catkin_ws_python3/src/TensorRT-7.0.0.11/lib:/usr/lib/x86_64-linux-gnu/gazebo-11/plugins:/usr/lib/x86_64-linux-gnu/gazebo-11/plugins:/usr/lib/x86_64-linux-gnu/gazebo-11/plugins PYTHONPATH=/home/user/ros2_ws/install/tortoisebot_waypoints_interface/lib/python3.8/site-packages:/opt/ros/latest/lib/python/site-packages:/opt/ros/latest/lib/python3.8/site-packages:/home/user/simulation_ws/devel/lib/python3/dist-packages:/opt/ros/noetic/lib/python3/dist-packages:/home/simulations/ros2_sims_ws/install/ros1_bridge/lib/python3.8/site-packages:/home/user/ros2_ws/install/tortoisebot_firmware/lib/python3.8/site-packages:/opt/ros/galactic/lib/python/site-packages:/opt/ros/galactic/lib/python3.8/site-packages:/home/simulations/public_sim_ws/src/all/ros_basics_examples/python_course_class:/home/simulations/public_sim_ws/src/ros_basics_examples/python_course_class:/home/simulations/public_sim_ws/src/all/kinematics_course_utils/kinematics _=/usr/bin/env /usr/bin/cmake --install /home/user/ros2_ws/build/tortoisebot_waypoints
[20.980s] Level 1:colcon.colcon_core.environment:create_environment_scripts_only(tortoisebot_waypoints)
[20.986s] DEBUG:colcon.colcon_core.event_handler.log_command:Invoked command in '/home/user/ros2_ws/build/tortoisebot_waypoints' returned '0': CMAKE_PREFIX_PATH=/home/user/ros2_ws/install/tortoisebot_waypoints_interface:/opt/ros/latest:/opt/ros/galactic:/home/user/simulation_ws/devel:/opt/ros/noetic:/home/simulations/ros2_sims_ws/install/ros1_bridge:/home/user/ros2_ws/install/ydlidar:/home/user/ros2_ws/install/tortoisebot_waypoints:/home/user/ros2_ws/install/tortoisebot_slam:/home/user/ros2_ws/install/tortoisebot_navigation:/home/user/ros2_ws/install/tortoisebot_gazebo:/home/user/ros2_ws/install/tortoisebot_firmware:/home/user/ros2_ws/install/tortoisebot_description:/home/user/ros2_ws/install/tortoisebot_bringup LD_LIBRARY_PATH=/home/user/ros2_ws/install/tortoisebot_waypoints_interface/lib:/opt/ros/latest/opt/yaml_cpp_vendor/lib:/opt/ros/latest/opt/rviz_ogre_vendor/lib:/opt/ros/latest/lib/x86_64-linux-gnu:/opt/ros/latest/lib:/home/user/simulation_ws/devel/lib:/opt/ros/noetic/lib:/opt/ros/noetic/lib/x86_64-linux-gnu:/usr/local/cuda-10.2/lib64:/home/user/.catkin_ws_python3/src/TensorRT-7.0.0.11/lib:/home/simulations/ros2_sims_ws/install/ros1_bridge/lib:/home/user/ros2_ws/install/tortoisebot_waypoints/lib:/opt/ros/galactic/opt/yaml_cpp_vendor/lib:/opt/ros/galactic/opt/rviz_ogre_vendor/lib:/opt/ros/galactic/lib/x86_64-linux-gnu:/opt/ros/galactic/lib:/usr/local/cuda-10.2/lib64:/home/user/.catkin_ws_python3/src/TensorRT-7.0.0.11/lib:/usr/lib/x86_64-linux-gnu/gazebo-11/plugins:/usr/lib/x86_64-linux-gnu/gazebo-11/plugins:/usr/lib/x86_64-linux-gnu/gazebo-11/plugins PYTHONPATH=/home/user/ros2_ws/install/tortoisebot_waypoints_interface/lib/python3.8/site-packages:/opt/ros/latest/lib/python/site-packages:/opt/ros/latest/lib/python3.8/site-packages:/home/user/simulation_ws/devel/lib/python3/dist-packages:/opt/ros/noetic/lib/python3/dist-packages:/home/simulations/ros2_sims_ws/install/ros1_bridge/lib/python3.8/site-packages:/home/user/ros2_ws/install/tortoisebot_firmware/lib/python3.8/site-packages:/opt/ros/galactic/lib/python/site-packages:/opt/ros/galactic/lib/python3.8/site-packages:/home/simulations/public_sim_ws/src/all/ros_basics_examples/python_course_class:/home/simulations/public_sim_ws/src/ros_basics_examples/python_course_class:/home/simulations/public_sim_ws/src/all/kinematics_course_utils/kinematics _=/usr/bin/env /usr/bin/cmake --install /home/user/ros2_ws/build/tortoisebot_waypoints
[20.993s] Level 1:colcon.colcon_core.environment:checking '/home/user/ros2_ws/install/tortoisebot_waypoints' for CMake module files
[20.993s] Level 1:colcon.colcon_core.environment:checking '/home/user/ros2_ws/install/tortoisebot_waypoints' for CMake config files
[20.994s] Level 1:colcon.colcon_core.shell:create_environment_hook('tortoisebot_waypoints', 'cmake_prefix_path')
[20.996s] INFO:colcon.colcon_core.shell:Creating environment hook '/home/user/ros2_ws/install/tortoisebot_waypoints/share/tortoisebot_waypoints/hook/cmake_prefix_path.ps1'
[20.996s] INFO:colcon.colcon_core.shell:Creating environment descriptor '/home/user/ros2_ws/install/tortoisebot_waypoints/share/tortoisebot_waypoints/hook/cmake_prefix_path.dsv'
[20.997s] INFO:colcon.colcon_core.shell:Creating environment hook '/home/user/ros2_ws/install/tortoisebot_waypoints/share/tortoisebot_waypoints/hook/cmake_prefix_path.sh'
[20.998s] Level 1:colcon.colcon_core.environment:checking '/home/user/ros2_ws/install/tortoisebot_waypoints/lib'
[20.999s] Level 1:colcon.colcon_core.environment:checking '/home/user/ros2_ws/install/tortoisebot_waypoints/bin'
[20.999s] Level 1:colcon.colcon_core.environment:checking '/home/user/ros2_ws/install/tortoisebot_waypoints/lib/pkgconfig/tortoisebot_waypoints.pc'
[20.999s] Level 1:colcon.colcon_core.environment:checking '/home/user/ros2_ws/install/tortoisebot_waypoints/lib/python3.8/site-packages'
[20.999s] Level 1:colcon.colcon_core.environment:checking '/home/user/ros2_ws/install/tortoisebot_waypoints/bin'
[21.002s] INFO:colcon.colcon_core.shell:Creating package script '/home/user/ros2_ws/install/tortoisebot_waypoints/share/tortoisebot_waypoints/package.ps1'
[21.003s] INFO:colcon.colcon_core.shell:Creating package descriptor '/home/user/ros2_ws/install/tortoisebot_waypoints/share/tortoisebot_waypoints/package.dsv'
[21.004s] INFO:colcon.colcon_core.shell:Creating package script '/home/user/ros2_ws/install/tortoisebot_waypoints/share/tortoisebot_waypoints/package.sh'
[21.005s] INFO:colcon.colcon_core.shell:Creating package script '/home/user/ros2_ws/install/tortoisebot_waypoints/share/tortoisebot_waypoints/package.bash'
[21.006s] INFO:colcon.colcon_core.shell:Creating package script '/home/user/ros2_ws/install/tortoisebot_waypoints/share/tortoisebot_waypoints/package.zsh'
[21.007s] Level 1:colcon.colcon_core.environment:create_file_with_runtime_dependencies(/home/user/ros2_ws/install/tortoisebot_waypoints/share/colcon-core/packages/tortoisebot_waypoints)
[21.215s] Level 1:colcon.colcon_core.environment:create_environment_scripts_only(tortoisebot_waypoints)
[21.219s] Level 1:colcon.colcon_core.environment:checking '/home/user/ros2_ws/install/tortoisebot_waypoints' for CMake module files
[21.251s] Level 1:colcon.colcon_core.environment:checking '/home/user/ros2_ws/install/tortoisebot_waypoints' for CMake config files
[21.252s] Level 1:colcon.colcon_core.shell:create_environment_hook('tortoisebot_waypoints', 'cmake_prefix_path')
[21.254s] INFO:colcon.colcon_core.shell:Creating environment hook '/home/user/ros2_ws/install/tortoisebot_waypoints/share/tortoisebot_waypoints/hook/cmake_prefix_path.ps1'
[21.273s] INFO:colcon.colcon_core.shell:Creating environment descriptor '/home/user/ros2_ws/install/tortoisebot_waypoints/share/tortoisebot_waypoints/hook/cmake_prefix_path.dsv'
[21.274s] INFO:colcon.colcon_core.shell:Creating environment hook '/home/user/ros2_ws/install/tortoisebot_waypoints/share/tortoisebot_waypoints/hook/cmake_prefix_path.sh'
[21.303s] Level 1:colcon.colcon_core.environment:checking '/home/user/ros2_ws/install/tortoisebot_waypoints/lib'
[21.305s] Level 1:colcon.colcon_core.environment:checking '/home/user/ros2_ws/install/tortoisebot_waypoints/bin'
[21.305s] Level 1:colcon.colcon_core.environment:checking '/home/user/ros2_ws/install/tortoisebot_waypoints/lib/pkgconfig/tortoisebot_waypoints.pc'
[21.306s] Level 1:colcon.colcon_core.environment:checking '/home/user/ros2_ws/install/tortoisebot_waypoints/lib/python3.8/site-packages'
[21.312s] Level 1:colcon.colcon_core.environment:checking '/home/user/ros2_ws/install/tortoisebot_waypoints/bin'
[21.315s] INFO:colcon.colcon_core.shell:Creating package script '/home/user/ros2_ws/install/tortoisebot_waypoints/share/tortoisebot_waypoints/package.ps1'
[21.316s] INFO:colcon.colcon_core.shell:Creating package descriptor '/home/user/ros2_ws/install/tortoisebot_waypoints/share/tortoisebot_waypoints/package.dsv'
[21.317s] INFO:colcon.colcon_core.shell:Creating package script '/home/user/ros2_ws/install/tortoisebot_waypoints/share/tortoisebot_waypoints/package.sh'
[21.323s] INFO:colcon.colcon_core.shell:Creating package script '/home/user/ros2_ws/install/tortoisebot_waypoints/share/tortoisebot_waypoints/package.bash'
[21.323s] INFO:colcon.colcon_core.shell:Creating package script '/home/user/ros2_ws/install/tortoisebot_waypoints/share/tortoisebot_waypoints/package.zsh'
[21.324s] Level 1:colcon.colcon_core.environment:create_file_with_runtime_dependencies(/home/user/ros2_ws/install/tortoisebot_waypoints/share/colcon-core/packages/tortoisebot_waypoints)
[21.338s] DEBUG:colcon.colcon_parallel_executor.executor.parallel:closing loop
[21.338s] DEBUG:colcon.colcon_parallel_executor.executor.parallel:loop closed
[21.338s] DEBUG:colcon.colcon_parallel_executor.executor.parallel:run_until_complete finished with '0'
[21.338s] DEBUG:colcon.colcon_core.event_reactor:joining thread
[21.351s] INFO:colcon.colcon_core.plugin_system:Skipping extension 'colcon_notification.desktop_notification.notify_send': Could not find 'notify-send'
[21.351s] INFO:colcon.colcon_core.plugin_system:Skipping extension 'colcon_notification.desktop_notification.terminal_notifier': Not used on non-Darwin systems
[21.352s] INFO:colcon.colcon_core.plugin_system:Skipping extension 'colcon_notification.desktop_notification.win32': Not used on non-Windows systems
[21.352s] INFO:colcon.colcon_notification.desktop_notification:Sending desktop notification using 'notify2'
[21.374s] DEBUG:colcon.colcon_notification.desktop_notification.notify2:Failed to initialize notify2: org.freedesktop.DBus.Error.Spawn.ExecFailed: /usr/bin/dbus-launch terminated abnormally without any error message
[21.375s] DEBUG:colcon.colcon_core.event_reactor:joined thread
[21.378s] INFO:colcon.colcon_core.shell:Creating prefix script '/home/user/ros2_ws/install/local_setup.ps1'
[21.380s] INFO:colcon.colcon_core.shell:Creating prefix util module '/home/user/ros2_ws/install/_local_setup_util_ps1.py'
[21.383s] INFO:colcon.colcon_core.shell:Creating prefix chain script '/home/user/ros2_ws/install/setup.ps1'
[21.387s] INFO:colcon.colcon_core.shell:Creating prefix script '/home/user/ros2_ws/install/local_setup.sh'
[21.388s] INFO:colcon.colcon_core.shell:Creating prefix util module '/home/user/ros2_ws/install/_local_setup_util_sh.py'
[21.396s] INFO:colcon.colcon_core.shell:Creating prefix chain script '/home/user/ros2_ws/install/setup.sh'
[21.411s] INFO:colcon.colcon_core.shell:Creating prefix script '/home/user/ros2_ws/install/local_setup.bash'
[21.412s] INFO:colcon.colcon_core.shell:Creating prefix chain script '/home/user/ros2_ws/install/setup.bash'
[21.430s] INFO:colcon.colcon_core.shell:Creating prefix script '/home/user/ros2_ws/install/local_setup.zsh'
[21.431s] INFO:colcon.colcon_core.shell:Creating prefix chain script '/home/user/ros2_ws/install/setup.zsh'
