[0.088s] Invoking command in '/home/user/ros2_ws/build/ydlidar': CMAKE_PREFIX_PATH=/opt/ros/galactic:${CMAKE_PREFIX_PATH} _=/usr/bin/env /usr/bin/cmake --build /home/user/ros2_ws/build/ydlidar -- -j8 -l8
[0.247s] [ 81%] Built target ydlidar_node
[0.267s] [100%] Built target ydlidar_client
[0.307s] Invoked command in '/home/user/ros2_ws/build/ydlidar' returned '0': CMAKE_PREFIX_PATH=/opt/ros/galactic:${CMAKE_PREFIX_PATH} _=/usr/bin/env /usr/bin/cmake --build /home/user/ros2_ws/build/ydlidar -- -j8 -l8
[0.446s] Invoking command in '/home/user/ros2_ws/build/ydlidar': CMAKE_PREFIX_PATH=/opt/ros/galactic:${CMAKE_PREFIX_PATH} _=/usr/bin/env /usr/bin/cmake --install /home/user/ros2_ws/build/ydlidar
[0.463s] -- Install configuration: ""
[0.464s] -- Up-to-date: /home/user/ros2_ws/install/ydlidar/lib/ydlidar/ydlidar_node
[0.464s] -- Up-to-date: /home/user/ros2_ws/install/ydlidar/lib/ydlidar/ydlidar_client
[0.464s] -- Up-to-date: /home/user/ros2_ws/install/ydlidar/share/ydlidar/launch
[0.464s] -- Up-to-date: /home/user/ros2_ws/install/ydlidar/share/ydlidar/launch/x4_ydlidar_launch.py
[0.465s] -- Up-to-date: /home/user/ros2_ws/install/ydlidar/share/ydlidar/launch/x2_ydlidar_launch.py
[0.465s] -- Up-to-date: /home/user/ros2_ws/install/ydlidar/share/ydlidar/launch/ydlidar.py
[0.465s] -- Up-to-date: /home/user/ros2_ws/install/ydlidar/share/ydlidar/params
[0.465s] -- Up-to-date: /home/user/ros2_ws/install/ydlidar/share/ydlidar/params/ydlidar_x2.yaml
[0.465s] -- Up-to-date: /home/user/ros2_ws/install/ydlidar/share/ydlidar/params/ydlidar_x4.yaml
[0.465s] -- Up-to-date: /home/user/ros2_ws/install/ydlidar/share/ydlidar/startup
[0.465s] -- Up-to-date: /home/user/ros2_ws/install/ydlidar/share/ydlidar/startup/initenv.sh
[0.465s] -- Up-to-date: /home/user/ros2_ws/install/ydlidar/share/ament_index/resource_index/package_run_dependencies/ydlidar
[0.465s] -- Up-to-date: /home/user/ros2_ws/install/ydlidar/share/ament_index/resource_index/parent_prefix_path/ydlidar
[0.466s] -- Up-to-date: /home/user/ros2_ws/install/ydlidar/share/ydlidar/environment/ament_prefix_path.sh
[0.466s] -- Up-to-date: /home/user/ros2_ws/install/ydlidar/share/ydlidar/environment/ament_prefix_path.dsv
[0.467s] -- Up-to-date: /home/user/ros2_ws/install/ydlidar/share/ydlidar/environment/path.sh
[0.468s] -- Up-to-date: /home/user/ros2_ws/install/ydlidar/share/ydlidar/environment/path.dsv
[0.468s] -- Up-to-date: /home/user/ros2_ws/install/ydlidar/share/ydlidar/local_setup.bash
[0.468s] -- Up-to-date: /home/user/ros2_ws/install/ydlidar/share/ydlidar/local_setup.sh
[0.469s] -- Up-to-date: /home/user/ros2_ws/install/ydlidar/share/ydlidar/local_setup.zsh
[0.469s] -- Up-to-date: /home/user/ros2_ws/install/ydlidar/share/ydlidar/local_setup.dsv
[0.469s] -- Installing: /home/user/ros2_ws/install/ydlidar/share/ydlidar/package.dsv
[0.470s] -- Up-to-date: /home/user/ros2_ws/install/ydlidar/share/ament_index/resource_index/packages/ydlidar
[0.470s] -- Up-to-date: /home/user/ros2_ws/install/ydlidar/share/ydlidar/cmake/ydlidarConfig.cmake
[0.470s] -- Up-to-date: /home/user/ros2_ws/install/ydlidar/share/ydlidar/cmake/ydlidarConfig-version.cmake
[0.471s] -- Up-to-date: /home/user/ros2_ws/install/ydlidar/share/ydlidar/package.xml
[0.493s] Invoked command in '/home/user/ros2_ws/build/ydlidar' returned '0': CMAKE_PREFIX_PATH=/opt/ros/galactic:${CMAKE_PREFIX_PATH} _=/usr/bin/env /usr/bin/cmake --install /home/user/ros2_ws/build/ydlidar
