[0.092s] Invoking command in '/home/user/ros2_ws/build/tortoisebot_firmware': CMAKE_PREFIX_PATH=/opt/ros/galactic:${CMAKE_PREFIX_PATH} _=/usr/bin/env /usr/bin/cmake --build /home/user/ros2_ws/build/tortoisebot_firmware -- -j8 -l8
[0.205s] Built target ament_cmake_python_copy_tortoisebot_firmware
[0.647s] running egg_info
[0.648s] writing tortoisebot_firmware.egg-info/PKG-INFO
[0.648s] writing dependency_links to tortoisebot_firmware.egg-info/dependency_links.txt
[0.649s] writing top-level names to tortoisebot_firmware.egg-info/top_level.txt
[0.699s] reading manifest file 'tortoisebot_firmware.egg-info/SOURCES.txt'
[0.699s] writing manifest file 'tortoisebot_firmware.egg-info/SOURCES.txt'
[0.729s] Built target ament_cmake_python_build_tortoisebot_firmware_egg
[0.742s] Invoked command in '/home/user/ros2_ws/build/tortoisebot_firmware' returned '0': CMAKE_PREFIX_PATH=/opt/ros/galactic:${CMAKE_PREFIX_PATH} _=/usr/bin/env /usr/bin/cmake --build /home/user/ros2_ws/build/tortoisebot_firmware -- -j8 -l8
[0.787s] Invoking command in '/home/user/ros2_ws/build/tortoisebot_firmware': CMAKE_PREFIX_PATH=/opt/ros/galactic:${CMAKE_PREFIX_PATH} _=/usr/bin/env /usr/bin/cmake --install /home/user/ros2_ws/build/tortoisebot_firmware
[0.798s] -- Install configuration: ""
[0.798s] -- Up-to-date: /home/user/ros2_ws/install/tortoisebot_firmware/share/tortoisebot_firmware/environment/pythonpath.sh
[0.798s] -- Up-to-date: /home/user/ros2_ws/install/tortoisebot_firmware/share/tortoisebot_firmware/environment/pythonpath.dsv
[0.798s] -- Up-to-date: /home/user/ros2_ws/install/tortoisebot_firmware/lib/python3.8/site-packages//tortoisebot_firmware.egg-info
[0.798s] -- Installing: /home/user/ros2_ws/install/tortoisebot_firmware/lib/python3.8/site-packages//tortoisebot_firmware.egg-info/PKG-INFO
[0.798s] -- Installing: /home/user/ros2_ws/install/tortoisebot_firmware/lib/python3.8/site-packages//tortoisebot_firmware.egg-info/top_level.txt
[0.798s] -- Installing: /home/user/ros2_ws/install/tortoisebot_firmware/lib/python3.8/site-packages//tortoisebot_firmware.egg-info/SOURCES.txt
[0.799s] -- Installing: /home/user/ros2_ws/install/tortoisebot_firmware/lib/python3.8/site-packages//tortoisebot_firmware.egg-info/dependency_links.txt
[0.799s] -- Up-to-date: /home/user/ros2_ws/install/tortoisebot_firmware/lib/python3.8/site-packages/tortoisebot_firmware
[0.799s] -- Up-to-date: /home/user/ros2_ws/install/tortoisebot_firmware/lib/python3.8/site-packages/tortoisebot_firmware/__init__.py
[0.841s] Listing '/home/user/ros2_ws/install/tortoisebot_firmware/lib/python3.8/site-packages/tortoisebot_firmware'...
[0.845s] -- Up-to-date: /home/user/ros2_ws/install/tortoisebot_firmware/lib/tortoisebot_firmware/differential.py
[0.846s] -- Up-to-date: /home/user/ros2_ws/install/tortoisebot_firmware/share/ament_index/resource_index/package_run_dependencies/tortoisebot_firmware
[0.846s] -- Up-to-date: /home/user/ros2_ws/install/tortoisebot_firmware/share/ament_index/resource_index/parent_prefix_path/tortoisebot_firmware
[0.846s] -- Up-to-date: /home/user/ros2_ws/install/tortoisebot_firmware/share/tortoisebot_firmware/environment/ament_prefix_path.sh
[0.846s] -- Up-to-date: /home/user/ros2_ws/install/tortoisebot_firmware/share/tortoisebot_firmware/environment/ament_prefix_path.dsv
[0.846s] -- Up-to-date: /home/user/ros2_ws/install/tortoisebot_firmware/share/tortoisebot_firmware/environment/path.sh
[0.847s] -- Up-to-date: /home/user/ros2_ws/install/tortoisebot_firmware/share/tortoisebot_firmware/environment/path.dsv
[0.847s] -- Up-to-date: /home/user/ros2_ws/install/tortoisebot_firmware/share/tortoisebot_firmware/local_setup.bash
[0.847s] -- Up-to-date: /home/user/ros2_ws/install/tortoisebot_firmware/share/tortoisebot_firmware/local_setup.sh
[0.847s] -- Up-to-date: /home/user/ros2_ws/install/tortoisebot_firmware/share/tortoisebot_firmware/local_setup.zsh
[0.847s] -- Up-to-date: /home/user/ros2_ws/install/tortoisebot_firmware/share/tortoisebot_firmware/local_setup.dsv
[0.847s] -- Installing: /home/user/ros2_ws/install/tortoisebot_firmware/share/tortoisebot_firmware/package.dsv
[0.847s] -- Up-to-date: /home/user/ros2_ws/install/tortoisebot_firmware/share/ament_index/resource_index/packages/tortoisebot_firmware
[0.848s] -- Up-to-date: /home/user/ros2_ws/install/tortoisebot_firmware/share/tortoisebot_firmware/cmake/tortoisebot_firmwareConfig.cmake
[0.848s] -- Up-to-date: /home/user/ros2_ws/install/tortoisebot_firmware/share/tortoisebot_firmware/cmake/tortoisebot_firmwareConfig-version.cmake
[0.848s] -- Up-to-date: /home/user/ros2_ws/install/tortoisebot_firmware/share/tortoisebot_firmware/package.xml
[0.852s] Invoked command in '/home/user/ros2_ws/build/tortoisebot_firmware' returned '0': CMAKE_PREFIX_PATH=/opt/ros/galactic:${CMAKE_PREFIX_PATH} _=/usr/bin/env /usr/bin/cmake --install /home/user/ros2_ws/build/tortoisebot_firmware
