[0.081s] Invoking command in '/home/user/ros2_ws/build/tortoisebot_navigation': CMAKE_PREFIX_PATH=/opt/ros/galactic:${CMAKE_PREFIX_PATH} _=/usr/bin/env /usr/bin/cmake --build /home/user/ros2_ws/build/tortoisebot_navigation -- -j8 -l8
[0.175s] Invoked command in '/home/user/ros2_ws/build/tortoisebot_navigation' returned '0': CMAKE_PREFIX_PATH=/opt/ros/galactic:${CMAKE_PREFIX_PATH} _=/usr/bin/env /usr/bin/cmake --build /home/user/ros2_ws/build/tortoisebot_navigation -- -j8 -l8
[0.274s] Invoking command in '/home/user/ros2_ws/build/tortoisebot_navigation': CMAKE_PREFIX_PATH=/opt/ros/galactic:${CMAKE_PREFIX_PATH} _=/usr/bin/env /usr/bin/cmake --install /home/user/ros2_ws/build/tortoisebot_navigation
[0.319s] -- Install configuration: ""
[0.319s] -- Up-to-date: /home/user/ros2_ws/install/tortoisebot_navigation/share/tortoisebot_navigation/launch
[0.319s] -- Up-to-date: /home/user/ros2_ws/install/tortoisebot_navigation/share/tortoisebot_navigation/launch/navigation.launch.py
[0.320s] -- Up-to-date: /home/user/ros2_ws/install/tortoisebot_navigation/share/tortoisebot_navigation/config
[0.320s] -- Up-to-date: /home/user/ros2_ws/install/tortoisebot_navigation/share/tortoisebot_navigation/config/nav2_params.yaml
[0.321s] -- Up-to-date: /home/user/ros2_ws/install/tortoisebot_navigation/share/ament_index/resource_index/package_run_dependencies/tortoisebot_navigation
[0.321s] -- Up-to-date: /home/user/ros2_ws/install/tortoisebot_navigation/share/ament_index/resource_index/parent_prefix_path/tortoisebot_navigation
[0.321s] -- Up-to-date: /home/user/ros2_ws/install/tortoisebot_navigation/share/tortoisebot_navigation/environment/ament_prefix_path.sh
[0.322s] -- Up-to-date: /home/user/ros2_ws/install/tortoisebot_navigation/share/tortoisebot_navigation/environment/ament_prefix_path.dsv
[0.324s] -- Up-to-date: /home/user/ros2_ws/install/tortoisebot_navigation/share/tortoisebot_navigation/environment/path.sh
[0.325s] -- Up-to-date: /home/user/ros2_ws/install/tortoisebot_navigation/share/tortoisebot_navigation/environment/path.dsv
[0.325s] -- Up-to-date: /home/user/ros2_ws/install/tortoisebot_navigation/share/tortoisebot_navigation/local_setup.bash
[0.326s] -- Up-to-date: /home/user/ros2_ws/install/tortoisebot_navigation/share/tortoisebot_navigation/local_setup.sh
[0.326s] -- Up-to-date: /home/user/ros2_ws/install/tortoisebot_navigation/share/tortoisebot_navigation/local_setup.zsh
[0.326s] -- Up-to-date: /home/user/ros2_ws/install/tortoisebot_navigation/share/tortoisebot_navigation/local_setup.dsv
[0.327s] -- Installing: /home/user/ros2_ws/install/tortoisebot_navigation/share/tortoisebot_navigation/package.dsv
[0.327s] -- Up-to-date: /home/user/ros2_ws/install/tortoisebot_navigation/share/ament_index/resource_index/packages/tortoisebot_navigation
[0.328s] -- Up-to-date: /home/user/ros2_ws/install/tortoisebot_navigation/share/tortoisebot_navigation/cmake/tortoisebot_navigationConfig.cmake
[0.328s] -- Up-to-date: /home/user/ros2_ws/install/tortoisebot_navigation/share/tortoisebot_navigation/cmake/tortoisebot_navigationConfig-version.cmake
[0.329s] -- Up-to-date: /home/user/ros2_ws/install/tortoisebot_navigation/share/tortoisebot_navigation/package.xml
[0.363s] Invoked command in '/home/user/ros2_ws/build/tortoisebot_navigation' returned '0': CMAKE_PREFIX_PATH=/opt/ros/galactic:${CMAKE_PREFIX_PATH} _=/usr/bin/env /usr/bin/cmake --install /home/user/ros2_ws/build/tortoisebot_navigation
