[0.084s] Invoking command in '/home/user/ros2_ws/build/tortoisebot_gazebo': CMAKE_PREFIX_PATH=/opt/ros/galactic:${CMAKE_PREFIX_PATH} _=/usr/bin/env /usr/bin/cmake --build /home/user/ros2_ws/build/tortoisebot_gazebo -- -j8 -l8
[0.163s] Invoked command in '/home/user/ros2_ws/build/tortoisebot_gazebo' returned '0': CMAKE_PREFIX_PATH=/opt/ros/galactic:${CMAKE_PREFIX_PATH} _=/usr/bin/env /usr/bin/cmake --build /home/user/ros2_ws/build/tortoisebot_gazebo -- -j8 -l8
[0.302s] Invoking command in '/home/user/ros2_ws/build/tortoisebot_gazebo': CMAKE_PREFIX_PATH=/opt/ros/galactic:${CMAKE_PREFIX_PATH} _=/usr/bin/env /usr/bin/cmake --install /home/user/ros2_ws/build/tortoisebot_gazebo
[0.362s] -- Install configuration: ""
[0.362s] -- Up-to-date: /home/user/ros2_ws/install/tortoisebot_gazebo/share/tortoisebot_gazebo/gazebo
[0.363s] -- Up-to-date: /home/user/ros2_ws/install/tortoisebot_gazebo/share/tortoisebot_gazebo/gazebo/tortoisebot_physics.gazebo
[0.363s] -- Up-to-date: /home/user/ros2_ws/install/tortoisebot_gazebo/share/tortoisebot_gazebo/gazebo/tortoisebot_plugins.gazebo
[0.363s] -- Up-to-date: /home/user/ros2_ws/install/tortoisebot_gazebo/share/tortoisebot_gazebo/gazebo/tortoisebot_materials.gazebo
[0.363s] -- Up-to-date: /home/user/ros2_ws/install/tortoisebot_gazebo/share/tortoisebot_gazebo/launch
[0.364s] -- Up-to-date: /home/user/ros2_ws/install/tortoisebot_gazebo/share/tortoisebot_gazebo/launch/gazebo.launch.py
[0.364s] -- Up-to-date: /home/user/ros2_ws/install/tortoisebot_gazebo/share/tortoisebot_gazebo/worlds
[0.364s] -- Up-to-date: /home/user/ros2_ws/install/tortoisebot_gazebo/share/tortoisebot_gazebo/worlds/room2.sdf
[0.364s] -- Up-to-date: /home/user/ros2_ws/install/tortoisebot_gazebo/share/ament_index/resource_index/package_run_dependencies/tortoisebot_gazebo
[0.365s] -- Up-to-date: /home/user/ros2_ws/install/tortoisebot_gazebo/share/ament_index/resource_index/parent_prefix_path/tortoisebot_gazebo
[0.365s] -- Up-to-date: /home/user/ros2_ws/install/tortoisebot_gazebo/share/tortoisebot_gazebo/environment/ament_prefix_path.sh
[0.365s] -- Up-to-date: /home/user/ros2_ws/install/tortoisebot_gazebo/share/tortoisebot_gazebo/environment/ament_prefix_path.dsv
[0.365s] -- Up-to-date: /home/user/ros2_ws/install/tortoisebot_gazebo/share/tortoisebot_gazebo/environment/path.sh
[0.366s] -- Up-to-date: /home/user/ros2_ws/install/tortoisebot_gazebo/share/tortoisebot_gazebo/environment/path.dsv
[0.367s] -- Up-to-date: /home/user/ros2_ws/install/tortoisebot_gazebo/share/tortoisebot_gazebo/local_setup.bash
[0.368s] -- Up-to-date: /home/user/ros2_ws/install/tortoisebot_gazebo/share/tortoisebot_gazebo/local_setup.sh
[0.368s] -- Up-to-date: /home/user/ros2_ws/install/tortoisebot_gazebo/share/tortoisebot_gazebo/local_setup.zsh
[0.368s] -- Up-to-date: /home/user/ros2_ws/install/tortoisebot_gazebo/share/tortoisebot_gazebo/local_setup.dsv
[0.368s] -- Installing: /home/user/ros2_ws/install/tortoisebot_gazebo/share/tortoisebot_gazebo/package.dsv
[0.368s] -- Up-to-date: /home/user/ros2_ws/install/tortoisebot_gazebo/share/ament_index/resource_index/packages/tortoisebot_gazebo
[0.368s] -- Up-to-date: /home/user/ros2_ws/install/tortoisebot_gazebo/share/tortoisebot_gazebo/cmake/tortoisebot_gazeboConfig.cmake
[0.369s] -- Up-to-date: /home/user/ros2_ws/install/tortoisebot_gazebo/share/tortoisebot_gazebo/cmake/tortoisebot_gazeboConfig-version.cmake
[0.370s] -- Up-to-date: /home/user/ros2_ws/install/tortoisebot_gazebo/share/tortoisebot_gazebo/package.xml
[0.415s] Invoked command in '/home/user/ros2_ws/build/tortoisebot_gazebo' returned '0': CMAKE_PREFIX_PATH=/opt/ros/galactic:${CMAKE_PREFIX_PATH} _=/usr/bin/env /usr/bin/cmake --install /home/user/ros2_ws/build/tortoisebot_gazebo
