-- The C compiler identification is GNU 9.4.0
-- The CXX compiler identification is GNU 9.4.0
-- Check for working C compiler: /usr/bin/cc
-- Check for working C compiler: /usr/bin/cc -- works
-- Detecting C compiler ABI info
-- Detecting C compiler ABI info - done
-- Detecting C compile features
-- Detecting C compile features - done
-- Check for working CXX compiler: /usr/bin/c++
-- Check for working CXX compiler: /usr/bin/c++ -- works
-- Detecting CXX compiler ABI info
-- Detecting CXX compiler ABI info - done
-- Detecting CXX compile features
-- Detecting CXX compile features - done
-- Found ament_cmake: 1.1.5 (/opt/ros/galactic/share/ament_cmake/cmake)
-- Found PythonInterp: /usr/bin/python3 (found suitable version "3.8.10", minimum required is "3") 
-- Using PYTHON_EXECUTABLE: /usr/bin/python3
-- Found rclcpp: 9.2.1 (/opt/ros/galactic/share/rclcpp/cmake)
-- Using all available rosidl_typesupport_c: rosidl_typesupport_fastrtps_c;rosidl_typesupport_introspection_c
-- Found rosidl_adapter: 2.2.2 (/opt/ros/galactic/share/rosidl_adapter/cmake)
-- Found OpenSSL: /usr/lib/x86_64-linux-gnu/libcrypto.so (found version "1.1.1f")  
-- Found FastRTPS: /opt/ros/galactic/include  
-- Using all available rosidl_typesupport_cpp: rosidl_typesupport_fastrtps_cpp;rosidl_typesupport_introspection_cpp
-- Found rmw_implementation_cmake: 3.3.1 (/opt/ros/galactic/share/rmw_implementation_cmake/cmake)
-- Found rmw_cyclonedds_cpp: 0.22.5 (/opt/ros/galactic/share/rmw_cyclonedds_cpp/cmake)
-- Using RMW implementation 'rmw_cyclonedds_cpp' as default
-- Looking for pthread.h
-- Looking for pthread.h - found
-- Performing Test CMAKE_HAVE_LIBC_PTHREAD
-- Performing Test CMAKE_HAVE_LIBC_PTHREAD - Failed
-- Looking for pthread_create in pthreads
-- Looking for pthread_create in pthreads - not found
-- Looking for pthread_create in pthread
-- Looking for pthread_create in pthread - found
-- Found Threads: TRUE  
-- Found geometry_msgs: 2.2.4 (/opt/ros/galactic/share/geometry_msgs/cmake)
-- Found rosidl_default_generators: 1.1.1 (/opt/ros/galactic/share/rosidl_default_generators/cmake)
-- Found ament_lint_auto: 0.10.7 (/opt/ros/galactic/share/ament_lint_auto/cmake)
-- Found PythonInterp: /usr/bin/python3 (found version "3.8.10") 
-- Found ament_cmake_ros: 0.9.2 (/opt/ros/galactic/share/ament_cmake_ros/cmake)
-- Using all available rosidl_typesupport_c: rosidl_typesupport_fastrtps_c;rosidl_typesupport_introspection_c
-- Using all available rosidl_typesupport_cpp: rosidl_typesupport_fastrtps_cpp;rosidl_typesupport_introspection_cpp
-- Found PythonInterp: /usr/bin/python3 (found suitable version "3.8.10", minimum required is "3.5") 
-- Found python_cmake_module: 0.8.1 (/opt/ros/galactic/share/python_cmake_module/cmake)
-- Found PythonLibs: /usr/lib/x86_64-linux-gnu/libpython3.8.so (found suitable version "3.8.10", minimum required is "3.5") 
-- Using PYTHON_EXECUTABLE: /usr/bin/python3
-- Using PYTHON_INCLUDE_DIRS: /usr/include/python3.8
-- Using PYTHON_LIBRARIES: /usr/lib/x86_64-linux-gnu/libpython3.8.so
-- Found PythonExtra: .so  
-- Added test 'copyright' to check source files copyright and LICENSE
-- Added test 'lint_cmake' to check CMake code style
-- Added test 'xmllint' to check XML markup files
-- Configuring done
-- Generating done
-- Build files have been written to: /home/user/ros2_ws/build/tortoisebot_waypoints_interface
[35m[1mScanning dependencies of target tortoisebot_waypoints_interface__cpp[0m
[  3%] [34m[1mGenerating C code for ROS interfaces[0m
[  6%] [34m[1mGenerating C++ code for ROS interfaces[0m
[  6%] Built target tortoisebot_waypoints_interface__cpp
[  9%] [34m[1mGenerating C++ type support dispatch for ROS interfaces[0m
[ 12%] [34m[1mGenerating C++ introspection for ROS interfaces[0m
[ 16%] [34m[1mGenerating C++ type support for eProsima Fast-RTPS[0m
[35m[1mScanning dependencies of target tortoisebot_waypoints_interface__rosidl_generator_c[0m
[ 19%] [32mBuilding C object CMakeFiles/tortoisebot_waypoints_interface__rosidl_generator_c.dir/rosidl_generator_c/tortoisebot_waypoints_interface/action/detail/waypoint_action__functions.c.o[0m
[ 22%] [32m[1mLinking C shared library libtortoisebot_waypoints_interface__rosidl_generator_c.so[0m
[ 22%] Built target tortoisebot_waypoints_interface__rosidl_generator_c
[ 25%] [34m[1mGenerating C introspection for ROS interfaces[0m
[ 29%] [34m[1mGenerating C type support dispatch for ROS interfaces[0m
[35m[1mScanning dependencies of target tortoisebot_waypoints_interface__rosidl_typesupport_cpp[0m
[ 32%] [32mBuilding CXX object CMakeFiles/tortoisebot_waypoints_interface__rosidl_typesupport_cpp.dir/rosidl_typesupport_cpp/tortoisebot_waypoints_interface/action/waypoint_action__type_support.cpp.o[0m
[35m[1mScanning dependencies of target tortoisebot_waypoints_interface__rosidl_typesupport_introspection_cpp[0m
[ 35%] [32mBuilding CXX object CMakeFiles/tortoisebot_waypoints_interface__rosidl_typesupport_introspection_cpp.dir/rosidl_typesupport_introspection_cpp/tortoisebot_waypoints_interface/action/detail/waypoint_action__type_support.cpp.o[0m
[35m[1mScanning dependencies of target tortoisebot_waypoints_interface__rosidl_typesupport_fastrtps_cpp[0m
[35m[1mScanning dependencies of target tortoisebot_waypoints_interface__rosidl_typesupport_introspection_c[0m
[35m[1mScanning dependencies of target tortoisebot_waypoints_interface__rosidl_typesupport_c[0m
[ 38%] [32mBuilding CXX object CMakeFiles/tortoisebot_waypoints_interface__rosidl_typesupport_c.dir/rosidl_typesupport_c/tortoisebot_waypoints_interface/action/waypoint_action__type_support.cpp.o[0m
[ 41%] [32mBuilding CXX object CMakeFiles/tortoisebot_waypoints_interface__rosidl_typesupport_fastrtps_cpp.dir/rosidl_typesupport_fastrtps_cpp/tortoisebot_waypoints_interface/action/detail/dds_fastrtps/waypoint_action__type_support.cpp.o[0m
[ 45%] [32mBuilding C object CMakeFiles/tortoisebot_waypoints_interface__rosidl_typesupport_introspection_c.dir/rosidl_typesupport_introspection_c/tortoisebot_waypoints_interface/action/detail/waypoint_action__type_support.c.o[0m
[ 48%] [32m[1mLinking CXX shared library libtortoisebot_waypoints_interface__rosidl_typesupport_c.so[0m
[ 51%] [32m[1mLinking C shared library libtortoisebot_waypoints_interface__rosidl_typesupport_introspection_c.so[0m
[ 51%] Built target tortoisebot_waypoints_interface__rosidl_typesupport_c
[ 51%] Built target tortoisebot_waypoints_interface__rosidl_typesupport_introspection_c
[ 54%] [32m[1mLinking CXX shared library libtortoisebot_waypoints_interface__rosidl_typesupport_cpp.so[0m
[ 54%] Built target tortoisebot_waypoints_interface__rosidl_typesupport_cpp
[ 58%] [32m[1mLinking CXX shared library libtortoisebot_waypoints_interface__rosidl_typesupport_introspection_cpp.so[0m
[ 58%] Built target tortoisebot_waypoints_interface__rosidl_typesupport_introspection_cpp
[ 61%] [32m[1mLinking CXX shared library libtortoisebot_waypoints_interface__rosidl_typesupport_fastrtps_cpp.so[0m
[ 61%] Built target tortoisebot_waypoints_interface__rosidl_typesupport_fastrtps_cpp
[ 64%] [34m[1mGenerating C type support for eProsima Fast-RTPS[0m
[35m[1mScanning dependencies of target tortoisebot_waypoints_interface__rosidl_typesupport_fastrtps_c[0m
[ 67%] [32mBuilding CXX object CMakeFiles/tortoisebot_waypoints_interface__rosidl_typesupport_fastrtps_c.dir/rosidl_typesupport_fastrtps_c/tortoisebot_waypoints_interface/action/detail/waypoint_action__type_support_c.cpp.o[0m
[ 70%] [32m[1mLinking CXX shared library libtortoisebot_waypoints_interface__rosidl_typesupport_fastrtps_c.so[0m
[ 70%] Built target tortoisebot_waypoints_interface__rosidl_typesupport_fastrtps_c
[35m[1mScanning dependencies of target tortoisebot_waypoints_interface[0m
[ 70%] Built target tortoisebot_waypoints_interface
[35m[1mScanning dependencies of target tortoisebot_waypoints_interface__py[0m
[ 74%] [34m[1mGenerating Python code for ROS interfaces[0m
[ 74%] Built target tortoisebot_waypoints_interface__py
[35m[1mScanning dependencies of target tortoisebot_waypoints_interface__python[0m
[ 77%] [32mBuilding C object CMakeFiles/tortoisebot_waypoints_interface__python.dir/rosidl_generator_py/tortoisebot_waypoints_interface/action/_waypoint_action_s.c.o[0m
[ 80%] [32m[1mLinking C shared library rosidl_generator_py/tortoisebot_waypoints_interface/libtortoisebot_waypoints_interface__python.so[0m
[ 80%] Built target tortoisebot_waypoints_interface__python
[35m[1mScanning dependencies of target tortoisebot_waypoints_interface__rosidl_typesupport_introspection_c__pyext[0m
[35m[1mScanning dependencies of target tortoisebot_waypoints_interface__rosidl_typesupport_c__pyext[0m
[35m[1mScanning dependencies of target tortoisebot_waypoints_interface__rosidl_typesupport_fastrtps_c__pyext[0m
[ 83%] [32mBuilding C object CMakeFiles/tortoisebot_waypoints_interface__rosidl_typesupport_c__pyext.dir/rosidl_generator_py/tortoisebot_waypoints_interface/_tortoisebot_waypoints_interface_s.ep.rosidl_typesupport_c.c.o[0m
[ 87%] [32mBuilding C object CMakeFiles/tortoisebot_waypoints_interface__rosidl_typesupport_introspection_c__pyext.dir/rosidl_generator_py/tortoisebot_waypoints_interface/_tortoisebot_waypoints_interface_s.ep.rosidl_typesupport_introspection_c.c.o[0m
[ 90%] [32mBuilding C object CMakeFiles/tortoisebot_waypoints_interface__rosidl_typesupport_fastrtps_c__pyext.dir/rosidl_generator_py/tortoisebot_waypoints_interface/_tortoisebot_waypoints_interface_s.ep.rosidl_typesupport_fastrtps_c.c.o[0m
[ 93%] [32m[1mLinking CXX shared library rosidl_generator_py/tortoisebot_waypoints_interface/tortoisebot_waypoints_interface_s__rosidl_typesupport_fastrtps_c.cpython-38-x86_64-linux-gnu.so[0m
[ 96%] [32m[1mLinking C shared library rosidl_generator_py/tortoisebot_waypoints_interface/tortoisebot_waypoints_interface_s__rosidl_typesupport_introspection_c.cpython-38-x86_64-linux-gnu.so[0m
[100%] [32m[1mLinking C shared library rosidl_generator_py/tortoisebot_waypoints_interface/tortoisebot_waypoints_interface_s__rosidl_typesupport_c.cpython-38-x86_64-linux-gnu.so[0m
[100%] Built target tortoisebot_waypoints_interface__rosidl_typesupport_introspection_c__pyext
[100%] Built target tortoisebot_waypoints_interface__rosidl_typesupport_c__pyext
[100%] Built target tortoisebot_waypoints_interface__rosidl_typesupport_fastrtps_c__pyext
-- Install configuration: ""
-- Installing: /home/user/ros2_ws/install/tortoisebot_waypoints_interface/share/ament_index/resource_index/rosidl_interfaces/tortoisebot_waypoints_interface
-- Installing: /home/user/ros2_ws/install/tortoisebot_waypoints_interface/include/tortoisebot_waypoints_interface
-- Installing: /home/user/ros2_ws/install/tortoisebot_waypoints_interface/include/tortoisebot_waypoints_interface/msg
-- Installing: /home/user/ros2_ws/install/tortoisebot_waypoints_interface/include/tortoisebot_waypoints_interface/msg/rosidl_generator_c__visibility_control.h
-- Installing: /home/user/ros2_ws/install/tortoisebot_waypoints_interface/include/tortoisebot_waypoints_interface/action
-- Installing: /home/user/ros2_ws/install/tortoisebot_waypoints_interface/include/tortoisebot_waypoints_interface/action/detail
-- Installing: /home/user/ros2_ws/install/tortoisebot_waypoints_interface/include/tortoisebot_waypoints_interface/action/detail/waypoint_action__type_support.h
-- Installing: /home/user/ros2_ws/install/tortoisebot_waypoints_interface/include/tortoisebot_waypoints_interface/action/detail/waypoint_action__functions.h
-- Installing: /home/user/ros2_ws/install/tortoisebot_waypoints_interface/include/tortoisebot_waypoints_interface/action/detail/waypoint_action__functions.c
-- Installing: /home/user/ros2_ws/install/tortoisebot_waypoints_interface/include/tortoisebot_waypoints_interface/action/detail/waypoint_action__struct.h
-- Installing: /home/user/ros2_ws/install/tortoisebot_waypoints_interface/include/tortoisebot_waypoints_interface/action/waypoint_action.h
-- Installing: /home/user/ros2_ws/install/tortoisebot_waypoints_interface/share/tortoisebot_waypoints_interface/environment/library_path.sh
-- Installing: /home/user/ros2_ws/install/tortoisebot_waypoints_interface/share/tortoisebot_waypoints_interface/environment/library_path.dsv
-- Installing: /home/user/ros2_ws/install/tortoisebot_waypoints_interface/lib/libtortoisebot_waypoints_interface__rosidl_generator_c.so
-- Set runtime path of "/home/user/ros2_ws/install/tortoisebot_waypoints_interface/lib/libtortoisebot_waypoints_interface__rosidl_generator_c.so" to ""
-- Up-to-date: /home/user/ros2_ws/install/tortoisebot_waypoints_interface/include/tortoisebot_waypoints_interface
-- Up-to-date: /home/user/ros2_ws/install/tortoisebot_waypoints_interface/include/tortoisebot_waypoints_interface/msg
-- Installing: /home/user/ros2_ws/install/tortoisebot_waypoints_interface/include/tortoisebot_waypoints_interface/msg/rosidl_typesupport_fastrtps_c__visibility_control.h
-- Up-to-date: /home/user/ros2_ws/install/tortoisebot_waypoints_interface/include/tortoisebot_waypoints_interface/action
-- Up-to-date: /home/user/ros2_ws/install/tortoisebot_waypoints_interface/include/tortoisebot_waypoints_interface/action/detail
-- Installing: /home/user/ros2_ws/install/tortoisebot_waypoints_interface/include/tortoisebot_waypoints_interface/action/detail/waypoint_action__rosidl_typesupport_fastrtps_c.h
-- Installing: /home/user/ros2_ws/install/tortoisebot_waypoints_interface/lib/libtortoisebot_waypoints_interface__rosidl_typesupport_fastrtps_c.so
-- Set runtime path of "/home/user/ros2_ws/install/tortoisebot_waypoints_interface/lib/libtortoisebot_waypoints_interface__rosidl_typesupport_fastrtps_c.so" to ""
-- Up-to-date: /home/user/ros2_ws/install/tortoisebot_waypoints_interface/include/tortoisebot_waypoints_interface
-- Up-to-date: /home/user/ros2_ws/install/tortoisebot_waypoints_interface/include/tortoisebot_waypoints_interface/msg
-- Installing: /home/user/ros2_ws/install/tortoisebot_waypoints_interface/include/tortoisebot_waypoints_interface/msg/rosidl_typesupport_fastrtps_cpp__visibility_control.h
-- Up-to-date: /home/user/ros2_ws/install/tortoisebot_waypoints_interface/include/tortoisebot_waypoints_interface/action
-- Up-to-date: /home/user/ros2_ws/install/tortoisebot_waypoints_interface/include/tortoisebot_waypoints_interface/action/detail
-- Installing: /home/user/ros2_ws/install/tortoisebot_waypoints_interface/include/tortoisebot_waypoints_interface/action/detail/dds_fastrtps
-- Installing: /home/user/ros2_ws/install/tortoisebot_waypoints_interface/include/tortoisebot_waypoints_interface/action/detail/waypoint_action__rosidl_typesupport_fastrtps_cpp.hpp
-- Installing: /home/user/ros2_ws/install/tortoisebot_waypoints_interface/lib/libtortoisebot_waypoints_interface__rosidl_typesupport_fastrtps_cpp.so
-- Set runtime path of "/home/user/ros2_ws/install/tortoisebot_waypoints_interface/lib/libtortoisebot_waypoints_interface__rosidl_typesupport_fastrtps_cpp.so" to ""
-- Up-to-date: /home/user/ros2_ws/install/tortoisebot_waypoints_interface/include/tortoisebot_waypoints_interface
-- Up-to-date: /home/user/ros2_ws/install/tortoisebot_waypoints_interface/include/tortoisebot_waypoints_interface/msg
-- Installing: /home/user/ros2_ws/install/tortoisebot_waypoints_interface/include/tortoisebot_waypoints_interface/msg/rosidl_typesupport_introspection_c__visibility_control.h
-- Up-to-date: /home/user/ros2_ws/install/tortoisebot_waypoints_interface/include/tortoisebot_waypoints_interface/action
-- Up-to-date: /home/user/ros2_ws/install/tortoisebot_waypoints_interface/include/tortoisebot_waypoints_interface/action/detail
-- Installing: /home/user/ros2_ws/install/tortoisebot_waypoints_interface/include/tortoisebot_waypoints_interface/action/detail/waypoint_action__type_support.c
-- Installing: /home/user/ros2_ws/install/tortoisebot_waypoints_interface/include/tortoisebot_waypoints_interface/action/detail/waypoint_action__rosidl_typesupport_introspection_c.h
-- Installing: /home/user/ros2_ws/install/tortoisebot_waypoints_interface/lib/libtortoisebot_waypoints_interface__rosidl_typesupport_introspection_c.so
-- Set runtime path of "/home/user/ros2_ws/install/tortoisebot_waypoints_interface/lib/libtortoisebot_waypoints_interface__rosidl_typesupport_introspection_c.so" to ""
-- Installing: /home/user/ros2_ws/install/tortoisebot_waypoints_interface/lib/libtortoisebot_waypoints_interface__rosidl_typesupport_c.so
-- Set runtime path of "/home/user/ros2_ws/install/tortoisebot_waypoints_interface/lib/libtortoisebot_waypoints_interface__rosidl_typesupport_c.so" to ""
-- Up-to-date: /home/user/ros2_ws/install/tortoisebot_waypoints_interface/include/tortoisebot_waypoints_interface
-- Up-to-date: /home/user/ros2_ws/install/tortoisebot_waypoints_interface/include/tortoisebot_waypoints_interface/action
-- Up-to-date: /home/user/ros2_ws/install/tortoisebot_waypoints_interface/include/tortoisebot_waypoints_interface/action/detail
-- Installing: /home/user/ros2_ws/install/tortoisebot_waypoints_interface/include/tortoisebot_waypoints_interface/action/detail/waypoint_action__builder.hpp
-- Installing: /home/user/ros2_ws/install/tortoisebot_waypoints_interface/include/tortoisebot_waypoints_interface/action/detail/waypoint_action__struct.hpp
-- Installing: /home/user/ros2_ws/install/tortoisebot_waypoints_interface/include/tortoisebot_waypoints_interface/action/detail/waypoint_action__traits.hpp
-- Installing: /home/user/ros2_ws/install/tortoisebot_waypoints_interface/include/tortoisebot_waypoints_interface/action/waypoint_action.hpp
-- Up-to-date: /home/user/ros2_ws/install/tortoisebot_waypoints_interface/include/tortoisebot_waypoints_interface
-- Up-to-date: /home/user/ros2_ws/install/tortoisebot_waypoints_interface/include/tortoisebot_waypoints_interface/action
-- Up-to-date: /home/user/ros2_ws/install/tortoisebot_waypoints_interface/include/tortoisebot_waypoints_interface/action/detail
-- Installing: /home/user/ros2_ws/install/tortoisebot_waypoints_interface/include/tortoisebot_waypoints_interface/action/detail/waypoint_action__rosidl_typesupport_introspection_cpp.hpp
-- Installing: /home/user/ros2_ws/install/tortoisebot_waypoints_interface/include/tortoisebot_waypoints_interface/action/detail/waypoint_action__type_support.cpp
-- Installing: /home/user/ros2_ws/install/tortoisebot_waypoints_interface/lib/libtortoisebot_waypoints_interface__rosidl_typesupport_introspection_cpp.so
-- Set runtime path of "/home/user/ros2_ws/install/tortoisebot_waypoints_interface/lib/libtortoisebot_waypoints_interface__rosidl_typesupport_introspection_cpp.so" to ""
-- Installing: /home/user/ros2_ws/install/tortoisebot_waypoints_interface/lib/libtortoisebot_waypoints_interface__rosidl_typesupport_cpp.so
-- Set runtime path of "/home/user/ros2_ws/install/tortoisebot_waypoints_interface/lib/libtortoisebot_waypoints_interface__rosidl_typesupport_cpp.so" to ""
-- Installing: /home/user/ros2_ws/install/tortoisebot_waypoints_interface/share/tortoisebot_waypoints_interface/environment/pythonpath.sh
-- Installing: /home/user/ros2_ws/install/tortoisebot_waypoints_interface/share/tortoisebot_waypoints_interface/environment/pythonpath.dsv
-- Installing: /home/user/ros2_ws/install/tortoisebot_waypoints_interface/lib/python3.8/site-packages/tortoisebot_waypoints_interface/__init__.py
Compiling '/home/user/ros2_ws/install/tortoisebot_waypoints_interface/lib/python3.8/site-packages/tortoisebot_waypoints_interface/__init__.py'...
-- Installing: /home/user/ros2_ws/install/tortoisebot_waypoints_interface/lib/python3.8/site-packages/tortoisebot_waypoints_interface/action
-- Installing: /home/user/ros2_ws/install/tortoisebot_waypoints_interface/lib/python3.8/site-packages/tortoisebot_waypoints_interface/action/_waypoint_action.py
-- Installing: /home/user/ros2_ws/install/tortoisebot_waypoints_interface/lib/python3.8/site-packages/tortoisebot_waypoints_interface/action/_waypoint_action_s.c
-- Installing: /home/user/ros2_ws/install/tortoisebot_waypoints_interface/lib/python3.8/site-packages/tortoisebot_waypoints_interface/action/__init__.py
-- Installing: /home/user/ros2_ws/install/tortoisebot_waypoints_interface/lib/python3.8/site-packages/tortoisebot_waypoints_interface/tortoisebot_waypoints_interface_s__rosidl_typesupport_fastrtps_c.cpython-38-x86_64-linux-gnu.so
-- Set runtime path of "/home/user/ros2_ws/install/tortoisebot_waypoints_interface/lib/python3.8/site-packages/tortoisebot_waypoints_interface/tortoisebot_waypoints_interface_s__rosidl_typesupport_fastrtps_c.cpython-38-x86_64-linux-gnu.so" to ""
-- Installing: /home/user/ros2_ws/install/tortoisebot_waypoints_interface/lib/python3.8/site-packages/tortoisebot_waypoints_interface/tortoisebot_waypoints_interface_s__rosidl_typesupport_introspection_c.cpython-38-x86_64-linux-gnu.so
-- Set runtime path of "/home/user/ros2_ws/install/tortoisebot_waypoints_interface/lib/python3.8/site-packages/tortoisebot_waypoints_interface/tortoisebot_waypoints_interface_s__rosidl_typesupport_introspection_c.cpython-38-x86_64-linux-gnu.so" to ""
-- Installing: /home/user/ros2_ws/install/tortoisebot_waypoints_interface/lib/python3.8/site-packages/tortoisebot_waypoints_interface/tortoisebot_waypoints_interface_s__rosidl_typesupport_c.cpython-38-x86_64-linux-gnu.so
-- Set runtime path of "/home/user/ros2_ws/install/tortoisebot_waypoints_interface/lib/python3.8/site-packages/tortoisebot_waypoints_interface/tortoisebot_waypoints_interface_s__rosidl_typesupport_c.cpython-38-x86_64-linux-gnu.so" to ""
-- Installing: /home/user/ros2_ws/install/tortoisebot_waypoints_interface/lib/libtortoisebot_waypoints_interface__python.so
-- Set runtime path of "/home/user/ros2_ws/install/tortoisebot_waypoints_interface/lib/libtortoisebot_waypoints_interface__python.so" to ""
-- Installing: /home/user/ros2_ws/install/tortoisebot_waypoints_interface/share/tortoisebot_waypoints_interface/action/WaypointAction.idl
-- Installing: /home/user/ros2_ws/install/tortoisebot_waypoints_interface/share/tortoisebot_waypoints_interface/action/WaypointAction.action
-- Installing: /home/user/ros2_ws/install/tortoisebot_waypoints_interface/share/ament_index/resource_index/package_run_dependencies/tortoisebot_waypoints_interface
-- Installing: /home/user/ros2_ws/install/tortoisebot_waypoints_interface/share/ament_index/resource_index/parent_prefix_path/tortoisebot_waypoints_interface
-- Installing: /home/user/ros2_ws/install/tortoisebot_waypoints_interface/share/tortoisebot_waypoints_interface/environment/ament_prefix_path.sh
-- Installing: /home/user/ros2_ws/install/tortoisebot_waypoints_interface/share/tortoisebot_waypoints_interface/environment/ament_prefix_path.dsv
-- Installing: /home/user/ros2_ws/install/tortoisebot_waypoints_interface/share/tortoisebot_waypoints_interface/environment/path.sh
-- Installing: /home/user/ros2_ws/install/tortoisebot_waypoints_interface/share/tortoisebot_waypoints_interface/environment/path.dsv
-- Installing: /home/user/ros2_ws/install/tortoisebot_waypoints_interface/share/tortoisebot_waypoints_interface/local_setup.bash
-- Installing: /home/user/ros2_ws/install/tortoisebot_waypoints_interface/share/tortoisebot_waypoints_interface/local_setup.sh
-- Installing: /home/user/ros2_ws/install/tortoisebot_waypoints_interface/share/tortoisebot_waypoints_interface/local_setup.zsh
-- Installing: /home/user/ros2_ws/install/tortoisebot_waypoints_interface/share/tortoisebot_waypoints_interface/local_setup.dsv
-- Installing: /home/user/ros2_ws/install/tortoisebot_waypoints_interface/share/tortoisebot_waypoints_interface/package.dsv
-- Installing: /home/user/ros2_ws/install/tortoisebot_waypoints_interface/share/ament_index/resource_index/packages/tortoisebot_waypoints_interface
-- Installing: /home/user/ros2_ws/install/tortoisebot_waypoints_interface/share/tortoisebot_waypoints_interface/cmake/tortoisebot_waypoints_interface__rosidl_generator_cExport.cmake
-- Installing: /home/user/ros2_ws/install/tortoisebot_waypoints_interface/share/tortoisebot_waypoints_interface/cmake/tortoisebot_waypoints_interface__rosidl_generator_cExport-noconfig.cmake
-- Installing: /home/user/ros2_ws/install/tortoisebot_waypoints_interface/share/tortoisebot_waypoints_interface/cmake/tortoisebot_waypoints_interface__rosidl_typesupport_introspection_cExport.cmake
-- Installing: /home/user/ros2_ws/install/tortoisebot_waypoints_interface/share/tortoisebot_waypoints_interface/cmake/tortoisebot_waypoints_interface__rosidl_typesupport_introspection_cExport-noconfig.cmake
-- Installing: /home/user/ros2_ws/install/tortoisebot_waypoints_interface/share/tortoisebot_waypoints_interface/cmake/tortoisebot_waypoints_interface__rosidl_typesupport_cExport.cmake
-- Installing: /home/user/ros2_ws/install/tortoisebot_waypoints_interface/share/tortoisebot_waypoints_interface/cmake/tortoisebot_waypoints_interface__rosidl_typesupport_cExport-noconfig.cmake
-- Installing: /home/user/ros2_ws/install/tortoisebot_waypoints_interface/share/tortoisebot_waypoints_interface/cmake/tortoisebot_waypoints_interface__rosidl_generator_cppExport.cmake
-- Installing: /home/user/ros2_ws/install/tortoisebot_waypoints_interface/share/tortoisebot_waypoints_interface/cmake/tortoisebot_waypoints_interface__rosidl_typesupport_introspection_cppExport.cmake
-- Installing: /home/user/ros2_ws/install/tortoisebot_waypoints_interface/share/tortoisebot_waypoints_interface/cmake/tortoisebot_waypoints_interface__rosidl_typesupport_introspection_cppExport-noconfig.cmake
-- Installing: /home/user/ros2_ws/install/tortoisebot_waypoints_interface/share/tortoisebot_waypoints_interface/cmake/tortoisebot_waypoints_interface__rosidl_typesupport_cppExport.cmake
-- Installing: /home/user/ros2_ws/install/tortoisebot_waypoints_interface/share/tortoisebot_waypoints_interface/cmake/tortoisebot_waypoints_interface__rosidl_typesupport_cppExport-noconfig.cmake
-- Installing: /home/user/ros2_ws/install/tortoisebot_waypoints_interface/share/tortoisebot_waypoints_interface/cmake/rosidl_cmake-extras.cmake
-- Installing: /home/user/ros2_ws/install/tortoisebot_waypoints_interface/share/tortoisebot_waypoints_interface/cmake/ament_cmake_export_dependencies-extras.cmake
-- Installing: /home/user/ros2_ws/install/tortoisebot_waypoints_interface/share/tortoisebot_waypoints_interface/cmake/ament_cmake_export_libraries-extras.cmake
-- Installing: /home/user/ros2_ws/install/tortoisebot_waypoints_interface/share/tortoisebot_waypoints_interface/cmake/ament_cmake_export_targets-extras.cmake
-- Installing: /home/user/ros2_ws/install/tortoisebot_waypoints_interface/share/tortoisebot_waypoints_interface/cmake/ament_cmake_export_include_directories-extras.cmake
-- Installing: /home/user/ros2_ws/install/tortoisebot_waypoints_interface/share/tortoisebot_waypoints_interface/cmake/rosidl_cmake_export_typesupport_libraries-extras.cmake
-- Installing: /home/user/ros2_ws/install/tortoisebot_waypoints_interface/share/tortoisebot_waypoints_interface/cmake/rosidl_cmake_export_typesupport_targets-extras.cmake
-- Installing: /home/user/ros2_ws/install/tortoisebot_waypoints_interface/share/tortoisebot_waypoints_interface/cmake/tortoisebot_waypoints_interfaceConfig.cmake
-- Installing: /home/user/ros2_ws/install/tortoisebot_waypoints_interface/share/tortoisebot_waypoints_interface/cmake/tortoisebot_waypoints_interfaceConfig-version.cmake
-- Installing: /home/user/ros2_ws/install/tortoisebot_waypoints_interface/share/tortoisebot_waypoints_interface/package.xml
