[0.112s] Invoking command in '/home/user/ros2_ws/build/tortoisebot_waypoints_interface': CMAKE_PREFIX_PATH=/opt/ros/galactic:${CMAKE_PREFIX_PATH} _=/usr/bin/env /usr/bin/cmake /home/user/ros2_ws/src/tortoisebot_waypoints_interface -DCMAKE_INSTALL_PREFIX=/home/user/ros2_ws/install/tortoisebot_waypoints_interface
[6.282s] -- The C compiler identification is GNU 9.4.0
[6.475s] -- The CXX compiler identification is GNU 9.4.0
[6.575s] -- Check for working C compiler: /usr/bin/cc
[6.709s] -- Check for working C compiler: /usr/bin/cc -- works
[6.713s] -- Detecting C compiler ABI info
[6.877s] -- Detecting C compiler ABI info - done
[6.893s] -- Detecting C compile features
[6.987s] -- Detecting C compile features - done
[6.994s] -- Check for working CXX compiler: /usr/bin/c++
[7.158s] -- Check for working CXX compiler: /usr/bin/c++ -- works
[7.158s] -- Detecting CXX compiler ABI info
[7.314s] -- Detecting CXX compiler ABI info - done
[7.343s] -- Detecting CXX compile features
[7.344s] -- Detecting CXX compile features - done
[7.364s] -- Found ament_cmake: 1.1.5 (/opt/ros/galactic/share/ament_cmake/cmake)
[7.788s] -- Found PythonInterp: /usr/bin/python3 (found suitable version "3.8.10", minimum required is "3") 
[7.788s] -- Using PYTHON_EXECUTABLE: /usr/bin/python3
[8.189s] -- Found rclcpp: 9.2.1 (/opt/ros/galactic/share/rclcpp/cmake)
[8.380s] -- Using all available rosidl_typesupport_c: rosidl_typesupport_fastrtps_c;rosidl_typesupport_introspection_c
[8.404s] -- Found rosidl_adapter: 2.2.2 (/opt/ros/galactic/share/rosidl_adapter/cmake)
[9.284s] -- Found OpenSSL: /usr/lib/x86_64-linux-gnu/libcrypto.so (found version "1.1.1f")  
[9.352s] -- Found FastRTPS: /opt/ros/galactic/include  
[9.663s] -- Using all available rosidl_typesupport_cpp: rosidl_typesupport_fastrtps_cpp;rosidl_typesupport_introspection_cpp
[9.859s] -- Found rmw_implementation_cmake: 3.3.1 (/opt/ros/galactic/share/rmw_implementation_cmake/cmake)
[9.874s] -- Found rmw_cyclonedds_cpp: 0.22.5 (/opt/ros/galactic/share/rmw_cyclonedds_cpp/cmake)
[9.920s] -- Using RMW implementation 'rmw_cyclonedds_cpp' as default
[9.923s] -- Looking for pthread.h
[10.042s] -- Looking for pthread.h - found
[10.043s] -- Performing Test CMAKE_HAVE_LIBC_PTHREAD
[10.151s] -- Performing Test CMAKE_HAVE_LIBC_PTHREAD - Failed
[10.152s] -- Looking for pthread_create in pthreads
[10.238s] -- Looking for pthread_create in pthreads - not found
[10.238s] -- Looking for pthread_create in pthread
[10.352s] -- Looking for pthread_create in pthread - found
[10.354s] -- Found Threads: TRUE  
[10.707s] -- Found geometry_msgs: 2.2.4 (/opt/ros/galactic/share/geometry_msgs/cmake)
[10.782s] -- Found rosidl_default_generators: 1.1.1 (/opt/ros/galactic/share/rosidl_default_generators/cmake)
[10.818s] -- Found ament_lint_auto: 0.10.7 (/opt/ros/galactic/share/ament_lint_auto/cmake)
[10.966s] -- Found PythonInterp: /usr/bin/python3 (found version "3.8.10") 
[11.468s] -- Found ament_cmake_ros: 0.9.2 (/opt/ros/galactic/share/ament_cmake_ros/cmake)
[12.037s] -- Using all available rosidl_typesupport_c: rosidl_typesupport_fastrtps_c;rosidl_typesupport_introspection_c
[12.202s] -- Using all available rosidl_typesupport_cpp: rosidl_typesupport_fastrtps_cpp;rosidl_typesupport_introspection_cpp
[12.251s] -- Found PythonInterp: /usr/bin/python3 (found suitable version "3.8.10", minimum required is "3.5") 
[12.263s] -- Found python_cmake_module: 0.8.1 (/opt/ros/galactic/share/python_cmake_module/cmake)
[12.620s] -- Found PythonLibs: /usr/lib/x86_64-linux-gnu/libpython3.8.so (found suitable version "3.8.10", minimum required is "3.5") 
[12.621s] -- Using PYTHON_EXECUTABLE: /usr/bin/python3
[12.621s] -- Using PYTHON_INCLUDE_DIRS: /usr/include/python3.8
[12.621s] -- Using PYTHON_LIBRARIES: /usr/lib/x86_64-linux-gnu/libpython3.8.so
[12.703s] -- Found PythonExtra: .so  
[13.330s] -- Added test 'copyright' to check source files copyright and LICENSE
[13.350s] -- Added test 'lint_cmake' to check CMake code style
[13.352s] -- Added test 'xmllint' to check XML markup files
[13.405s] -- Configuring done
[13.621s] -- Generating done
[13.629s] -- Build files have been written to: /home/user/ros2_ws/build/tortoisebot_waypoints_interface
[13.647s] Invoked command in '/home/user/ros2_ws/build/tortoisebot_waypoints_interface' returned '0': CMAKE_PREFIX_PATH=/opt/ros/galactic:${CMAKE_PREFIX_PATH} _=/usr/bin/env /usr/bin/cmake /home/user/ros2_ws/src/tortoisebot_waypoints_interface -DCMAKE_INSTALL_PREFIX=/home/user/ros2_ws/install/tortoisebot_waypoints_interface
[13.652s] Invoking command in '/home/user/ros2_ws/build/tortoisebot_waypoints_interface': CMAKE_PREFIX_PATH=/opt/ros/galactic:${CMAKE_PREFIX_PATH} _=/usr/bin/env /usr/bin/cmake --build /home/user/ros2_ws/build/tortoisebot_waypoints_interface -- -j8 -l8
[13.754s] [35m[1mScanning dependencies of target tortoisebot_waypoints_interface__cpp[0m
[13.807s] [  3%] [34m[1mGenerating C code for ROS interfaces[0m
[13.834s] [  6%] [34m[1mGenerating C++ code for ROS interfaces[0m
[14.671s] [  6%] Built target tortoisebot_waypoints_interface__cpp
[14.692s] [  9%] [34m[1mGenerating C++ type support dispatch for ROS interfaces[0m
[14.693s] [ 12%] [34m[1mGenerating C++ introspection for ROS interfaces[0m
[14.694s] [ 16%] [34m[1mGenerating C++ type support for eProsima Fast-RTPS[0m
[14.751s] [35m[1mScanning dependencies of target tortoisebot_waypoints_interface__rosidl_generator_c[0m
[14.775s] [ 19%] [32mBuilding C object CMakeFiles/tortoisebot_waypoints_interface__rosidl_generator_c.dir/rosidl_generator_c/tortoisebot_waypoints_interface/action/detail/waypoint_action__functions.c.o[0m
[14.963s] [ 22%] [32m[1mLinking C shared library libtortoisebot_waypoints_interface__rosidl_generator_c.so[0m
[15.037s] [ 22%] Built target tortoisebot_waypoints_interface__rosidl_generator_c
[15.063s] [ 25%] [34m[1mGenerating C introspection for ROS interfaces[0m
[15.072s] [ 29%] [34m[1mGenerating C type support dispatch for ROS interfaces[0m
[15.275s] [35m[1mScanning dependencies of target tortoisebot_waypoints_interface__rosidl_typesupport_cpp[0m
[15.345s] [ 32%] [32mBuilding CXX object CMakeFiles/tortoisebot_waypoints_interface__rosidl_typesupport_cpp.dir/rosidl_typesupport_cpp/tortoisebot_waypoints_interface/action/waypoint_action__type_support.cpp.o[0m
[15.405s] [35m[1mScanning dependencies of target tortoisebot_waypoints_interface__rosidl_typesupport_introspection_cpp[0m
[15.485s] [ 35%] [32mBuilding CXX object CMakeFiles/tortoisebot_waypoints_interface__rosidl_typesupport_introspection_cpp.dir/rosidl_typesupport_introspection_cpp/tortoisebot_waypoints_interface/action/detail/waypoint_action__type_support.cpp.o[0m
[15.626s] [35m[1mScanning dependencies of target tortoisebot_waypoints_interface__rosidl_typesupport_fastrtps_cpp[0m
[15.794s] [35m[1mScanning dependencies of target tortoisebot_waypoints_interface__rosidl_typesupport_introspection_c[0m
[15.823s] [35m[1mScanning dependencies of target tortoisebot_waypoints_interface__rosidl_typesupport_c[0m
[15.852s] [ 38%] [32mBuilding CXX object CMakeFiles/tortoisebot_waypoints_interface__rosidl_typesupport_c.dir/rosidl_typesupport_c/tortoisebot_waypoints_interface/action/waypoint_action__type_support.cpp.o[0m
[15.916s] [ 41%] [32mBuilding CXX object CMakeFiles/tortoisebot_waypoints_interface__rosidl_typesupport_fastrtps_cpp.dir/rosidl_typesupport_fastrtps_cpp/tortoisebot_waypoints_interface/action/detail/dds_fastrtps/waypoint_action__type_support.cpp.o[0m
[15.938s] [ 45%] [32mBuilding C object CMakeFiles/tortoisebot_waypoints_interface__rosidl_typesupport_introspection_c.dir/rosidl_typesupport_introspection_c/tortoisebot_waypoints_interface/action/detail/waypoint_action__type_support.c.o[0m
[15.945s] [ 48%] [32m[1mLinking CXX shared library libtortoisebot_waypoints_interface__rosidl_typesupport_c.so[0m
[15.998s] [ 51%] [32m[1mLinking C shared library libtortoisebot_waypoints_interface__rosidl_typesupport_introspection_c.so[0m
[16.028s] [ 51%] Built target tortoisebot_waypoints_interface__rosidl_typesupport_c
[16.050s] [ 51%] Built target tortoisebot_waypoints_interface__rosidl_typesupport_introspection_c
[16.085s] [ 54%] [32m[1mLinking CXX shared library libtortoisebot_waypoints_interface__rosidl_typesupport_cpp.so[0m
[16.143s] [ 54%] Built target tortoisebot_waypoints_interface__rosidl_typesupport_cpp
[16.324s] [ 58%] [32m[1mLinking CXX shared library libtortoisebot_waypoints_interface__rosidl_typesupport_introspection_cpp.so[0m
[16.412s] [ 58%] Built target tortoisebot_waypoints_interface__rosidl_typesupport_introspection_cpp
[16.687s] [ 61%] [32m[1mLinking CXX shared library libtortoisebot_waypoints_interface__rosidl_typesupport_fastrtps_cpp.so[0m
[17.426s] [ 61%] Built target tortoisebot_waypoints_interface__rosidl_typesupport_fastrtps_cpp
[17.442s] [ 64%] [34m[1mGenerating C type support for eProsima Fast-RTPS[0m
[17.923s] [35m[1mScanning dependencies of target tortoisebot_waypoints_interface__rosidl_typesupport_fastrtps_c[0m
[17.958s] [ 67%] [32mBuilding CXX object CMakeFiles/tortoisebot_waypoints_interface__rosidl_typesupport_fastrtps_c.dir/rosidl_typesupport_fastrtps_c/tortoisebot_waypoints_interface/action/detail/waypoint_action__type_support_c.cpp.o[0m
[18.388s] [ 70%] [32m[1mLinking CXX shared library libtortoisebot_waypoints_interface__rosidl_typesupport_fastrtps_c.so[0m
[18.494s] [ 70%] Built target tortoisebot_waypoints_interface__rosidl_typesupport_fastrtps_c
[18.507s] [35m[1mScanning dependencies of target tortoisebot_waypoints_interface[0m
[18.521s] [ 70%] Built target tortoisebot_waypoints_interface
[18.534s] [35m[1mScanning dependencies of target tortoisebot_waypoints_interface__py[0m
[18.550s] [ 74%] [34m[1mGenerating Python code for ROS interfaces[0m
[19.544s] [ 74%] Built target tortoisebot_waypoints_interface__py
[19.557s] [35m[1mScanning dependencies of target tortoisebot_waypoints_interface__python[0m
[22.125s] [ 77%] [32mBuilding C object CMakeFiles/tortoisebot_waypoints_interface__python.dir/rosidl_generator_py/tortoisebot_waypoints_interface/action/_waypoint_action_s.c.o[0m
[22.608s] [ 80%] [32m[1mLinking C shared library rosidl_generator_py/tortoisebot_waypoints_interface/libtortoisebot_waypoints_interface__python.so[0m
[22.677s] [ 80%] Built target tortoisebot_waypoints_interface__python
[22.692s] [35m[1mScanning dependencies of target tortoisebot_waypoints_interface__rosidl_typesupport_introspection_c__pyext[0m
[22.693s] [35m[1mScanning dependencies of target tortoisebot_waypoints_interface__rosidl_typesupport_c__pyext[0m
[22.693s] [35m[1mScanning dependencies of target tortoisebot_waypoints_interface__rosidl_typesupport_fastrtps_c__pyext[0m
[22.722s] [ 83%] [32mBuilding C object CMakeFiles/tortoisebot_waypoints_interface__rosidl_typesupport_c__pyext.dir/rosidl_generator_py/tortoisebot_waypoints_interface/_tortoisebot_waypoints_interface_s.ep.rosidl_typesupport_c.c.o[0m
[22.727s] [ 87%] [32mBuilding C object CMakeFiles/tortoisebot_waypoints_interface__rosidl_typesupport_introspection_c__pyext.dir/rosidl_generator_py/tortoisebot_waypoints_interface/_tortoisebot_waypoints_interface_s.ep.rosidl_typesupport_introspection_c.c.o[0m
[22.729s] [ 90%] [32mBuilding C object CMakeFiles/tortoisebot_waypoints_interface__rosidl_typesupport_fastrtps_c__pyext.dir/rosidl_generator_py/tortoisebot_waypoints_interface/_tortoisebot_waypoints_interface_s.ep.rosidl_typesupport_fastrtps_c.c.o[0m
[22.882s] [ 93%] [32m[1mLinking CXX shared library rosidl_generator_py/tortoisebot_waypoints_interface/tortoisebot_waypoints_interface_s__rosidl_typesupport_fastrtps_c.cpython-38-x86_64-linux-gnu.so[0m
[22.889s] [ 96%] [32m[1mLinking C shared library rosidl_generator_py/tortoisebot_waypoints_interface/tortoisebot_waypoints_interface_s__rosidl_typesupport_introspection_c.cpython-38-x86_64-linux-gnu.so[0m
[22.911s] [100%] [32m[1mLinking C shared library rosidl_generator_py/tortoisebot_waypoints_interface/tortoisebot_waypoints_interface_s__rosidl_typesupport_c.cpython-38-x86_64-linux-gnu.so[0m
[22.968s] [100%] Built target tortoisebot_waypoints_interface__rosidl_typesupport_introspection_c__pyext
[22.971s] [100%] Built target tortoisebot_waypoints_interface__rosidl_typesupport_c__pyext
[22.986s] [100%] Built target tortoisebot_waypoints_interface__rosidl_typesupport_fastrtps_c__pyext
[23.004s] Invoked command in '/home/user/ros2_ws/build/tortoisebot_waypoints_interface' returned '0': CMAKE_PREFIX_PATH=/opt/ros/galactic:${CMAKE_PREFIX_PATH} _=/usr/bin/env /usr/bin/cmake --build /home/user/ros2_ws/build/tortoisebot_waypoints_interface -- -j8 -l8
[23.128s] Invoking command in '/home/user/ros2_ws/build/tortoisebot_waypoints_interface': CMAKE_PREFIX_PATH=/opt/ros/galactic:${CMAKE_PREFIX_PATH} _=/usr/bin/env /usr/bin/cmake --install /home/user/ros2_ws/build/tortoisebot_waypoints_interface
[23.141s] -- Install configuration: ""
[23.141s] -- Installing: /home/user/ros2_ws/install/tortoisebot_waypoints_interface/share/ament_index/resource_index/rosidl_interfaces/tortoisebot_waypoints_interface
[23.142s] -- Installing: /home/user/ros2_ws/install/tortoisebot_waypoints_interface/include/tortoisebot_waypoints_interface
[23.142s] -- Installing: /home/user/ros2_ws/install/tortoisebot_waypoints_interface/include/tortoisebot_waypoints_interface/msg
[23.142s] -- Installing: /home/user/ros2_ws/install/tortoisebot_waypoints_interface/include/tortoisebot_waypoints_interface/msg/rosidl_generator_c__visibility_control.h
[23.142s] -- Installing: /home/user/ros2_ws/install/tortoisebot_waypoints_interface/include/tortoisebot_waypoints_interface/action
[23.142s] -- Installing: /home/user/ros2_ws/install/tortoisebot_waypoints_interface/include/tortoisebot_waypoints_interface/action/detail
[23.142s] -- Installing: /home/user/ros2_ws/install/tortoisebot_waypoints_interface/include/tortoisebot_waypoints_interface/action/detail/waypoint_action__type_support.h
[23.143s] -- Installing: /home/user/ros2_ws/install/tortoisebot_waypoints_interface/include/tortoisebot_waypoints_interface/action/detail/waypoint_action__functions.h
[23.143s] -- Installing: /home/user/ros2_ws/install/tortoisebot_waypoints_interface/include/tortoisebot_waypoints_interface/action/detail/waypoint_action__functions.c
[23.143s] -- Installing: /home/user/ros2_ws/install/tortoisebot_waypoints_interface/include/tortoisebot_waypoints_interface/action/detail/waypoint_action__struct.h
[23.143s] -- Installing: /home/user/ros2_ws/install/tortoisebot_waypoints_interface/include/tortoisebot_waypoints_interface/action/waypoint_action.h
[23.144s] -- Installing: /home/user/ros2_ws/install/tortoisebot_waypoints_interface/share/tortoisebot_waypoints_interface/environment/library_path.sh
[23.144s] -- Installing: /home/user/ros2_ws/install/tortoisebot_waypoints_interface/share/tortoisebot_waypoints_interface/environment/library_path.dsv
[23.144s] -- Installing: /home/user/ros2_ws/install/tortoisebot_waypoints_interface/lib/libtortoisebot_waypoints_interface__rosidl_generator_c.so
[23.145s] -- Set runtime path of "/home/user/ros2_ws/install/tortoisebot_waypoints_interface/lib/libtortoisebot_waypoints_interface__rosidl_generator_c.so" to ""
[23.146s] -- Up-to-date: /home/user/ros2_ws/install/tortoisebot_waypoints_interface/include/tortoisebot_waypoints_interface
[23.146s] -- Up-to-date: /home/user/ros2_ws/install/tortoisebot_waypoints_interface/include/tortoisebot_waypoints_interface/msg
[23.146s] -- Installing: /home/user/ros2_ws/install/tortoisebot_waypoints_interface/include/tortoisebot_waypoints_interface/msg/rosidl_typesupport_fastrtps_c__visibility_control.h
[23.146s] -- Up-to-date: /home/user/ros2_ws/install/tortoisebot_waypoints_interface/include/tortoisebot_waypoints_interface/action
[23.146s] -- Up-to-date: /home/user/ros2_ws/install/tortoisebot_waypoints_interface/include/tortoisebot_waypoints_interface/action/detail
[23.146s] -- Installing: /home/user/ros2_ws/install/tortoisebot_waypoints_interface/include/tortoisebot_waypoints_interface/action/detail/waypoint_action__rosidl_typesupport_fastrtps_c.h
[23.147s] -- Installing: /home/user/ros2_ws/install/tortoisebot_waypoints_interface/lib/libtortoisebot_waypoints_interface__rosidl_typesupport_fastrtps_c.so
[23.147s] -- Set runtime path of "/home/user/ros2_ws/install/tortoisebot_waypoints_interface/lib/libtortoisebot_waypoints_interface__rosidl_typesupport_fastrtps_c.so" to ""
[23.147s] -- Up-to-date: /home/user/ros2_ws/install/tortoisebot_waypoints_interface/include/tortoisebot_waypoints_interface
[23.147s] -- Up-to-date: /home/user/ros2_ws/install/tortoisebot_waypoints_interface/include/tortoisebot_waypoints_interface/msg
[23.148s] -- Installing: /home/user/ros2_ws/install/tortoisebot_waypoints_interface/include/tortoisebot_waypoints_interface/msg/rosidl_typesupport_fastrtps_cpp__visibility_control.h
[23.148s] -- Up-to-date: /home/user/ros2_ws/install/tortoisebot_waypoints_interface/include/tortoisebot_waypoints_interface/action
[23.148s] -- Up-to-date: /home/user/ros2_ws/install/tortoisebot_waypoints_interface/include/tortoisebot_waypoints_interface/action/detail
[23.148s] -- Installing: /home/user/ros2_ws/install/tortoisebot_waypoints_interface/include/tortoisebot_waypoints_interface/action/detail/dds_fastrtps
[23.148s] -- Installing: /home/user/ros2_ws/install/tortoisebot_waypoints_interface/include/tortoisebot_waypoints_interface/action/detail/waypoint_action__rosidl_typesupport_fastrtps_cpp.hpp
[23.148s] -- Installing: /home/user/ros2_ws/install/tortoisebot_waypoints_interface/lib/libtortoisebot_waypoints_interface__rosidl_typesupport_fastrtps_cpp.so
[23.149s] -- Set runtime path of "/home/user/ros2_ws/install/tortoisebot_waypoints_interface/lib/libtortoisebot_waypoints_interface__rosidl_typesupport_fastrtps_cpp.so" to ""
[23.149s] -- Up-to-date: /home/user/ros2_ws/install/tortoisebot_waypoints_interface/include/tortoisebot_waypoints_interface
[23.149s] -- Up-to-date: /home/user/ros2_ws/install/tortoisebot_waypoints_interface/include/tortoisebot_waypoints_interface/msg
[23.150s] -- Installing: /home/user/ros2_ws/install/tortoisebot_waypoints_interface/include/tortoisebot_waypoints_interface/msg/rosidl_typesupport_introspection_c__visibility_control.h
[23.150s] -- Up-to-date: /home/user/ros2_ws/install/tortoisebot_waypoints_interface/include/tortoisebot_waypoints_interface/action
[23.150s] -- Up-to-date: /home/user/ros2_ws/install/tortoisebot_waypoints_interface/include/tortoisebot_waypoints_interface/action/detail
[23.150s] -- Installing: /home/user/ros2_ws/install/tortoisebot_waypoints_interface/include/tortoisebot_waypoints_interface/action/detail/waypoint_action__type_support.c
[23.150s] -- Installing: /home/user/ros2_ws/install/tortoisebot_waypoints_interface/include/tortoisebot_waypoints_interface/action/detail/waypoint_action__rosidl_typesupport_introspection_c.h
[23.150s] -- Installing: /home/user/ros2_ws/install/tortoisebot_waypoints_interface/lib/libtortoisebot_waypoints_interface__rosidl_typesupport_introspection_c.so
[23.151s] -- Set runtime path of "/home/user/ros2_ws/install/tortoisebot_waypoints_interface/lib/libtortoisebot_waypoints_interface__rosidl_typesupport_introspection_c.so" to ""
[23.151s] -- Installing: /home/user/ros2_ws/install/tortoisebot_waypoints_interface/lib/libtortoisebot_waypoints_interface__rosidl_typesupport_c.so
[23.152s] -- Set runtime path of "/home/user/ros2_ws/install/tortoisebot_waypoints_interface/lib/libtortoisebot_waypoints_interface__rosidl_typesupport_c.so" to ""
[23.152s] -- Up-to-date: /home/user/ros2_ws/install/tortoisebot_waypoints_interface/include/tortoisebot_waypoints_interface
[23.152s] -- Up-to-date: /home/user/ros2_ws/install/tortoisebot_waypoints_interface/include/tortoisebot_waypoints_interface/action
[23.152s] -- Up-to-date: /home/user/ros2_ws/install/tortoisebot_waypoints_interface/include/tortoisebot_waypoints_interface/action/detail
[23.153s] -- Installing: /home/user/ros2_ws/install/tortoisebot_waypoints_interface/include/tortoisebot_waypoints_interface/action/detail/waypoint_action__builder.hpp
[23.153s] -- Installing: /home/user/ros2_ws/install/tortoisebot_waypoints_interface/include/tortoisebot_waypoints_interface/action/detail/waypoint_action__struct.hpp
[23.153s] -- Installing: /home/user/ros2_ws/install/tortoisebot_waypoints_interface/include/tortoisebot_waypoints_interface/action/detail/waypoint_action__traits.hpp
[23.153s] -- Installing: /home/user/ros2_ws/install/tortoisebot_waypoints_interface/include/tortoisebot_waypoints_interface/action/waypoint_action.hpp
[23.153s] -- Up-to-date: /home/user/ros2_ws/install/tortoisebot_waypoints_interface/include/tortoisebot_waypoints_interface
[23.153s] -- Up-to-date: /home/user/ros2_ws/install/tortoisebot_waypoints_interface/include/tortoisebot_waypoints_interface/action
[23.154s] -- Up-to-date: /home/user/ros2_ws/install/tortoisebot_waypoints_interface/include/tortoisebot_waypoints_interface/action/detail
[23.154s] -- Installing: /home/user/ros2_ws/install/tortoisebot_waypoints_interface/include/tortoisebot_waypoints_interface/action/detail/waypoint_action__rosidl_typesupport_introspection_cpp.hpp
[23.154s] -- Installing: /home/user/ros2_ws/install/tortoisebot_waypoints_interface/include/tortoisebot_waypoints_interface/action/detail/waypoint_action__type_support.cpp
[23.154s] -- Installing: /home/user/ros2_ws/install/tortoisebot_waypoints_interface/lib/libtortoisebot_waypoints_interface__rosidl_typesupport_introspection_cpp.so
[23.155s] -- Set runtime path of "/home/user/ros2_ws/install/tortoisebot_waypoints_interface/lib/libtortoisebot_waypoints_interface__rosidl_typesupport_introspection_cpp.so" to ""
[23.155s] -- Installing: /home/user/ros2_ws/install/tortoisebot_waypoints_interface/lib/libtortoisebot_waypoints_interface__rosidl_typesupport_cpp.so
[23.156s] -- Set runtime path of "/home/user/ros2_ws/install/tortoisebot_waypoints_interface/lib/libtortoisebot_waypoints_interface__rosidl_typesupport_cpp.so" to ""
[23.156s] -- Installing: /home/user/ros2_ws/install/tortoisebot_waypoints_interface/share/tortoisebot_waypoints_interface/environment/pythonpath.sh
[23.156s] -- Installing: /home/user/ros2_ws/install/tortoisebot_waypoints_interface/share/tortoisebot_waypoints_interface/environment/pythonpath.dsv
[23.156s] -- Installing: /home/user/ros2_ws/install/tortoisebot_waypoints_interface/lib/python3.8/site-packages/tortoisebot_waypoints_interface/__init__.py
[23.216s] Compiling '/home/user/ros2_ws/install/tortoisebot_waypoints_interface/lib/python3.8/site-packages/tortoisebot_waypoints_interface/__init__.py'...
[23.222s] -- Installing: /home/user/ros2_ws/install/tortoisebot_waypoints_interface/lib/python3.8/site-packages/tortoisebot_waypoints_interface/action
[23.222s] -- Installing: /home/user/ros2_ws/install/tortoisebot_waypoints_interface/lib/python3.8/site-packages/tortoisebot_waypoints_interface/action/_waypoint_action.py
[23.222s] -- Installing: /home/user/ros2_ws/install/tortoisebot_waypoints_interface/lib/python3.8/site-packages/tortoisebot_waypoints_interface/action/_waypoint_action_s.c
[23.223s] -- Installing: /home/user/ros2_ws/install/tortoisebot_waypoints_interface/lib/python3.8/site-packages/tortoisebot_waypoints_interface/action/__init__.py
[23.223s] -- Installing: /home/user/ros2_ws/install/tortoisebot_waypoints_interface/lib/python3.8/site-packages/tortoisebot_waypoints_interface/tortoisebot_waypoints_interface_s__rosidl_typesupport_fastrtps_c.cpython-38-x86_64-linux-gnu.so
[23.224s] -- Set runtime path of "/home/user/ros2_ws/install/tortoisebot_waypoints_interface/lib/python3.8/site-packages/tortoisebot_waypoints_interface/tortoisebot_waypoints_interface_s__rosidl_typesupport_fastrtps_c.cpython-38-x86_64-linux-gnu.so" to ""
[23.225s] -- Installing: /home/user/ros2_ws/install/tortoisebot_waypoints_interface/lib/python3.8/site-packages/tortoisebot_waypoints_interface/tortoisebot_waypoints_interface_s__rosidl_typesupport_introspection_c.cpython-38-x86_64-linux-gnu.so
[23.225s] -- Set runtime path of "/home/user/ros2_ws/install/tortoisebot_waypoints_interface/lib/python3.8/site-packages/tortoisebot_waypoints_interface/tortoisebot_waypoints_interface_s__rosidl_typesupport_introspection_c.cpython-38-x86_64-linux-gnu.so" to ""
[23.226s] -- Installing: /home/user/ros2_ws/install/tortoisebot_waypoints_interface/lib/python3.8/site-packages/tortoisebot_waypoints_interface/tortoisebot_waypoints_interface_s__rosidl_typesupport_c.cpython-38-x86_64-linux-gnu.so
[23.227s] -- Set runtime path of "/home/user/ros2_ws/install/tortoisebot_waypoints_interface/lib/python3.8/site-packages/tortoisebot_waypoints_interface/tortoisebot_waypoints_interface_s__rosidl_typesupport_c.cpython-38-x86_64-linux-gnu.so" to ""
[23.227s] -- Installing: /home/user/ros2_ws/install/tortoisebot_waypoints_interface/lib/libtortoisebot_waypoints_interface__python.so
[23.227s] -- Set runtime path of "/home/user/ros2_ws/install/tortoisebot_waypoints_interface/lib/libtortoisebot_waypoints_interface__python.so" to ""
[23.228s] -- Installing: /home/user/ros2_ws/install/tortoisebot_waypoints_interface/share/tortoisebot_waypoints_interface/action/WaypointAction.idl
[23.228s] -- Installing: /home/user/ros2_ws/install/tortoisebot_waypoints_interface/share/tortoisebot_waypoints_interface/action/WaypointAction.action
[23.228s] -- Installing: /home/user/ros2_ws/install/tortoisebot_waypoints_interface/share/ament_index/resource_index/package_run_dependencies/tortoisebot_waypoints_interface
[23.228s] -- Installing: /home/user/ros2_ws/install/tortoisebot_waypoints_interface/share/ament_index/resource_index/parent_prefix_path/tortoisebot_waypoints_interface
[23.229s] -- Installing: /home/user/ros2_ws/install/tortoisebot_waypoints_interface/share/tortoisebot_waypoints_interface/environment/ament_prefix_path.sh
[23.229s] -- Installing: /home/user/ros2_ws/install/tortoisebot_waypoints_interface/share/tortoisebot_waypoints_interface/environment/ament_prefix_path.dsv
[23.229s] -- Installing: /home/user/ros2_ws/install/tortoisebot_waypoints_interface/share/tortoisebot_waypoints_interface/environment/path.sh
[23.230s] -- Installing: /home/user/ros2_ws/install/tortoisebot_waypoints_interface/share/tortoisebot_waypoints_interface/environment/path.dsv
[23.230s] -- Installing: /home/user/ros2_ws/install/tortoisebot_waypoints_interface/share/tortoisebot_waypoints_interface/local_setup.bash
[23.230s] -- Installing: /home/user/ros2_ws/install/tortoisebot_waypoints_interface/share/tortoisebot_waypoints_interface/local_setup.sh
[23.230s] -- Installing: /home/user/ros2_ws/install/tortoisebot_waypoints_interface/share/tortoisebot_waypoints_interface/local_setup.zsh
[23.231s] -- Installing: /home/user/ros2_ws/install/tortoisebot_waypoints_interface/share/tortoisebot_waypoints_interface/local_setup.dsv
[23.231s] -- Installing: /home/user/ros2_ws/install/tortoisebot_waypoints_interface/share/tortoisebot_waypoints_interface/package.dsv
[23.231s] -- Installing: /home/user/ros2_ws/install/tortoisebot_waypoints_interface/share/ament_index/resource_index/packages/tortoisebot_waypoints_interface
[23.232s] -- Installing: /home/user/ros2_ws/install/tortoisebot_waypoints_interface/share/tortoisebot_waypoints_interface/cmake/tortoisebot_waypoints_interface__rosidl_generator_cExport.cmake
[23.232s] -- Installing: /home/user/ros2_ws/install/tortoisebot_waypoints_interface/share/tortoisebot_waypoints_interface/cmake/tortoisebot_waypoints_interface__rosidl_generator_cExport-noconfig.cmake
[23.232s] -- Installing: /home/user/ros2_ws/install/tortoisebot_waypoints_interface/share/tortoisebot_waypoints_interface/cmake/tortoisebot_waypoints_interface__rosidl_typesupport_introspection_cExport.cmake
[23.233s] -- Installing: /home/user/ros2_ws/install/tortoisebot_waypoints_interface/share/tortoisebot_waypoints_interface/cmake/tortoisebot_waypoints_interface__rosidl_typesupport_introspection_cExport-noconfig.cmake
[23.233s] -- Installing: /home/user/ros2_ws/install/tortoisebot_waypoints_interface/share/tortoisebot_waypoints_interface/cmake/tortoisebot_waypoints_interface__rosidl_typesupport_cExport.cmake
[23.233s] -- Installing: /home/user/ros2_ws/install/tortoisebot_waypoints_interface/share/tortoisebot_waypoints_interface/cmake/tortoisebot_waypoints_interface__rosidl_typesupport_cExport-noconfig.cmake
[23.234s] -- Installing: /home/user/ros2_ws/install/tortoisebot_waypoints_interface/share/tortoisebot_waypoints_interface/cmake/tortoisebot_waypoints_interface__rosidl_generator_cppExport.cmake
[23.234s] -- Installing: /home/user/ros2_ws/install/tortoisebot_waypoints_interface/share/tortoisebot_waypoints_interface/cmake/tortoisebot_waypoints_interface__rosidl_typesupport_introspection_cppExport.cmake
[23.234s] -- Installing: /home/user/ros2_ws/install/tortoisebot_waypoints_interface/share/tortoisebot_waypoints_interface/cmake/tortoisebot_waypoints_interface__rosidl_typesupport_introspection_cppExport-noconfig.cmake
[23.235s] -- Installing: /home/user/ros2_ws/install/tortoisebot_waypoints_interface/share/tortoisebot_waypoints_interface/cmake/tortoisebot_waypoints_interface__rosidl_typesupport_cppExport.cmake
[23.235s] -- Installing: /home/user/ros2_ws/install/tortoisebot_waypoints_interface/share/tortoisebot_waypoints_interface/cmake/tortoisebot_waypoints_interface__rosidl_typesupport_cppExport-noconfig.cmake
[23.235s] -- Installing: /home/user/ros2_ws/install/tortoisebot_waypoints_interface/share/tortoisebot_waypoints_interface/cmake/rosidl_cmake-extras.cmake
[23.236s] -- Installing: /home/user/ros2_ws/install/tortoisebot_waypoints_interface/share/tortoisebot_waypoints_interface/cmake/ament_cmake_export_dependencies-extras.cmake
[23.236s] -- Installing: /home/user/ros2_ws/install/tortoisebot_waypoints_interface/share/tortoisebot_waypoints_interface/cmake/ament_cmake_export_libraries-extras.cmake
[23.236s] -- Installing: /home/user/ros2_ws/install/tortoisebot_waypoints_interface/share/tortoisebot_waypoints_interface/cmake/ament_cmake_export_targets-extras.cmake
[23.236s] -- Installing: /home/user/ros2_ws/install/tortoisebot_waypoints_interface/share/tortoisebot_waypoints_interface/cmake/ament_cmake_export_include_directories-extras.cmake
[23.237s] -- Installing: /home/user/ros2_ws/install/tortoisebot_waypoints_interface/share/tortoisebot_waypoints_interface/cmake/rosidl_cmake_export_typesupport_libraries-extras.cmake
[23.237s] -- Installing: /home/user/ros2_ws/install/tortoisebot_waypoints_interface/share/tortoisebot_waypoints_interface/cmake/rosidl_cmake_export_typesupport_targets-extras.cmake
[23.237s] -- Installing: /home/user/ros2_ws/install/tortoisebot_waypoints_interface/share/tortoisebot_waypoints_interface/cmake/tortoisebot_waypoints_interfaceConfig.cmake
[23.237s] -- Installing: /home/user/ros2_ws/install/tortoisebot_waypoints_interface/share/tortoisebot_waypoints_interface/cmake/tortoisebot_waypoints_interfaceConfig-version.cmake
[23.237s] -- Installing: /home/user/ros2_ws/install/tortoisebot_waypoints_interface/share/tortoisebot_waypoints_interface/package.xml
[23.245s] Invoked command in '/home/user/ros2_ws/build/tortoisebot_waypoints_interface' returned '0': CMAKE_PREFIX_PATH=/opt/ros/galactic:${CMAKE_PREFIX_PATH} _=/usr/bin/env /usr/bin/cmake --install /home/user/ros2_ws/build/tortoisebot_waypoints_interface
