-- The C compiler identification is GNU 9.4.0
-- The CXX compiler identification is GNU 9.4.0
-- Check for working C compiler: /usr/bin/cc
-- Check for working C compiler: /usr/bin/cc -- works
-- Detecting C compiler ABI info
-- Detecting C compiler ABI info - done
-- Detecting C compile features
-- Detecting C compile features - done
-- Check for working CXX compiler: /usr/bin/c++
-- Check for working CXX compiler: /usr/bin/c++ -- works
-- Detecting CXX compiler ABI info
-- Detecting CXX compiler ABI info - done
-- Detecting CXX compile features
-- Detecting CXX compile features - done
-- Found ament_cmake: 1.1.5 (/opt/ros/galactic/share/ament_cmake/cmake)
-- Found PythonInterp: /usr/bin/python3 (found suitable version "3.8.10", minimum required is "3") 
-- Using PYTHON_EXECUTABLE: /usr/bin/python3
-- Found rclcpp: 9.2.1 (/opt/ros/galactic/share/rclcpp/cmake)
-- Using all available rosidl_typesupport_c: rosidl_typesupport_fastrtps_c;rosidl_typesupport_introspection_c
-- Found rosidl_adapter: 2.2.2 (/opt/ros/galactic/share/rosidl_adapter/cmake)
-- Found OpenSSL: /usr/lib/x86_64-linux-gnu/libcrypto.so (found version "1.1.1f")  
-- Found FastRTPS: /opt/ros/galactic/include  
-- Using all available rosidl_typesupport_cpp: rosidl_typesupport_fastrtps_cpp;rosidl_typesupport_introspection_cpp
-- Found rmw_implementation_cmake: 3.3.1 (/opt/ros/galactic/share/rmw_implementation_cmake/cmake)
-- Found rmw_cyclonedds_cpp: 0.22.5 (/opt/ros/galactic/share/rmw_cyclonedds_cpp/cmake)
-- Using RMW implementation 'rmw_cyclonedds_cpp' as default
-- Looking for pthread.h
-- Looking for pthread.h - found
-- Performing Test CMAKE_HAVE_LIBC_PTHREAD
-- Performing Test CMAKE_HAVE_LIBC_PTHREAD - Failed
-- Looking for pthread_create in pthreads
-- Looking for pthread_create in pthreads - not found
-- Looking for pthread_create in pthread
-- Looking for pthread_create in pthread - found
-- Found Threads: TRUE  
-- Found geometry_msgs: 2.2.4 (/opt/ros/galactic/share/geometry_msgs/cmake)
-- Found nav_msgs: 2.2.4 (/opt/ros/galactic/share/nav_msgs/cmake)
-- Found tf2: 0.17.3 (/opt/ros/galactic/share/tf2/cmake)
-- Found rclcpp_action: 9.2.1 (/opt/ros/galactic/share/rclcpp_action/cmake)
-- Found tortoisebot_waypoints_interface: 0.0.0 (/home/user/ros2_ws/install/tortoisebot_waypoints_interface/share/tortoisebot_waypoints_interface/cmake)
-- Found ament_lint_auto: 0.10.7 (/opt/ros/galactic/share/ament_lint_auto/cmake)
-- Found ament_cmake_gtest: 1.1.5 (/opt/ros/galactic/share/ament_cmake_gtest/cmake)
-- Found gtest sources under '/opt/ros/galactic/src/gtest_vendor': C++ tests using 'Google Test' will be built
-- Check if compiler accepts -pthread
-- Check if compiler accepts -pthread - yes
-- Configuring done
-- Generating done
-- Build files have been written to: /home/user/ros2_ws/build/tortoisebot_waypoints
[35m[1mScanning dependencies of target gtest_main[0m
[35m[1mScanning dependencies of target tortoisebot_action_server_node[0m
[35m[1mScanning dependencies of target tortoisebot_waypoints_lib[0m
[35m[1mScanning dependencies of target gtest[0m
[  9%] [32mBuilding CXX object gtest/CMakeFiles/gtest_main.dir/src/gtest_main.cc.o[0m
[ 18%] [32mBuilding CXX object gtest/CMakeFiles/gtest.dir/src/gtest-all.cc.o[0m
[ 27%] [32mBuilding CXX object CMakeFiles/tortoisebot_action_server_node.dir/src/tortoisebot_action_server.cpp.o[0m
[ 36%] [32mBuilding CXX object CMakeFiles/tortoisebot_waypoints_lib.dir/src/tortoisebot_action_server.cpp.o[0m
[ 45%] [32m[1mLinking CXX static library libgtest_main.a[0m
[ 45%] Built target gtest_main
[ 54%] [32m[1mLinking CXX static library libgtest.a[0m
[ 54%] Built target gtest
[ 63%] [32m[1mLinking CXX static library libtortoisebot_waypoints_lib.a[0m
[ 72%] [32m[1mLinking CXX executable tortoisebot_action_server_node[0m
[ 72%] Built target tortoisebot_action_server_node
[ 72%] Built target tortoisebot_waypoints_lib
[35m[1mScanning dependencies of target tortoisebot_waypoints_test[0m
[ 81%] [32mBuilding CXX object CMakeFiles/tortoisebot_waypoints_test.dir/test/main.cpp.o[0m
[ 90%] [32mBuilding CXX object CMakeFiles/tortoisebot_waypoints_test.dir/test/tortoisebot_waypoints_test.cpp.o[0m
[100%] [32m[1mLinking CXX executable tortoisebot_waypoints_test[0m
[100%] Built target tortoisebot_waypoints_test
-- Install configuration: ""
-- Installing: /home/user/ros2_ws/install/tortoisebot_waypoints/share/tortoisebot_waypoints/environment/library_path.sh
-- Installing: /home/user/ros2_ws/install/tortoisebot_waypoints/share/tortoisebot_waypoints/environment/library_path.dsv
-- Installing: /home/user/ros2_ws/install/tortoisebot_waypoints/lib/tortoisebot_waypoints/tortoisebot_action_server_node
-- Set runtime path of "/home/user/ros2_ws/install/tortoisebot_waypoints/lib/tortoisebot_waypoints/tortoisebot_action_server_node" to ""
-- Installing: /home/user/ros2_ws/install/tortoisebot_waypoints/include
-- Installing: /home/user/ros2_ws/install/tortoisebot_waypoints/include/tortoisebot_waypoints
-- Installing: /home/user/ros2_ws/install/tortoisebot_waypoints/include/tortoisebot_waypoints/tortoisebot_action_server.hpp
-- Installing: /home/user/ros2_ws/install/tortoisebot_waypoints/lib/libtortoisebot_waypoints_lib.a
-- Installing: /home/user/ros2_ws/install/tortoisebot_waypoints/lib/tortoisebot_waypoints/tortoisebot_waypoints_test
-- Set runtime path of "/home/user/ros2_ws/install/tortoisebot_waypoints/lib/tortoisebot_waypoints/tortoisebot_waypoints_test" to ""
-- Installing: /home/user/ros2_ws/install/tortoisebot_waypoints/share/ament_index/resource_index/package_run_dependencies/tortoisebot_waypoints
-- Installing: /home/user/ros2_ws/install/tortoisebot_waypoints/share/ament_index/resource_index/parent_prefix_path/tortoisebot_waypoints
-- Installing: /home/user/ros2_ws/install/tortoisebot_waypoints/share/tortoisebot_waypoints/environment/ament_prefix_path.sh
-- Installing: /home/user/ros2_ws/install/tortoisebot_waypoints/share/tortoisebot_waypoints/environment/ament_prefix_path.dsv
-- Installing: /home/user/ros2_ws/install/tortoisebot_waypoints/share/tortoisebot_waypoints/environment/path.sh
-- Installing: /home/user/ros2_ws/install/tortoisebot_waypoints/share/tortoisebot_waypoints/environment/path.dsv
-- Installing: /home/user/ros2_ws/install/tortoisebot_waypoints/share/tortoisebot_waypoints/local_setup.bash
-- Installing: /home/user/ros2_ws/install/tortoisebot_waypoints/share/tortoisebot_waypoints/local_setup.sh
-- Installing: /home/user/ros2_ws/install/tortoisebot_waypoints/share/tortoisebot_waypoints/local_setup.zsh
-- Installing: /home/user/ros2_ws/install/tortoisebot_waypoints/share/tortoisebot_waypoints/local_setup.dsv
-- Installing: /home/user/ros2_ws/install/tortoisebot_waypoints/share/tortoisebot_waypoints/package.dsv
-- Installing: /home/user/ros2_ws/install/tortoisebot_waypoints/share/ament_index/resource_index/packages/tortoisebot_waypoints
-- Installing: /home/user/ros2_ws/install/tortoisebot_waypoints/share/tortoisebot_waypoints/cmake/tortoisebot_waypoints_libExport.cmake
-- Installing: /home/user/ros2_ws/install/tortoisebot_waypoints/share/tortoisebot_waypoints/cmake/tortoisebot_waypoints_libExport-noconfig.cmake
-- Installing: /home/user/ros2_ws/install/tortoisebot_waypoints/share/tortoisebot_waypoints/cmake/ament_cmake_export_targets-extras.cmake
-- Installing: /home/user/ros2_ws/install/tortoisebot_waypoints/share/tortoisebot_waypoints/cmake/tortoisebot_waypointsConfig.cmake
-- Installing: /home/user/ros2_ws/install/tortoisebot_waypoints/share/tortoisebot_waypoints/cmake/tortoisebot_waypointsConfig-version.cmake
-- Installing: /home/user/ros2_ws/install/tortoisebot_waypoints/share/tortoisebot_waypoints/package.xml
