[0.025s] Invoking command in '/home/user/ros2_ws/build/tortoisebot_waypoints': CMAKE_PREFIX_PATH=/home/user/ros2_ws/install/tortoisebot_waypoints_interface:/opt/ros/galactic:/home/user/simulation_ws/devel:/opt/ros/noetic:/home/simulations/ros2_sims_ws/install/ros1_bridge:/home/user/ros2_ws/install/ydlidar:/home/user/ros2_ws/install/tortoisebot_waypoints:/home/user/ros2_ws/install/tortoisebot_slam:/home/user/ros2_ws/install/tortoisebot_navigation:/home/user/ros2_ws/install/tortoisebot_gazebo:/home/user/ros2_ws/install/tortoisebot_firmware:/home/user/ros2_ws/install/tortoisebot_description:/home/user/ros2_ws/install/tortoisebot_bringup LD_LIBRARY_PATH=/home/user/ros2_ws/install/tortoisebot_waypoints_interface/lib:/home/user/simulation_ws/devel/lib:/opt/ros/noetic/lib:/opt/ros/noetic/lib/x86_64-linux-gnu:/home/user/ros2_ws/install/ydlidar/lib:/home/user/ros2_ws/install/tortoisebot_firmware/lib:/usr/local/cuda-10.2/lib64:/home/user/.catkin_ws_python3/src/TensorRT-7.0.0.11/lib:/home/simulations/ros2_sims_ws/install/ros1_bridge/lib:/home/user/ros2_ws/install/tortoisebot_waypoints/lib:/opt/ros/galactic/opt/yaml_cpp_vendor/lib:/opt/ros/galactic/opt/rviz_ogre_vendor/lib:/opt/ros/galactic/lib/x86_64-linux-gnu:/opt/ros/galactic/lib:/usr/local/cuda-10.2/lib64:/home/user/.catkin_ws_python3/src/TensorRT-7.0.0.11/lib:/usr/lib/x86_64-linux-gnu/gazebo-11/plugins:/usr/lib/x86_64-linux-gnu/gazebo-11/plugins:/usr/lib/x86_64-linux-gnu/gazebo-11/plugins PYTHONPATH=/home/user/ros2_ws/install/tortoisebot_waypoints_interface/lib/python3.8/site-packages:/home/user/simulation_ws/devel/lib/python3/dist-packages:/opt/ros/noetic/lib/python3/dist-packages:/home/simulations/ros2_sims_ws/install/ros1_bridge/lib/python3.8/site-packages:/home/user/ros2_ws/install/tortoisebot_firmware/lib/python3.8/site-packages:/opt/ros/galactic/lib/python/site-packages:/opt/ros/galactic/lib/python3.8/site-packages:/home/simulations/public_sim_ws/src/all/ros_basics_examples/python_course_class:/home/simulations/public_sim_ws/src/ros_basics_examples/python_course_class:/home/simulations/public_sim_ws/src/all/kinematics_course_utils/kinematics _=/usr/bin/env /usr/bin/cmake /home/user/ros2_ws/src/tortoisebot_waypoints -DCMAKE_INSTALL_PREFIX=/home/user/ros2_ws/install/tortoisebot_waypoints
[0.103s] -- The C compiler identification is GNU 9.4.0
[0.186s] -- The CXX compiler identification is GNU 9.4.0
[0.197s] -- Check for working C compiler: /usr/bin/cc
[0.300s] -- Check for working C compiler: /usr/bin/cc -- works
[0.301s] -- Detecting C compiler ABI info
[0.401s] -- Detecting C compiler ABI info - done
[0.416s] -- Detecting C compile features
[0.417s] -- Detecting C compile features - done
[0.422s] -- Check for working CXX compiler: /usr/bin/c++
[0.528s] -- Check for working CXX compiler: /usr/bin/c++ -- works
[0.529s] -- Detecting CXX compiler ABI info
[0.636s] -- Detecting CXX compiler ABI info - done
[0.650s] -- Detecting CXX compile features
[0.650s] -- Detecting CXX compile features - done
[0.662s] -- Found ament_cmake: 1.1.5 (/opt/ros/galactic/share/ament_cmake/cmake)
[0.704s] -- Found PythonInterp: /usr/bin/python3 (found suitable version "3.8.10", minimum required is "3") 
[0.705s] -- Using PYTHON_EXECUTABLE: /usr/bin/python3
[0.855s] -- Found rclcpp: 9.2.1 (/opt/ros/galactic/share/rclcpp/cmake)
[0.974s] -- Using all available rosidl_typesupport_c: rosidl_typesupport_fastrtps_c;rosidl_typesupport_introspection_c
[0.994s] -- Found rosidl_adapter: 2.2.2 (/opt/ros/galactic/share/rosidl_adapter/cmake)
[1.204s] -- Found OpenSSL: /usr/lib/x86_64-linux-gnu/libcrypto.so (found version "1.1.1f")  
[1.263s] -- Found FastRTPS: /opt/ros/galactic/include  
[1.417s] -- Using all available rosidl_typesupport_cpp: rosidl_typesupport_fastrtps_cpp;rosidl_typesupport_introspection_cpp
[1.515s] -- Found rmw_implementation_cmake: 3.3.1 (/opt/ros/galactic/share/rmw_implementation_cmake/cmake)
[1.522s] -- Found rmw_cyclonedds_cpp: 0.22.5 (/opt/ros/galactic/share/rmw_cyclonedds_cpp/cmake)
[1.550s] -- Using RMW implementation 'rmw_cyclonedds_cpp' as default
[1.551s] -- Looking for pthread.h
[1.641s] -- Looking for pthread.h - found
[1.641s] -- Performing Test CMAKE_HAVE_LIBC_PTHREAD
[1.740s] -- Performing Test CMAKE_HAVE_LIBC_PTHREAD - Failed
[1.740s] -- Looking for pthread_create in pthreads
[1.817s] -- Looking for pthread_create in pthreads - not found
[1.817s] -- Looking for pthread_create in pthread
[1.908s] -- Looking for pthread_create in pthread - found
[1.910s] -- Found Threads: TRUE  
[2.121s] -- Found geometry_msgs: 2.2.4 (/opt/ros/galactic/share/geometry_msgs/cmake)
[2.168s] -- Found nav_msgs: 2.2.4 (/opt/ros/galactic/share/nav_msgs/cmake)
[2.280s] -- Found tf2: 0.17.3 (/opt/ros/galactic/share/tf2/cmake)
[2.304s] -- Found rclcpp_action: 9.2.1 (/opt/ros/galactic/share/rclcpp_action/cmake)
[2.416s] -- Found tortoisebot_waypoints_interface: 0.0.0 (/home/user/ros2_ws/install/tortoisebot_waypoints_interface/share/tortoisebot_waypoints_interface/cmake)
[2.599s] -- Found ament_lint_auto: 0.10.7 (/opt/ros/galactic/share/ament_lint_auto/cmake)
[2.604s] -- Found ament_cmake_gtest: 1.1.5 (/opt/ros/galactic/share/ament_cmake_gtest/cmake)
[2.612s] -- Found gtest sources under '/opt/ros/galactic/src/gtest_vendor': C++ tests using 'Google Test' will be built
[2.615s] -- Check if compiler accepts -pthread
[2.707s] -- Check if compiler accepts -pthread - yes
[2.785s] -- Configuring done
[2.815s] -- Generating done
[2.817s] -- Build files have been written to: /home/user/ros2_ws/build/tortoisebot_waypoints
[2.829s] Invoked command in '/home/user/ros2_ws/build/tortoisebot_waypoints' returned '0': CMAKE_PREFIX_PATH=/home/user/ros2_ws/install/tortoisebot_waypoints_interface:/opt/ros/galactic:/home/user/simulation_ws/devel:/opt/ros/noetic:/home/simulations/ros2_sims_ws/install/ros1_bridge:/home/user/ros2_ws/install/ydlidar:/home/user/ros2_ws/install/tortoisebot_waypoints:/home/user/ros2_ws/install/tortoisebot_slam:/home/user/ros2_ws/install/tortoisebot_navigation:/home/user/ros2_ws/install/tortoisebot_gazebo:/home/user/ros2_ws/install/tortoisebot_firmware:/home/user/ros2_ws/install/tortoisebot_description:/home/user/ros2_ws/install/tortoisebot_bringup LD_LIBRARY_PATH=/home/user/ros2_ws/install/tortoisebot_waypoints_interface/lib:/home/user/simulation_ws/devel/lib:/opt/ros/noetic/lib:/opt/ros/noetic/lib/x86_64-linux-gnu:/home/user/ros2_ws/install/ydlidar/lib:/home/user/ros2_ws/install/tortoisebot_firmware/lib:/usr/local/cuda-10.2/lib64:/home/user/.catkin_ws_python3/src/TensorRT-7.0.0.11/lib:/home/simulations/ros2_sims_ws/install/ros1_bridge/lib:/home/user/ros2_ws/install/tortoisebot_waypoints/lib:/opt/ros/galactic/opt/yaml_cpp_vendor/lib:/opt/ros/galactic/opt/rviz_ogre_vendor/lib:/opt/ros/galactic/lib/x86_64-linux-gnu:/opt/ros/galactic/lib:/usr/local/cuda-10.2/lib64:/home/user/.catkin_ws_python3/src/TensorRT-7.0.0.11/lib:/usr/lib/x86_64-linux-gnu/gazebo-11/plugins:/usr/lib/x86_64-linux-gnu/gazebo-11/plugins:/usr/lib/x86_64-linux-gnu/gazebo-11/plugins PYTHONPATH=/home/user/ros2_ws/install/tortoisebot_waypoints_interface/lib/python3.8/site-packages:/home/user/simulation_ws/devel/lib/python3/dist-packages:/opt/ros/noetic/lib/python3/dist-packages:/home/simulations/ros2_sims_ws/install/ros1_bridge/lib/python3.8/site-packages:/home/user/ros2_ws/install/tortoisebot_firmware/lib/python3.8/site-packages:/opt/ros/galactic/lib/python/site-packages:/opt/ros/galactic/lib/python3.8/site-packages:/home/simulations/public_sim_ws/src/all/ros_basics_examples/python_course_class:/home/simulations/public_sim_ws/src/ros_basics_examples/python_course_class:/home/simulations/public_sim_ws/src/all/kinematics_course_utils/kinematics _=/usr/bin/env /usr/bin/cmake /home/user/ros2_ws/src/tortoisebot_waypoints -DCMAKE_INSTALL_PREFIX=/home/user/ros2_ws/install/tortoisebot_waypoints
[2.832s] Invoking command in '/home/user/ros2_ws/build/tortoisebot_waypoints': CMAKE_PREFIX_PATH=/home/user/ros2_ws/install/tortoisebot_waypoints_interface:/opt/ros/galactic:/home/user/simulation_ws/devel:/opt/ros/noetic:/home/simulations/ros2_sims_ws/install/ros1_bridge:/home/user/ros2_ws/install/ydlidar:/home/user/ros2_ws/install/tortoisebot_waypoints:/home/user/ros2_ws/install/tortoisebot_slam:/home/user/ros2_ws/install/tortoisebot_navigation:/home/user/ros2_ws/install/tortoisebot_gazebo:/home/user/ros2_ws/install/tortoisebot_firmware:/home/user/ros2_ws/install/tortoisebot_description:/home/user/ros2_ws/install/tortoisebot_bringup LD_LIBRARY_PATH=/home/user/ros2_ws/install/tortoisebot_waypoints_interface/lib:/home/user/simulation_ws/devel/lib:/opt/ros/noetic/lib:/opt/ros/noetic/lib/x86_64-linux-gnu:/home/user/ros2_ws/install/ydlidar/lib:/home/user/ros2_ws/install/tortoisebot_firmware/lib:/usr/local/cuda-10.2/lib64:/home/user/.catkin_ws_python3/src/TensorRT-7.0.0.11/lib:/home/simulations/ros2_sims_ws/install/ros1_bridge/lib:/home/user/ros2_ws/install/tortoisebot_waypoints/lib:/opt/ros/galactic/opt/yaml_cpp_vendor/lib:/opt/ros/galactic/opt/rviz_ogre_vendor/lib:/opt/ros/galactic/lib/x86_64-linux-gnu:/opt/ros/galactic/lib:/usr/local/cuda-10.2/lib64:/home/user/.catkin_ws_python3/src/TensorRT-7.0.0.11/lib:/usr/lib/x86_64-linux-gnu/gazebo-11/plugins:/usr/lib/x86_64-linux-gnu/gazebo-11/plugins:/usr/lib/x86_64-linux-gnu/gazebo-11/plugins PYTHONPATH=/home/user/ros2_ws/install/tortoisebot_waypoints_interface/lib/python3.8/site-packages:/home/user/simulation_ws/devel/lib/python3/dist-packages:/opt/ros/noetic/lib/python3/dist-packages:/home/simulations/ros2_sims_ws/install/ros1_bridge/lib/python3.8/site-packages:/home/user/ros2_ws/install/tortoisebot_firmware/lib/python3.8/site-packages:/opt/ros/galactic/lib/python/site-packages:/opt/ros/galactic/lib/python3.8/site-packages:/home/simulations/public_sim_ws/src/all/ros_basics_examples/python_course_class:/home/simulations/public_sim_ws/src/ros_basics_examples/python_course_class:/home/simulations/public_sim_ws/src/all/kinematics_course_utils/kinematics _=/usr/bin/env /usr/bin/cmake --build /home/user/ros2_ws/build/tortoisebot_waypoints -- -j8 -l8
[2.890s] [35m[1mScanning dependencies of target gtest_main[0m
[2.890s] [35m[1mScanning dependencies of target tortoisebot_action_server_node[0m
[2.891s] [35m[1mScanning dependencies of target tortoisebot_waypoints_lib[0m
[2.891s] [35m[1mScanning dependencies of target gtest[0m
[2.910s] [  9%] [32mBuilding CXX object gtest/CMakeFiles/gtest_main.dir/src/gtest_main.cc.o[0m
[2.934s] [ 18%] [32mBuilding CXX object gtest/CMakeFiles/gtest.dir/src/gtest-all.cc.o[0m
[2.975s] [ 27%] [32mBuilding CXX object CMakeFiles/tortoisebot_action_server_node.dir/src/tortoisebot_action_server.cpp.o[0m
[2.989s] [ 36%] [32mBuilding CXX object CMakeFiles/tortoisebot_waypoints_lib.dir/src/tortoisebot_action_server.cpp.o[0m
[3.735s] [ 45%] [32m[1mLinking CXX static library libgtest_main.a[0m
[3.999s] [ 45%] Built target gtest_main
[7.089s] [ 54%] [32m[1mLinking CXX static library libgtest.a[0m
[7.170s] [ 54%] Built target gtest
[14.170s] [ 63%] [32m[1mLinking CXX static library libtortoisebot_waypoints_lib.a[0m
[14.818s] [ 72%] [32m[1mLinking CXX executable tortoisebot_action_server_node[0m
[15.287s] [ 72%] Built target tortoisebot_action_server_node
[15.738s] [ 72%] Built target tortoisebot_waypoints_lib
[15.752s] [35m[1mScanning dependencies of target tortoisebot_waypoints_test[0m
[15.819s] [ 81%] [32mBuilding CXX object CMakeFiles/tortoisebot_waypoints_test.dir/test/main.cpp.o[0m
[15.826s] [ 90%] [32mBuilding CXX object CMakeFiles/tortoisebot_waypoints_test.dir/test/tortoisebot_waypoints_test.cpp.o[0m
[27.001s] [100%] [32m[1mLinking CXX executable tortoisebot_waypoints_test[0m
[27.497s] [100%] Built target tortoisebot_waypoints_test
[27.511s] Invoked command in '/home/user/ros2_ws/build/tortoisebot_waypoints' returned '0': CMAKE_PREFIX_PATH=/home/user/ros2_ws/install/tortoisebot_waypoints_interface:/opt/ros/galactic:/home/user/simulation_ws/devel:/opt/ros/noetic:/home/simulations/ros2_sims_ws/install/ros1_bridge:/home/user/ros2_ws/install/ydlidar:/home/user/ros2_ws/install/tortoisebot_waypoints:/home/user/ros2_ws/install/tortoisebot_slam:/home/user/ros2_ws/install/tortoisebot_navigation:/home/user/ros2_ws/install/tortoisebot_gazebo:/home/user/ros2_ws/install/tortoisebot_firmware:/home/user/ros2_ws/install/tortoisebot_description:/home/user/ros2_ws/install/tortoisebot_bringup LD_LIBRARY_PATH=/home/user/ros2_ws/install/tortoisebot_waypoints_interface/lib:/home/user/simulation_ws/devel/lib:/opt/ros/noetic/lib:/opt/ros/noetic/lib/x86_64-linux-gnu:/home/user/ros2_ws/install/ydlidar/lib:/home/user/ros2_ws/install/tortoisebot_firmware/lib:/usr/local/cuda-10.2/lib64:/home/user/.catkin_ws_python3/src/TensorRT-7.0.0.11/lib:/home/simulations/ros2_sims_ws/install/ros1_bridge/lib:/home/user/ros2_ws/install/tortoisebot_waypoints/lib:/opt/ros/galactic/opt/yaml_cpp_vendor/lib:/opt/ros/galactic/opt/rviz_ogre_vendor/lib:/opt/ros/galactic/lib/x86_64-linux-gnu:/opt/ros/galactic/lib:/usr/local/cuda-10.2/lib64:/home/user/.catkin_ws_python3/src/TensorRT-7.0.0.11/lib:/usr/lib/x86_64-linux-gnu/gazebo-11/plugins:/usr/lib/x86_64-linux-gnu/gazebo-11/plugins:/usr/lib/x86_64-linux-gnu/gazebo-11/plugins PYTHONPATH=/home/user/ros2_ws/install/tortoisebot_waypoints_interface/lib/python3.8/site-packages:/home/user/simulation_ws/devel/lib/python3/dist-packages:/opt/ros/noetic/lib/python3/dist-packages:/home/simulations/ros2_sims_ws/install/ros1_bridge/lib/python3.8/site-packages:/home/user/ros2_ws/install/tortoisebot_firmware/lib/python3.8/site-packages:/opt/ros/galactic/lib/python/site-packages:/opt/ros/galactic/lib/python3.8/site-packages:/home/simulations/public_sim_ws/src/all/ros_basics_examples/python_course_class:/home/simulations/public_sim_ws/src/ros_basics_examples/python_course_class:/home/simulations/public_sim_ws/src/all/kinematics_course_utils/kinematics _=/usr/bin/env /usr/bin/cmake --build /home/user/ros2_ws/build/tortoisebot_waypoints -- -j8 -l8
[27.577s] Invoking command in '/home/user/ros2_ws/build/tortoisebot_waypoints': CMAKE_PREFIX_PATH=/home/user/ros2_ws/install/tortoisebot_waypoints_interface:/opt/ros/galactic:/home/user/simulation_ws/devel:/opt/ros/noetic:/home/simulations/ros2_sims_ws/install/ros1_bridge:/home/user/ros2_ws/install/ydlidar:/home/user/ros2_ws/install/tortoisebot_waypoints:/home/user/ros2_ws/install/tortoisebot_slam:/home/user/ros2_ws/install/tortoisebot_navigation:/home/user/ros2_ws/install/tortoisebot_gazebo:/home/user/ros2_ws/install/tortoisebot_firmware:/home/user/ros2_ws/install/tortoisebot_description:/home/user/ros2_ws/install/tortoisebot_bringup LD_LIBRARY_PATH=/home/user/ros2_ws/install/tortoisebot_waypoints_interface/lib:/home/user/simulation_ws/devel/lib:/opt/ros/noetic/lib:/opt/ros/noetic/lib/x86_64-linux-gnu:/home/user/ros2_ws/install/ydlidar/lib:/home/user/ros2_ws/install/tortoisebot_firmware/lib:/usr/local/cuda-10.2/lib64:/home/user/.catkin_ws_python3/src/TensorRT-7.0.0.11/lib:/home/simulations/ros2_sims_ws/install/ros1_bridge/lib:/home/user/ros2_ws/install/tortoisebot_waypoints/lib:/opt/ros/galactic/opt/yaml_cpp_vendor/lib:/opt/ros/galactic/opt/rviz_ogre_vendor/lib:/opt/ros/galactic/lib/x86_64-linux-gnu:/opt/ros/galactic/lib:/usr/local/cuda-10.2/lib64:/home/user/.catkin_ws_python3/src/TensorRT-7.0.0.11/lib:/usr/lib/x86_64-linux-gnu/gazebo-11/plugins:/usr/lib/x86_64-linux-gnu/gazebo-11/plugins:/usr/lib/x86_64-linux-gnu/gazebo-11/plugins PYTHONPATH=/home/user/ros2_ws/install/tortoisebot_waypoints_interface/lib/python3.8/site-packages:/home/user/simulation_ws/devel/lib/python3/dist-packages:/opt/ros/noetic/lib/python3/dist-packages:/home/simulations/ros2_sims_ws/install/ros1_bridge/lib/python3.8/site-packages:/home/user/ros2_ws/install/tortoisebot_firmware/lib/python3.8/site-packages:/opt/ros/galactic/lib/python/site-packages:/opt/ros/galactic/lib/python3.8/site-packages:/home/simulations/public_sim_ws/src/all/ros_basics_examples/python_course_class:/home/simulations/public_sim_ws/src/ros_basics_examples/python_course_class:/home/simulations/public_sim_ws/src/all/kinematics_course_utils/kinematics _=/usr/bin/env /usr/bin/cmake --install /home/user/ros2_ws/build/tortoisebot_waypoints
[27.588s] -- Install configuration: ""
[27.588s] -- Installing: /home/user/ros2_ws/install/tortoisebot_waypoints/share/tortoisebot_waypoints/environment/library_path.sh
[27.588s] -- Installing: /home/user/ros2_ws/install/tortoisebot_waypoints/share/tortoisebot_waypoints/environment/library_path.dsv
[27.588s] -- Installing: /home/user/ros2_ws/install/tortoisebot_waypoints/lib/tortoisebot_waypoints/tortoisebot_action_server_node
[27.595s] -- Set runtime path of "/home/user/ros2_ws/install/tortoisebot_waypoints/lib/tortoisebot_waypoints/tortoisebot_action_server_node" to ""
[27.595s] -- Installing: /home/user/ros2_ws/install/tortoisebot_waypoints/include
[27.595s] -- Installing: /home/user/ros2_ws/install/tortoisebot_waypoints/include/tortoisebot_waypoints
[27.595s] -- Installing: /home/user/ros2_ws/install/tortoisebot_waypoints/include/tortoisebot_waypoints/tortoisebot_action_server.hpp
[27.595s] -- Installing: /home/user/ros2_ws/install/tortoisebot_waypoints/lib/libtortoisebot_waypoints_lib.a
[27.614s] -- Installing: /home/user/ros2_ws/install/tortoisebot_waypoints/lib/tortoisebot_waypoints/tortoisebot_waypoints_test
[27.622s] -- Set runtime path of "/home/user/ros2_ws/install/tortoisebot_waypoints/lib/tortoisebot_waypoints/tortoisebot_waypoints_test" to ""
[27.622s] -- Installing: /home/user/ros2_ws/install/tortoisebot_waypoints/share/ament_index/resource_index/package_run_dependencies/tortoisebot_waypoints
[27.622s] -- Installing: /home/user/ros2_ws/install/tortoisebot_waypoints/share/ament_index/resource_index/parent_prefix_path/tortoisebot_waypoints
[27.622s] -- Installing: /home/user/ros2_ws/install/tortoisebot_waypoints/share/tortoisebot_waypoints/environment/ament_prefix_path.sh
[27.623s] -- Installing: /home/user/ros2_ws/install/tortoisebot_waypoints/share/tortoisebot_waypoints/environment/ament_prefix_path.dsv
[27.623s] -- Installing: /home/user/ros2_ws/install/tortoisebot_waypoints/share/tortoisebot_waypoints/environment/path.sh
[27.623s] -- Installing: /home/user/ros2_ws/install/tortoisebot_waypoints/share/tortoisebot_waypoints/environment/path.dsv
[27.623s] -- Installing: /home/user/ros2_ws/install/tortoisebot_waypoints/share/tortoisebot_waypoints/local_setup.bash
[27.624s] -- Installing: /home/user/ros2_ws/install/tortoisebot_waypoints/share/tortoisebot_waypoints/local_setup.sh
[27.624s] -- Installing: /home/user/ros2_ws/install/tortoisebot_waypoints/share/tortoisebot_waypoints/local_setup.zsh
[27.624s] -- Installing: /home/user/ros2_ws/install/tortoisebot_waypoints/share/tortoisebot_waypoints/local_setup.dsv
[27.625s] -- Installing: /home/user/ros2_ws/install/tortoisebot_waypoints/share/tortoisebot_waypoints/package.dsv
[27.625s] -- Installing: /home/user/ros2_ws/install/tortoisebot_waypoints/share/ament_index/resource_index/packages/tortoisebot_waypoints
[27.625s] -- Installing: /home/user/ros2_ws/install/tortoisebot_waypoints/share/tortoisebot_waypoints/cmake/tortoisebot_waypoints_libExport.cmake
[27.626s] -- Installing: /home/user/ros2_ws/install/tortoisebot_waypoints/share/tortoisebot_waypoints/cmake/tortoisebot_waypoints_libExport-noconfig.cmake
[27.626s] -- Installing: /home/user/ros2_ws/install/tortoisebot_waypoints/share/tortoisebot_waypoints/cmake/ament_cmake_export_targets-extras.cmake
[27.626s] -- Installing: /home/user/ros2_ws/install/tortoisebot_waypoints/share/tortoisebot_waypoints/cmake/tortoisebot_waypointsConfig.cmake
[27.626s] -- Installing: /home/user/ros2_ws/install/tortoisebot_waypoints/share/tortoisebot_waypoints/cmake/tortoisebot_waypointsConfig-version.cmake
[27.626s] -- Installing: /home/user/ros2_ws/install/tortoisebot_waypoints/share/tortoisebot_waypoints/package.xml
[27.632s] Invoked command in '/home/user/ros2_ws/build/tortoisebot_waypoints' returned '0': CMAKE_PREFIX_PATH=/home/user/ros2_ws/install/tortoisebot_waypoints_interface:/opt/ros/galactic:/home/user/simulation_ws/devel:/opt/ros/noetic:/home/simulations/ros2_sims_ws/install/ros1_bridge:/home/user/ros2_ws/install/ydlidar:/home/user/ros2_ws/install/tortoisebot_waypoints:/home/user/ros2_ws/install/tortoisebot_slam:/home/user/ros2_ws/install/tortoisebot_navigation:/home/user/ros2_ws/install/tortoisebot_gazebo:/home/user/ros2_ws/install/tortoisebot_firmware:/home/user/ros2_ws/install/tortoisebot_description:/home/user/ros2_ws/install/tortoisebot_bringup LD_LIBRARY_PATH=/home/user/ros2_ws/install/tortoisebot_waypoints_interface/lib:/home/user/simulation_ws/devel/lib:/opt/ros/noetic/lib:/opt/ros/noetic/lib/x86_64-linux-gnu:/home/user/ros2_ws/install/ydlidar/lib:/home/user/ros2_ws/install/tortoisebot_firmware/lib:/usr/local/cuda-10.2/lib64:/home/user/.catkin_ws_python3/src/TensorRT-7.0.0.11/lib:/home/simulations/ros2_sims_ws/install/ros1_bridge/lib:/home/user/ros2_ws/install/tortoisebot_waypoints/lib:/opt/ros/galactic/opt/yaml_cpp_vendor/lib:/opt/ros/galactic/opt/rviz_ogre_vendor/lib:/opt/ros/galactic/lib/x86_64-linux-gnu:/opt/ros/galactic/lib:/usr/local/cuda-10.2/lib64:/home/user/.catkin_ws_python3/src/TensorRT-7.0.0.11/lib:/usr/lib/x86_64-linux-gnu/gazebo-11/plugins:/usr/lib/x86_64-linux-gnu/gazebo-11/plugins:/usr/lib/x86_64-linux-gnu/gazebo-11/plugins PYTHONPATH=/home/user/ros2_ws/install/tortoisebot_waypoints_interface/lib/python3.8/site-packages:/home/user/simulation_ws/devel/lib/python3/dist-packages:/opt/ros/noetic/lib/python3/dist-packages:/home/simulations/ros2_sims_ws/install/ros1_bridge/lib/python3.8/site-packages:/home/user/ros2_ws/install/tortoisebot_firmware/lib/python3.8/site-packages:/opt/ros/galactic/lib/python/site-packages:/opt/ros/galactic/lib/python3.8/site-packages:/home/simulations/public_sim_ws/src/all/ros_basics_examples/python_course_class:/home/simulations/public_sim_ws/src/ros_basics_examples/python_course_class:/home/simulations/public_sim_ws/src/all/kinematics_course_utils/kinematics _=/usr/bin/env /usr/bin/cmake --install /home/user/ros2_ws/build/tortoisebot_waypoints
