[0.092s] Invoking command in '/home/user/ros2_ws/build/tortoisebot_firmware': CMAKE_PREFIX_PATH=/opt/ros/galactic:${CMAKE_PREFIX_PATH} _=/usr/bin/env /usr/bin/cmake --build /home/user/ros2_ws/build/tortoisebot_firmware -- -j8 -l8
[0.222s] Built target ament_cmake_python_copy_tortoisebot_firmware
[0.642s] running egg_info
[0.643s] writing tortoisebot_firmware.egg-info/PKG-INFO
[0.643s] writing dependency_links to tortoisebot_firmware.egg-info/dependency_links.txt
[0.644s] writing top-level names to tortoisebot_firmware.egg-info/top_level.txt
[0.692s] reading manifest file 'tortoisebot_firmware.egg-info/SOURCES.txt'
[0.692s] writing manifest file 'tortoisebot_firmware.egg-info/SOURCES.txt'
[0.726s] Built target ament_cmake_python_build_tortoisebot_firmware_egg
[0.739s] Invoked command in '/home/user/ros2_ws/build/tortoisebot_firmware' returned '0': CMAKE_PREFIX_PATH=/opt/ros/galactic:${CMAKE_PREFIX_PATH} _=/usr/bin/env /usr/bin/cmake --build /home/user/ros2_ws/build/tortoisebot_firmware -- -j8 -l8
[0.801s] Invoking command in '/home/user/ros2_ws/build/tortoisebot_firmware': CMAKE_PREFIX_PATH=/opt/ros/galactic:${CMAKE_PREFIX_PATH} _=/usr/bin/env /usr/bin/cmake --install /home/user/ros2_ws/build/tortoisebot_firmware
[0.811s] -- Install configuration: ""
[0.811s] -- Up-to-date: /home/user/ros2_ws/install/tortoisebot_firmware/share/tortoisebot_firmware/environment/pythonpath.sh
[0.811s] -- Up-to-date: /home/user/ros2_ws/install/tortoisebot_firmware/share/tortoisebot_firmware/environment/pythonpath.dsv
[0.812s] -- Up-to-date: /home/user/ros2_ws/install/tortoisebot_firmware/lib/python3.8/site-packages//tortoisebot_firmware.egg-info
[0.812s] -- Installing: /home/user/ros2_ws/install/tortoisebot_firmware/lib/python3.8/site-packages//tortoisebot_firmware.egg-info/PKG-INFO
[0.812s] -- Installing: /home/user/ros2_ws/install/tortoisebot_firmware/lib/python3.8/site-packages//tortoisebot_firmware.egg-info/top_level.txt
[0.812s] -- Installing: /home/user/ros2_ws/install/tortoisebot_firmware/lib/python3.8/site-packages//tortoisebot_firmware.egg-info/SOURCES.txt
[0.812s] -- Installing: /home/user/ros2_ws/install/tortoisebot_firmware/lib/python3.8/site-packages//tortoisebot_firmware.egg-info/dependency_links.txt
[0.812s] -- Up-to-date: /home/user/ros2_ws/install/tortoisebot_firmware/lib/python3.8/site-packages/tortoisebot_firmware
[0.812s] -- Up-to-date: /home/user/ros2_ws/install/tortoisebot_firmware/lib/python3.8/site-packages/tortoisebot_firmware/__init__.py
[0.852s] Listing '/home/user/ros2_ws/install/tortoisebot_firmware/lib/python3.8/site-packages/tortoisebot_firmware'...
[0.856s] -- Up-to-date: /home/user/ros2_ws/install/tortoisebot_firmware/lib/tortoisebot_firmware/differential.py
[0.856s] -- Up-to-date: /home/user/ros2_ws/install/tortoisebot_firmware/share/ament_index/resource_index/package_run_dependencies/tortoisebot_firmware
[0.856s] -- Up-to-date: /home/user/ros2_ws/install/tortoisebot_firmware/share/ament_index/resource_index/parent_prefix_path/tortoisebot_firmware
[0.857s] -- Up-to-date: /home/user/ros2_ws/install/tortoisebot_firmware/share/tortoisebot_firmware/environment/ament_prefix_path.sh
[0.857s] -- Up-to-date: /home/user/ros2_ws/install/tortoisebot_firmware/share/tortoisebot_firmware/environment/ament_prefix_path.dsv
[0.857s] -- Up-to-date: /home/user/ros2_ws/install/tortoisebot_firmware/share/tortoisebot_firmware/environment/path.sh
[0.857s] -- Up-to-date: /home/user/ros2_ws/install/tortoisebot_firmware/share/tortoisebot_firmware/environment/path.dsv
[0.857s] -- Up-to-date: /home/user/ros2_ws/install/tortoisebot_firmware/share/tortoisebot_firmware/local_setup.bash
[0.857s] -- Up-to-date: /home/user/ros2_ws/install/tortoisebot_firmware/share/tortoisebot_firmware/local_setup.sh
[0.857s] -- Up-to-date: /home/user/ros2_ws/install/tortoisebot_firmware/share/tortoisebot_firmware/local_setup.zsh
[0.857s] -- Up-to-date: /home/user/ros2_ws/install/tortoisebot_firmware/share/tortoisebot_firmware/local_setup.dsv
[0.857s] -- Installing: /home/user/ros2_ws/install/tortoisebot_firmware/share/tortoisebot_firmware/package.dsv
[0.857s] -- Up-to-date: /home/user/ros2_ws/install/tortoisebot_firmware/share/ament_index/resource_index/packages/tortoisebot_firmware
[0.857s] -- Up-to-date: /home/user/ros2_ws/install/tortoisebot_firmware/share/tortoisebot_firmware/cmake/tortoisebot_firmwareConfig.cmake
[0.858s] -- Up-to-date: /home/user/ros2_ws/install/tortoisebot_firmware/share/tortoisebot_firmware/cmake/tortoisebot_firmwareConfig-version.cmake
[0.858s] -- Up-to-date: /home/user/ros2_ws/install/tortoisebot_firmware/share/tortoisebot_firmware/package.xml
[0.862s] Invoked command in '/home/user/ros2_ws/build/tortoisebot_firmware' returned '0': CMAKE_PREFIX_PATH=/opt/ros/galactic:${CMAKE_PREFIX_PATH} _=/usr/bin/env /usr/bin/cmake --install /home/user/ros2_ws/build/tortoisebot_firmware
