[0.110s] Invoking command in '/home/user/ros2_ws/build/tortoisebot_bringup': CMAKE_PREFIX_PATH=/opt/ros/galactic:${CMAKE_PREFIX_PATH} _=/usr/bin/env /usr/bin/cmake --build /home/user/ros2_ws/build/tortoisebot_bringup -- -j8 -l8
[0.201s] Invoked command in '/home/user/ros2_ws/build/tortoisebot_bringup' returned '0': CMAKE_PREFIX_PATH=/opt/ros/galactic:${CMAKE_PREFIX_PATH} _=/usr/bin/env /usr/bin/cmake --build /home/user/ros2_ws/build/tortoisebot_bringup -- -j8 -l8
[0.354s] Invoking command in '/home/user/ros2_ws/build/tortoisebot_bringup': CMAKE_PREFIX_PATH=/opt/ros/galactic:${CMAKE_PREFIX_PATH} _=/usr/bin/env /usr/bin/cmake --install /home/user/ros2_ws/build/tortoisebot_bringup
[0.391s] -- Install configuration: ""
[0.391s] -- Up-to-date: /home/user/ros2_ws/install/tortoisebot_bringup/share/tortoisebot_bringup/launch
[0.392s] -- Up-to-date: /home/user/ros2_ws/install/tortoisebot_bringup/share/tortoisebot_bringup/launch/autobringup.launch.py
[0.392s] -- Up-to-date: /home/user/ros2_ws/install/tortoisebot_bringup/share/tortoisebot_bringup/launch/bringup.launch.py
[0.392s] -- Up-to-date: /home/user/ros2_ws/install/tortoisebot_bringup/share/tortoisebot_bringup/maps
[0.393s] -- Up-to-date: /home/user/ros2_ws/install/tortoisebot_bringup/share/tortoisebot_bringup/maps/room2.yaml
[0.394s] -- Up-to-date: /home/user/ros2_ws/install/tortoisebot_bringup/share/tortoisebot_bringup/maps/room2.pgm
[0.395s] -- Up-to-date: /home/user/ros2_ws/install/tortoisebot_bringup/share/ament_index/resource_index/package_run_dependencies/tortoisebot_bringup
[0.396s] -- Up-to-date: /home/user/ros2_ws/install/tortoisebot_bringup/share/ament_index/resource_index/parent_prefix_path/tortoisebot_bringup
[0.400s] -- Up-to-date: /home/user/ros2_ws/install/tortoisebot_bringup/share/tortoisebot_bringup/environment/ament_prefix_path.sh
[0.401s] -- Up-to-date: /home/user/ros2_ws/install/tortoisebot_bringup/share/tortoisebot_bringup/environment/ament_prefix_path.dsv
[0.401s] -- Up-to-date: /home/user/ros2_ws/install/tortoisebot_bringup/share/tortoisebot_bringup/environment/path.sh
[0.402s] -- Up-to-date: /home/user/ros2_ws/install/tortoisebot_bringup/share/tortoisebot_bringup/environment/path.dsv
[0.402s] -- Up-to-date: /home/user/ros2_ws/install/tortoisebot_bringup/share/tortoisebot_bringup/local_setup.bash
[0.402s] -- Up-to-date: /home/user/ros2_ws/install/tortoisebot_bringup/share/tortoisebot_bringup/local_setup.sh
[0.402s] -- Up-to-date: /home/user/ros2_ws/install/tortoisebot_bringup/share/tortoisebot_bringup/local_setup.zsh
[0.403s] -- Up-to-date: /home/user/ros2_ws/install/tortoisebot_bringup/share/tortoisebot_bringup/local_setup.dsv
[0.403s] -- Installing: /home/user/ros2_ws/install/tortoisebot_bringup/share/tortoisebot_bringup/package.dsv
[0.403s] -- Up-to-date: /home/user/ros2_ws/install/tortoisebot_bringup/share/ament_index/resource_index/packages/tortoisebot_bringup
[0.404s] -- Up-to-date: /home/user/ros2_ws/install/tortoisebot_bringup/share/tortoisebot_bringup/cmake/tortoisebot_bringupConfig.cmake
[0.404s] -- Up-to-date: /home/user/ros2_ws/install/tortoisebot_bringup/share/tortoisebot_bringup/cmake/tortoisebot_bringupConfig-version.cmake
[0.404s] -- Up-to-date: /home/user/ros2_ws/install/tortoisebot_bringup/share/tortoisebot_bringup/package.xml
[0.471s] Invoked command in '/home/user/ros2_ws/build/tortoisebot_bringup' returned '0': CMAKE_PREFIX_PATH=/opt/ros/galactic:${CMAKE_PREFIX_PATH} _=/usr/bin/env /usr/bin/cmake --install /home/user/ros2_ws/build/tortoisebot_bringup
