[0.070s] Invoking command in '/home/user/ros2_ws/build/tortoisebot_navigation': CMAKE_PREFIX_PATH=/opt/ros/galactic:${CMAKE_PREFIX_PATH} _=/usr/bin/env /usr/bin/cmake /home/user/ros2_ws/src/tortoisebot/tortoisebot_navigation -DCMAKE_INSTALL_PREFIX=/home/user/ros2_ws/install/tortoisebot_navigation
[6.215s] -- The C compiler identification is GNU 9.4.0
[6.411s] -- The CXX compiler identification is GNU 9.4.0
[6.510s] -- Check for working C compiler: /usr/bin/cc
[6.626s] -- Check for working C compiler: /usr/bin/cc -- works
[6.629s] -- Detecting C compiler ABI info
[6.778s] -- Detecting C compiler ABI info - done
[6.803s] -- Detecting C compile features
[6.920s] -- Detecting C compile features - done
[6.929s] -- Check for working CXX compiler: /usr/bin/c++
[7.081s] -- Check for working CXX compiler: /usr/bin/c++ -- works
[7.083s] -- Detecting CXX compiler ABI info
[7.255s] -- Detecting CXX compiler ABI info - done
[7.269s] -- Detecting CXX compile features
[7.270s] -- Detecting CXX compile features - done
[7.298s] -- Found ament_cmake: 1.1.5 (/opt/ros/galactic/share/ament_cmake/cmake)
[7.722s] -- Found PythonInterp: /usr/bin/python3 (found suitable version "3.8.10", minimum required is "3") 
[7.722s] -- Using PYTHON_EXECUTABLE: /usr/bin/python3
[8.119s] -- Found ament_lint_auto: 0.10.7 (/opt/ros/galactic/share/ament_lint_auto/cmake)
[8.533s] -- Added test 'copyright' to check source files copyright and LICENSE
[8.538s] -- Added test 'flake8' to check Python code syntax and style conventions
[8.540s] -- Added test 'lint_cmake' to check CMake code style
[8.541s] -- Added test 'pep257' to check Python code against some of the style conventions in PEP 257
[8.544s] -- Added test 'xmllint' to check XML markup files
[8.551s] -- Configuring done
[8.552s] -- Generating done
[8.555s] -- Build files have been written to: /home/user/ros2_ws/build/tortoisebot_navigation
[8.587s] Invoked command in '/home/user/ros2_ws/build/tortoisebot_navigation' returned '0': CMAKE_PREFIX_PATH=/opt/ros/galactic:${CMAKE_PREFIX_PATH} _=/usr/bin/env /usr/bin/cmake /home/user/ros2_ws/src/tortoisebot/tortoisebot_navigation -DCMAKE_INSTALL_PREFIX=/home/user/ros2_ws/install/tortoisebot_navigation
[8.587s] Invoking command in '/home/user/ros2_ws/build/tortoisebot_navigation': CMAKE_PREFIX_PATH=/opt/ros/galactic:${CMAKE_PREFIX_PATH} _=/usr/bin/env /usr/bin/cmake --build /home/user/ros2_ws/build/tortoisebot_navigation -- -j8 -l8
[8.622s] Invoked command in '/home/user/ros2_ws/build/tortoisebot_navigation' returned '0': CMAKE_PREFIX_PATH=/opt/ros/galactic:${CMAKE_PREFIX_PATH} _=/usr/bin/env /usr/bin/cmake --build /home/user/ros2_ws/build/tortoisebot_navigation -- -j8 -l8
[8.695s] Invoking command in '/home/user/ros2_ws/build/tortoisebot_navigation': CMAKE_PREFIX_PATH=/opt/ros/galactic:${CMAKE_PREFIX_PATH} _=/usr/bin/env /usr/bin/cmake --install /home/user/ros2_ws/build/tortoisebot_navigation
[8.710s] -- Install configuration: ""
[8.711s] -- Installing: /home/user/ros2_ws/install/tortoisebot_navigation/share/tortoisebot_navigation/launch
[8.711s] -- Installing: /home/user/ros2_ws/install/tortoisebot_navigation/share/tortoisebot_navigation/launch/navigation.launch.py
[8.711s] -- Installing: /home/user/ros2_ws/install/tortoisebot_navigation/share/tortoisebot_navigation/config
[8.711s] -- Installing: /home/user/ros2_ws/install/tortoisebot_navigation/share/tortoisebot_navigation/config/nav2_params.yaml
[8.711s] -- Installing: /home/user/ros2_ws/install/tortoisebot_navigation/share/ament_index/resource_index/package_run_dependencies/tortoisebot_navigation
[8.711s] -- Installing: /home/user/ros2_ws/install/tortoisebot_navigation/share/ament_index/resource_index/parent_prefix_path/tortoisebot_navigation
[8.712s] -- Installing: /home/user/ros2_ws/install/tortoisebot_navigation/share/tortoisebot_navigation/environment/ament_prefix_path.sh
[8.712s] -- Installing: /home/user/ros2_ws/install/tortoisebot_navigation/share/tortoisebot_navigation/environment/ament_prefix_path.dsv
[8.712s] -- Installing: /home/user/ros2_ws/install/tortoisebot_navigation/share/tortoisebot_navigation/environment/path.sh
[8.712s] -- Installing: /home/user/ros2_ws/install/tortoisebot_navigation/share/tortoisebot_navigation/environment/path.dsv
[8.712s] -- Installing: /home/user/ros2_ws/install/tortoisebot_navigation/share/tortoisebot_navigation/local_setup.bash
[8.712s] -- Installing: /home/user/ros2_ws/install/tortoisebot_navigation/share/tortoisebot_navigation/local_setup.sh
[8.713s] -- Installing: /home/user/ros2_ws/install/tortoisebot_navigation/share/tortoisebot_navigation/local_setup.zsh
[8.716s] -- Installing: /home/user/ros2_ws/install/tortoisebot_navigation/share/tortoisebot_navigation/local_setup.dsv
[8.716s] -- Installing: /home/user/ros2_ws/install/tortoisebot_navigation/share/tortoisebot_navigation/package.dsv
[8.716s] -- Installing: /home/user/ros2_ws/install/tortoisebot_navigation/share/ament_index/resource_index/packages/tortoisebot_navigation
[8.720s] -- Installing: /home/user/ros2_ws/install/tortoisebot_navigation/share/tortoisebot_navigation/cmake/tortoisebot_navigationConfig.cmake
[8.721s] -- Installing: /home/user/ros2_ws/install/tortoisebot_navigation/share/tortoisebot_navigation/cmake/tortoisebot_navigationConfig-version.cmake
[8.721s] -- Installing: /home/user/ros2_ws/install/tortoisebot_navigation/share/tortoisebot_navigation/package.xml
[8.740s] Invoked command in '/home/user/ros2_ws/build/tortoisebot_navigation' returned '0': CMAKE_PREFIX_PATH=/opt/ros/galactic:${CMAKE_PREFIX_PATH} _=/usr/bin/env /usr/bin/cmake --install /home/user/ros2_ws/build/tortoisebot_navigation
