[0.085s] Invoking command in '/home/user/ros2_ws/build/tortoisebot_firmware': CMAKE_PREFIX_PATH=/opt/ros/galactic:${CMAKE_PREFIX_PATH} _=/usr/bin/env /usr/bin/cmake /home/user/ros2_ws/src/tortoisebot/tortoisebot_firmware -DCMAKE_INSTALL_PREFIX=/home/user/ros2_ws/install/tortoisebot_firmware
[6.237s] -- The C compiler identification is GNU 9.4.0
[6.435s] -- The CXX compiler identification is GNU 9.4.0
[6.535s] -- Check for working C compiler: /usr/bin/cc
[6.662s] -- Check for working C compiler: /usr/bin/cc -- works
[6.664s] -- Detecting C compiler ABI info
[6.811s] -- Detecting C compiler ABI info - done
[6.833s] -- Detecting C compile features
[6.946s] -- Detecting C compile features - done
[6.953s] -- Check for working CXX compiler: /usr/bin/c++
[7.111s] -- Check for working CXX compiler: /usr/bin/c++ -- works
[7.112s] -- Detecting CXX compiler ABI info
[7.279s] -- Detecting CXX compiler ABI info - done
[7.305s] -- Detecting CXX compile features
[7.307s] -- Detecting CXX compile features - done
[7.323s] -- Found ament_cmake: 1.1.5 (/opt/ros/galactic/share/ament_cmake/cmake)
[7.747s] -- Found PythonInterp: /usr/bin/python3 (found suitable version "3.8.10", minimum required is "3") 
[7.747s] -- Using PYTHON_EXECUTABLE: /usr/bin/python3
[8.149s] -- Found rclcpp: 9.2.1 (/opt/ros/galactic/share/rclcpp/cmake)
[8.339s] -- Using all available rosidl_typesupport_c: rosidl_typesupport_fastrtps_c;rosidl_typesupport_introspection_c
[8.363s] -- Found rosidl_adapter: 2.2.2 (/opt/ros/galactic/share/rosidl_adapter/cmake)
[9.243s] -- Found OpenSSL: /usr/lib/x86_64-linux-gnu/libcrypto.so (found version "1.1.1f")  
[9.316s] -- Found FastRTPS: /opt/ros/galactic/include  
[9.621s] -- Using all available rosidl_typesupport_cpp: rosidl_typesupport_fastrtps_cpp;rosidl_typesupport_introspection_cpp
[9.818s] -- Found rmw_implementation_cmake: 3.3.1 (/opt/ros/galactic/share/rmw_implementation_cmake/cmake)
[9.832s] -- Found rmw_cyclonedds_cpp: 0.22.5 (/opt/ros/galactic/share/rmw_cyclonedds_cpp/cmake)
[9.879s] -- Using RMW implementation 'rmw_cyclonedds_cpp' as default
[9.882s] -- Looking for pthread.h
[9.989s] -- Looking for pthread.h - found
[9.989s] -- Performing Test CMAKE_HAVE_LIBC_PTHREAD
[10.098s] -- Performing Test CMAKE_HAVE_LIBC_PTHREAD - Failed
[10.098s] -- Looking for pthread_create in pthreads
[10.190s] -- Looking for pthread_create in pthreads - not found
[10.190s] -- Looking for pthread_create in pthread
[10.310s] -- Looking for pthread_create in pthread - found
[10.311s] -- Found Threads: TRUE  
[10.668s] -- Found rclpy: 1.9.1 (/opt/ros/galactic/share/rclpy/cmake)
[10.673s] -- Found ament_lint_auto: 0.10.7 (/opt/ros/galactic/share/ament_lint_auto/cmake)
[10.846s] -- Added test 'copyright' to check source files copyright and LICENSE
[10.848s] -- Added test 'flake8' to check Python code syntax and style conventions
[10.848s] -- Added test 'lint_cmake' to check CMake code style
[10.849s] -- Added test 'pep257' to check Python code against some of the style conventions in PEP 257
[10.850s] -- Added test 'xmllint' to check XML markup files
[10.855s] -- Configuring done
[10.859s] -- Generating done
[10.861s] -- Build files have been written to: /home/user/ros2_ws/build/tortoisebot_firmware
[10.873s] Invoked command in '/home/user/ros2_ws/build/tortoisebot_firmware' returned '0': CMAKE_PREFIX_PATH=/opt/ros/galactic:${CMAKE_PREFIX_PATH} _=/usr/bin/env /usr/bin/cmake /home/user/ros2_ws/src/tortoisebot/tortoisebot_firmware -DCMAKE_INSTALL_PREFIX=/home/user/ros2_ws/install/tortoisebot_firmware
[10.876s] Invoking command in '/home/user/ros2_ws/build/tortoisebot_firmware': CMAKE_PREFIX_PATH=/opt/ros/galactic:${CMAKE_PREFIX_PATH} _=/usr/bin/env /usr/bin/cmake --build /home/user/ros2_ws/build/tortoisebot_firmware -- -j8 -l8
[10.942s] [35m[1mScanning dependencies of target ament_cmake_python_copy_tortoisebot_firmware[0m
[10.969s] Built target ament_cmake_python_copy_tortoisebot_firmware
[10.982s] [35m[1mScanning dependencies of target ament_cmake_python_build_tortoisebot_firmware_egg[0m
[11.791s] running egg_info
[11.792s] creating tortoisebot_firmware.egg-info
[11.792s] writing tortoisebot_firmware.egg-info/PKG-INFO
[11.792s] writing dependency_links to tortoisebot_firmware.egg-info/dependency_links.txt
[11.792s] writing top-level names to tortoisebot_firmware.egg-info/top_level.txt
[11.853s] writing manifest file 'tortoisebot_firmware.egg-info/SOURCES.txt'
[12.254s] reading manifest file 'tortoisebot_firmware.egg-info/SOURCES.txt'
[12.255s] writing manifest file 'tortoisebot_firmware.egg-info/SOURCES.txt'
[12.369s] Built target ament_cmake_python_build_tortoisebot_firmware_egg
[12.399s] Invoked command in '/home/user/ros2_ws/build/tortoisebot_firmware' returned '0': CMAKE_PREFIX_PATH=/opt/ros/galactic:${CMAKE_PREFIX_PATH} _=/usr/bin/env /usr/bin/cmake --build /home/user/ros2_ws/build/tortoisebot_firmware -- -j8 -l8
[12.487s] Invoking command in '/home/user/ros2_ws/build/tortoisebot_firmware': CMAKE_PREFIX_PATH=/opt/ros/galactic:${CMAKE_PREFIX_PATH} _=/usr/bin/env /usr/bin/cmake --install /home/user/ros2_ws/build/tortoisebot_firmware
[12.512s] -- Install configuration: ""
[12.512s] -- Installing: /home/user/ros2_ws/install/tortoisebot_firmware/share/tortoisebot_firmware/environment/pythonpath.sh
[12.512s] -- Installing: /home/user/ros2_ws/install/tortoisebot_firmware/share/tortoisebot_firmware/environment/pythonpath.dsv
[12.513s] -- Installing: /home/user/ros2_ws/install/tortoisebot_firmware/lib/python3.8/site-packages//tortoisebot_firmware.egg-info
[12.513s] -- Installing: /home/user/ros2_ws/install/tortoisebot_firmware/lib/python3.8/site-packages//tortoisebot_firmware.egg-info/PKG-INFO
[12.513s] -- Installing: /home/user/ros2_ws/install/tortoisebot_firmware/lib/python3.8/site-packages//tortoisebot_firmware.egg-info/top_level.txt
[12.513s] -- Installing: /home/user/ros2_ws/install/tortoisebot_firmware/lib/python3.8/site-packages//tortoisebot_firmware.egg-info/SOURCES.txt
[12.513s] -- Installing: /home/user/ros2_ws/install/tortoisebot_firmware/lib/python3.8/site-packages//tortoisebot_firmware.egg-info/dependency_links.txt
[12.514s] -- Installing: /home/user/ros2_ws/install/tortoisebot_firmware/lib/python3.8/site-packages/tortoisebot_firmware
[12.514s] -- Installing: /home/user/ros2_ws/install/tortoisebot_firmware/lib/python3.8/site-packages/tortoisebot_firmware/__init__.py
[12.584s] Listing '/home/user/ros2_ws/install/tortoisebot_firmware/lib/python3.8/site-packages/tortoisebot_firmware'...
[12.584s] Compiling '/home/user/ros2_ws/install/tortoisebot_firmware/lib/python3.8/site-packages/tortoisebot_firmware/__init__.py'...
[12.593s] -- Installing: /home/user/ros2_ws/install/tortoisebot_firmware/lib/tortoisebot_firmware/differential.py
[12.594s] -- Installing: /home/user/ros2_ws/install/tortoisebot_firmware/share/ament_index/resource_index/package_run_dependencies/tortoisebot_firmware
[12.594s] -- Installing: /home/user/ros2_ws/install/tortoisebot_firmware/share/ament_index/resource_index/parent_prefix_path/tortoisebot_firmware
[12.595s] -- Installing: /home/user/ros2_ws/install/tortoisebot_firmware/share/tortoisebot_firmware/environment/ament_prefix_path.sh
[12.595s] -- Installing: /home/user/ros2_ws/install/tortoisebot_firmware/share/tortoisebot_firmware/environment/ament_prefix_path.dsv
[12.596s] -- Installing: /home/user/ros2_ws/install/tortoisebot_firmware/share/tortoisebot_firmware/environment/path.sh
[12.597s] -- Installing: /home/user/ros2_ws/install/tortoisebot_firmware/share/tortoisebot_firmware/environment/path.dsv
[12.598s] -- Installing: /home/user/ros2_ws/install/tortoisebot_firmware/share/tortoisebot_firmware/local_setup.bash
[12.599s] -- Installing: /home/user/ros2_ws/install/tortoisebot_firmware/share/tortoisebot_firmware/local_setup.sh
[12.599s] -- Installing: /home/user/ros2_ws/install/tortoisebot_firmware/share/tortoisebot_firmware/local_setup.zsh
[12.600s] -- Installing: /home/user/ros2_ws/install/tortoisebot_firmware/share/tortoisebot_firmware/local_setup.dsv
[12.600s] -- Installing: /home/user/ros2_ws/install/tortoisebot_firmware/share/tortoisebot_firmware/package.dsv
[12.601s] -- Installing: /home/user/ros2_ws/install/tortoisebot_firmware/share/ament_index/resource_index/packages/tortoisebot_firmware
[12.602s] -- Installing: /home/user/ros2_ws/install/tortoisebot_firmware/share/tortoisebot_firmware/cmake/tortoisebot_firmwareConfig.cmake
[12.602s] -- Installing: /home/user/ros2_ws/install/tortoisebot_firmware/share/tortoisebot_firmware/cmake/tortoisebot_firmwareConfig-version.cmake
[12.602s] -- Installing: /home/user/ros2_ws/install/tortoisebot_firmware/share/tortoisebot_firmware/package.xml
[12.616s] Invoked command in '/home/user/ros2_ws/build/tortoisebot_firmware' returned '0': CMAKE_PREFIX_PATH=/opt/ros/galactic:${CMAKE_PREFIX_PATH} _=/usr/bin/env /usr/bin/cmake --install /home/user/ros2_ws/build/tortoisebot_firmware
