[0.100s] Invoking command in '/home/user/ros2_ws/build/tortoisebot_description': CMAKE_PREFIX_PATH=/opt/ros/galactic:${CMAKE_PREFIX_PATH} _=/usr/bin/env /usr/bin/cmake --build /home/user/ros2_ws/build/tortoisebot_description -- -j8 -l8
[0.188s] Invoked command in '/home/user/ros2_ws/build/tortoisebot_description' returned '0': CMAKE_PREFIX_PATH=/opt/ros/galactic:${CMAKE_PREFIX_PATH} _=/usr/bin/env /usr/bin/cmake --build /home/user/ros2_ws/build/tortoisebot_description -- -j8 -l8
[0.312s] Invoking command in '/home/user/ros2_ws/build/tortoisebot_description': CMAKE_PREFIX_PATH=/opt/ros/galactic:${CMAKE_PREFIX_PATH} _=/usr/bin/env /usr/bin/cmake --install /home/user/ros2_ws/build/tortoisebot_description
[0.338s] -- Install configuration: ""
[0.339s] -- Up-to-date: /home/user/ros2_ws/install/tortoisebot_description/share/tortoisebot_description/launch
[0.342s] -- Up-to-date: /home/user/ros2_ws/install/tortoisebot_description/share/tortoisebot_description/launch/rviz.launch.py
[0.342s] -- Up-to-date: /home/user/ros2_ws/install/tortoisebot_description/share/tortoisebot_description/launch/state_publisher.launch.py
[0.342s] -- Up-to-date: /home/user/ros2_ws/install/tortoisebot_description/share/tortoisebot_description/launch/display.launch.py
[0.343s] -- Up-to-date: /home/user/ros2_ws/install/tortoisebot_description/share/tortoisebot_description/models
[0.343s] -- Up-to-date: /home/user/ros2_ws/install/tortoisebot_description/share/tortoisebot_description/models/urdf
[0.343s] -- Up-to-date: /home/user/ros2_ws/install/tortoisebot_description/share/tortoisebot_description/models/urdf/tortoisebot.xacro
[0.344s] -- Up-to-date: /home/user/ros2_ws/install/tortoisebot_description/share/tortoisebot_description/models/urdf/materials.xacro
[0.345s] -- Up-to-date: /home/user/ros2_ws/install/tortoisebot_description/share/tortoisebot_description/models/meshes
[0.345s] -- Up-to-date: /home/user/ros2_ws/install/tortoisebot_description/share/tortoisebot_description/models/meshes/lidar_motorend.stl
[0.345s] -- Up-to-date: /home/user/ros2_ws/install/tortoisebot_description/share/tortoisebot_description/models/meshes/camera.stl
[0.346s] -- Up-to-date: /home/user/ros2_ws/install/tortoisebot_description/share/tortoisebot_description/models/meshes/imu.stl
[0.346s] -- Up-to-date: /home/user/ros2_ws/install/tortoisebot_description/share/tortoisebot_description/models/meshes/caster.stl
[0.347s] -- Up-to-date: /home/user/ros2_ws/install/tortoisebot_description/share/tortoisebot_description/models/meshes/lidar_bottom.stl
[0.347s] -- Up-to-date: /home/user/ros2_ws/install/tortoisebot_description/share/tortoisebot_description/models/meshes/base_link.stl
[0.348s] -- Up-to-date: /home/user/ros2_ws/install/tortoisebot_description/share/tortoisebot_description/models/meshes/lidar_top.stl
[0.348s] -- Up-to-date: /home/user/ros2_ws/install/tortoisebot_description/share/tortoisebot_description/models/meshes/lidar_body.stl
[0.349s] -- Up-to-date: /home/user/ros2_ws/install/tortoisebot_description/share/tortoisebot_description/models/meshes/wheel_right.stl
[0.350s] -- Up-to-date: /home/user/ros2_ws/install/tortoisebot_description/share/tortoisebot_description/models/meshes/wheel_left.stl
[0.350s] -- Up-to-date: /home/user/ros2_ws/install/tortoisebot_description/share/tortoisebot_description/rviz
[0.351s] -- Up-to-date: /home/user/ros2_ws/install/tortoisebot_description/share/tortoisebot_description/rviz/tortoisebot_navigation.rviz
[0.351s] -- Up-to-date: /home/user/ros2_ws/install/tortoisebot_description/share/tortoisebot_description/rviz/sensors.rviz
[0.352s] -- Up-to-date: /home/user/ros2_ws/install/tortoisebot_description/share/ament_index/resource_index/package_run_dependencies/tortoisebot_description
[0.353s] -- Up-to-date: /home/user/ros2_ws/install/tortoisebot_description/share/ament_index/resource_index/parent_prefix_path/tortoisebot_description
[0.353s] -- Up-to-date: /home/user/ros2_ws/install/tortoisebot_description/share/tortoisebot_description/environment/ament_prefix_path.sh
[0.353s] -- Up-to-date: /home/user/ros2_ws/install/tortoisebot_description/share/tortoisebot_description/environment/ament_prefix_path.dsv
[0.354s] -- Up-to-date: /home/user/ros2_ws/install/tortoisebot_description/share/tortoisebot_description/environment/path.sh
[0.354s] -- Up-to-date: /home/user/ros2_ws/install/tortoisebot_description/share/tortoisebot_description/environment/path.dsv
[0.354s] -- Up-to-date: /home/user/ros2_ws/install/tortoisebot_description/share/tortoisebot_description/local_setup.bash
[0.354s] -- Up-to-date: /home/user/ros2_ws/install/tortoisebot_description/share/tortoisebot_description/local_setup.sh
[0.355s] -- Up-to-date: /home/user/ros2_ws/install/tortoisebot_description/share/tortoisebot_description/local_setup.zsh
[0.355s] -- Up-to-date: /home/user/ros2_ws/install/tortoisebot_description/share/tortoisebot_description/local_setup.dsv
[0.355s] -- Installing: /home/user/ros2_ws/install/tortoisebot_description/share/tortoisebot_description/package.dsv
[0.355s] -- Up-to-date: /home/user/ros2_ws/install/tortoisebot_description/share/ament_index/resource_index/packages/tortoisebot_description
[0.355s] -- Up-to-date: /home/user/ros2_ws/install/tortoisebot_description/share/tortoisebot_description/cmake/tortoisebot_descriptionConfig.cmake
[0.356s] -- Up-to-date: /home/user/ros2_ws/install/tortoisebot_description/share/tortoisebot_description/cmake/tortoisebot_descriptionConfig-version.cmake
[0.356s] -- Up-to-date: /home/user/ros2_ws/install/tortoisebot_description/share/tortoisebot_description/package.xml
[0.390s] Invoked command in '/home/user/ros2_ws/build/tortoisebot_description' returned '0': CMAKE_PREFIX_PATH=/opt/ros/galactic:${CMAKE_PREFIX_PATH} _=/usr/bin/env /usr/bin/cmake --install /home/user/ros2_ws/build/tortoisebot_description
